[2024-09-30T19:42:56.165+0530] {processor.py:186} INFO - Started process (PID=3262) to work on /home/username/blackstraw/airflow/airflow/dags/data_ingestion_dag.py
[2024-09-30T19:42:56.166+0530] {processor.py:914} INFO - Processing file /home/username/blackstraw/airflow/airflow/dags/data_ingestion_dag.py for tasks to queue
[2024-09-30T19:42:56.168+0530] {logging_mixin.py:190} INFO - [2024-09-30T19:42:56.167+0530] {dagbag.py:588} INFO - Filling up the DagBag from /home/username/blackstraw/airflow/airflow/dags/data_ingestion_dag.py
[2024-09-30T19:42:56.184+0530] {processor.py:925} INFO - DAG(s) 'test_postgres_connection_dag' retrieved from /home/username/blackstraw/airflow/airflow/dags/data_ingestion_dag.py
[2024-09-30T19:42:56.324+0530] {logging_mixin.py:190} INFO - [2024-09-30T19:42:56.324+0530] {dag.py:3239} INFO - Sync 1 DAGs
[2024-09-30T19:42:56.338+0530] {logging_mixin.py:190} INFO - [2024-09-30T19:42:56.338+0530] {dag.py:4180} INFO - Setting next_dagrun for test_postgres_connection_dag to None, run_after=None
[2024-09-30T19:42:56.381+0530] {processor.py:208} INFO - Processing /home/username/blackstraw/airflow/airflow/dags/data_ingestion_dag.py took 0.226 seconds
[2024-09-30T19:43:26.832+0530] {processor.py:186} INFO - Started process (PID=3424) to work on /home/username/blackstraw/airflow/airflow/dags/data_ingestion_dag.py
[2024-09-30T19:43:26.833+0530] {processor.py:914} INFO - Processing file /home/username/blackstraw/airflow/airflow/dags/data_ingestion_dag.py for tasks to queue
[2024-09-30T19:43:26.835+0530] {logging_mixin.py:190} INFO - [2024-09-30T19:43:26.834+0530] {dagbag.py:588} INFO - Filling up the DagBag from /home/username/blackstraw/airflow/airflow/dags/data_ingestion_dag.py
[2024-09-30T19:43:26.847+0530] {processor.py:925} INFO - DAG(s) 'test_postgres_connection_dag' retrieved from /home/username/blackstraw/airflow/airflow/dags/data_ingestion_dag.py
[2024-09-30T19:43:26.881+0530] {logging_mixin.py:190} INFO - [2024-09-30T19:43:26.880+0530] {dag.py:3239} INFO - Sync 1 DAGs
[2024-09-30T19:43:26.898+0530] {logging_mixin.py:190} INFO - [2024-09-30T19:43:26.898+0530] {dag.py:4180} INFO - Setting next_dagrun for test_postgres_connection_dag to None, run_after=None
[2024-09-30T19:43:26.945+0530] {processor.py:208} INFO - Processing /home/username/blackstraw/airflow/airflow/dags/data_ingestion_dag.py took 0.121 seconds
[2024-09-30T19:43:57.317+0530] {processor.py:186} INFO - Started process (PID=3564) to work on /home/username/blackstraw/airflow/airflow/dags/data_ingestion_dag.py
[2024-09-30T19:43:57.319+0530] {processor.py:914} INFO - Processing file /home/username/blackstraw/airflow/airflow/dags/data_ingestion_dag.py for tasks to queue
[2024-09-30T19:43:57.320+0530] {logging_mixin.py:190} INFO - [2024-09-30T19:43:57.320+0530] {dagbag.py:588} INFO - Filling up the DagBag from /home/username/blackstraw/airflow/airflow/dags/data_ingestion_dag.py
[2024-09-30T19:43:57.330+0530] {processor.py:925} INFO - DAG(s) 'test_postgres_connection_dag' retrieved from /home/username/blackstraw/airflow/airflow/dags/data_ingestion_dag.py
[2024-09-30T19:43:57.349+0530] {logging_mixin.py:190} INFO - [2024-09-30T19:43:57.349+0530] {dag.py:3239} INFO - Sync 1 DAGs
[2024-09-30T19:43:57.362+0530] {logging_mixin.py:190} INFO - [2024-09-30T19:43:57.362+0530] {dag.py:4180} INFO - Setting next_dagrun for test_postgres_connection_dag to None, run_after=None
[2024-09-30T19:43:57.405+0530] {processor.py:208} INFO - Processing /home/username/blackstraw/airflow/airflow/dags/data_ingestion_dag.py took 0.095 seconds
[2024-09-30T19:44:27.565+0530] {processor.py:186} INFO - Started process (PID=3694) to work on /home/username/blackstraw/airflow/airflow/dags/data_ingestion_dag.py
[2024-09-30T19:44:27.567+0530] {processor.py:914} INFO - Processing file /home/username/blackstraw/airflow/airflow/dags/data_ingestion_dag.py for tasks to queue
[2024-09-30T19:44:27.569+0530] {logging_mixin.py:190} INFO - [2024-09-30T19:44:27.568+0530] {dagbag.py:588} INFO - Filling up the DagBag from /home/username/blackstraw/airflow/airflow/dags/data_ingestion_dag.py
[2024-09-30T19:44:27.580+0530] {processor.py:925} INFO - DAG(s) 'test_postgres_connection_dag' retrieved from /home/username/blackstraw/airflow/airflow/dags/data_ingestion_dag.py
[2024-09-30T19:44:27.608+0530] {logging_mixin.py:190} INFO - [2024-09-30T19:44:27.607+0530] {dag.py:3239} INFO - Sync 1 DAGs
[2024-09-30T19:44:27.627+0530] {logging_mixin.py:190} INFO - [2024-09-30T19:44:27.626+0530] {dag.py:4180} INFO - Setting next_dagrun for test_postgres_connection_dag to None, run_after=None
[2024-09-30T19:44:27.659+0530] {processor.py:208} INFO - Processing /home/username/blackstraw/airflow/airflow/dags/data_ingestion_dag.py took 0.103 seconds
[2024-09-30T19:44:57.888+0530] {processor.py:186} INFO - Started process (PID=3782) to work on /home/username/blackstraw/airflow/airflow/dags/data_ingestion_dag.py
[2024-09-30T19:44:57.891+0530] {processor.py:914} INFO - Processing file /home/username/blackstraw/airflow/airflow/dags/data_ingestion_dag.py for tasks to queue
[2024-09-30T19:44:57.892+0530] {logging_mixin.py:190} INFO - [2024-09-30T19:44:57.892+0530] {dagbag.py:588} INFO - Filling up the DagBag from /home/username/blackstraw/airflow/airflow/dags/data_ingestion_dag.py
[2024-09-30T19:44:57.903+0530] {processor.py:925} INFO - DAG(s) 'test_postgres_connection_dag' retrieved from /home/username/blackstraw/airflow/airflow/dags/data_ingestion_dag.py
[2024-09-30T19:44:57.925+0530] {logging_mixin.py:190} INFO - [2024-09-30T19:44:57.925+0530] {dag.py:3239} INFO - Sync 1 DAGs
[2024-09-30T19:44:57.940+0530] {logging_mixin.py:190} INFO - [2024-09-30T19:44:57.940+0530] {dag.py:4180} INFO - Setting next_dagrun for test_postgres_connection_dag to None, run_after=None
[2024-09-30T19:44:57.972+0530] {processor.py:208} INFO - Processing /home/username/blackstraw/airflow/airflow/dags/data_ingestion_dag.py took 0.092 seconds
[2024-09-30T19:45:28.086+0530] {processor.py:186} INFO - Started process (PID=3876) to work on /home/username/blackstraw/airflow/airflow/dags/data_ingestion_dag.py
[2024-09-30T19:45:28.087+0530] {processor.py:914} INFO - Processing file /home/username/blackstraw/airflow/airflow/dags/data_ingestion_dag.py for tasks to queue
[2024-09-30T19:45:28.089+0530] {logging_mixin.py:190} INFO - [2024-09-30T19:45:28.088+0530] {dagbag.py:588} INFO - Filling up the DagBag from /home/username/blackstraw/airflow/airflow/dags/data_ingestion_dag.py
[2024-09-30T19:45:28.099+0530] {processor.py:925} INFO - DAG(s) 'test_postgres_connection_dag' retrieved from /home/username/blackstraw/airflow/airflow/dags/data_ingestion_dag.py
[2024-09-30T19:45:28.120+0530] {logging_mixin.py:190} INFO - [2024-09-30T19:45:28.120+0530] {dag.py:3239} INFO - Sync 1 DAGs
[2024-09-30T19:45:28.132+0530] {logging_mixin.py:190} INFO - [2024-09-30T19:45:28.132+0530] {dag.py:4180} INFO - Setting next_dagrun for test_postgres_connection_dag to None, run_after=None
[2024-09-30T19:45:28.167+0530] {processor.py:208} INFO - Processing /home/username/blackstraw/airflow/airflow/dags/data_ingestion_dag.py took 0.089 seconds
[2024-09-30T19:45:58.303+0530] {processor.py:186} INFO - Started process (PID=3964) to work on /home/username/blackstraw/airflow/airflow/dags/data_ingestion_dag.py
[2024-09-30T19:45:58.305+0530] {processor.py:914} INFO - Processing file /home/username/blackstraw/airflow/airflow/dags/data_ingestion_dag.py for tasks to queue
[2024-09-30T19:45:58.307+0530] {logging_mixin.py:190} INFO - [2024-09-30T19:45:58.307+0530] {dagbag.py:588} INFO - Filling up the DagBag from /home/username/blackstraw/airflow/airflow/dags/data_ingestion_dag.py
[2024-09-30T19:45:58.319+0530] {processor.py:925} INFO - DAG(s) 'test_postgres_connection_dag' retrieved from /home/username/blackstraw/airflow/airflow/dags/data_ingestion_dag.py
[2024-09-30T19:45:58.344+0530] {logging_mixin.py:190} INFO - [2024-09-30T19:45:58.344+0530] {dag.py:3239} INFO - Sync 1 DAGs
[2024-09-30T19:45:58.358+0530] {logging_mixin.py:190} INFO - [2024-09-30T19:45:58.358+0530] {dag.py:4180} INFO - Setting next_dagrun for test_postgres_connection_dag to None, run_after=None
[2024-09-30T19:45:58.388+0530] {processor.py:208} INFO - Processing /home/username/blackstraw/airflow/airflow/dags/data_ingestion_dag.py took 0.095 seconds
[2024-09-30T19:46:28.505+0530] {processor.py:186} INFO - Started process (PID=4054) to work on /home/username/blackstraw/airflow/airflow/dags/data_ingestion_dag.py
[2024-09-30T19:46:28.507+0530] {processor.py:914} INFO - Processing file /home/username/blackstraw/airflow/airflow/dags/data_ingestion_dag.py for tasks to queue
[2024-09-30T19:46:28.510+0530] {logging_mixin.py:190} INFO - [2024-09-30T19:46:28.509+0530] {dagbag.py:588} INFO - Filling up the DagBag from /home/username/blackstraw/airflow/airflow/dags/data_ingestion_dag.py
[2024-09-30T19:46:28.524+0530] {processor.py:925} INFO - DAG(s) 'test_postgres_connection_dag' retrieved from /home/username/blackstraw/airflow/airflow/dags/data_ingestion_dag.py
[2024-09-30T19:46:28.546+0530] {logging_mixin.py:190} INFO - [2024-09-30T19:46:28.546+0530] {dag.py:3239} INFO - Sync 1 DAGs
[2024-09-30T19:46:28.562+0530] {logging_mixin.py:190} INFO - [2024-09-30T19:46:28.562+0530] {dag.py:4180} INFO - Setting next_dagrun for test_postgres_connection_dag to None, run_after=None
[2024-09-30T19:46:28.597+0530] {processor.py:208} INFO - Processing /home/username/blackstraw/airflow/airflow/dags/data_ingestion_dag.py took 0.104 seconds
[2024-09-30T19:46:58.803+0530] {processor.py:186} INFO - Started process (PID=4148) to work on /home/username/blackstraw/airflow/airflow/dags/data_ingestion_dag.py
[2024-09-30T19:46:58.806+0530] {processor.py:914} INFO - Processing file /home/username/blackstraw/airflow/airflow/dags/data_ingestion_dag.py for tasks to queue
[2024-09-30T19:46:58.809+0530] {logging_mixin.py:190} INFO - [2024-09-30T19:46:58.809+0530] {dagbag.py:588} INFO - Filling up the DagBag from /home/username/blackstraw/airflow/airflow/dags/data_ingestion_dag.py
[2024-09-30T19:46:58.824+0530] {processor.py:925} INFO - DAG(s) 'test_postgres_connection_dag' retrieved from /home/username/blackstraw/airflow/airflow/dags/data_ingestion_dag.py
[2024-09-30T19:46:58.852+0530] {logging_mixin.py:190} INFO - [2024-09-30T19:46:58.851+0530] {dag.py:3239} INFO - Sync 1 DAGs
[2024-09-30T19:46:58.866+0530] {logging_mixin.py:190} INFO - [2024-09-30T19:46:58.866+0530] {dag.py:4180} INFO - Setting next_dagrun for test_postgres_connection_dag to None, run_after=None
[2024-09-30T19:46:58.909+0530] {processor.py:208} INFO - Processing /home/username/blackstraw/airflow/airflow/dags/data_ingestion_dag.py took 0.118 seconds
[2024-09-30T19:47:29.135+0530] {processor.py:186} INFO - Started process (PID=4271) to work on /home/username/blackstraw/airflow/airflow/dags/data_ingestion_dag.py
[2024-09-30T19:47:29.137+0530] {processor.py:914} INFO - Processing file /home/username/blackstraw/airflow/airflow/dags/data_ingestion_dag.py for tasks to queue
[2024-09-30T19:47:29.140+0530] {logging_mixin.py:190} INFO - [2024-09-30T19:47:29.139+0530] {dagbag.py:588} INFO - Filling up the DagBag from /home/username/blackstraw/airflow/airflow/dags/data_ingestion_dag.py
[2024-09-30T19:47:29.157+0530] {processor.py:925} INFO - DAG(s) 'test_postgres_connection_dag' retrieved from /home/username/blackstraw/airflow/airflow/dags/data_ingestion_dag.py
[2024-09-30T19:47:29.180+0530] {logging_mixin.py:190} INFO - [2024-09-30T19:47:29.180+0530] {dag.py:3239} INFO - Sync 1 DAGs
[2024-09-30T19:47:29.192+0530] {logging_mixin.py:190} INFO - [2024-09-30T19:47:29.192+0530] {dag.py:4180} INFO - Setting next_dagrun for test_postgres_connection_dag to None, run_after=None
[2024-09-30T19:47:29.228+0530] {processor.py:208} INFO - Processing /home/username/blackstraw/airflow/airflow/dags/data_ingestion_dag.py took 0.106 seconds
[2024-09-30T19:47:59.475+0530] {processor.py:186} INFO - Started process (PID=4413) to work on /home/username/blackstraw/airflow/airflow/dags/data_ingestion_dag.py
[2024-09-30T19:47:59.478+0530] {processor.py:914} INFO - Processing file /home/username/blackstraw/airflow/airflow/dags/data_ingestion_dag.py for tasks to queue
[2024-09-30T19:47:59.480+0530] {logging_mixin.py:190} INFO - [2024-09-30T19:47:59.480+0530] {dagbag.py:588} INFO - Filling up the DagBag from /home/username/blackstraw/airflow/airflow/dags/data_ingestion_dag.py
[2024-09-30T19:47:59.499+0530] {processor.py:925} INFO - DAG(s) 'test_postgres_connection_dag' retrieved from /home/username/blackstraw/airflow/airflow/dags/data_ingestion_dag.py
[2024-09-30T19:47:59.527+0530] {logging_mixin.py:190} INFO - [2024-09-30T19:47:59.527+0530] {dag.py:3239} INFO - Sync 1 DAGs
[2024-09-30T19:47:59.540+0530] {logging_mixin.py:190} INFO - [2024-09-30T19:47:59.539+0530] {dag.py:4180} INFO - Setting next_dagrun for test_postgres_connection_dag to None, run_after=None
[2024-09-30T19:47:59.716+0530] {processor.py:208} INFO - Processing /home/username/blackstraw/airflow/airflow/dags/data_ingestion_dag.py took 0.253 seconds
[2024-09-30T19:48:29.868+0530] {processor.py:186} INFO - Started process (PID=4552) to work on /home/username/blackstraw/airflow/airflow/dags/data_ingestion_dag.py
[2024-09-30T19:48:29.869+0530] {processor.py:914} INFO - Processing file /home/username/blackstraw/airflow/airflow/dags/data_ingestion_dag.py for tasks to queue
[2024-09-30T19:48:29.870+0530] {logging_mixin.py:190} INFO - [2024-09-30T19:48:29.869+0530] {dagbag.py:588} INFO - Filling up the DagBag from /home/username/blackstraw/airflow/airflow/dags/data_ingestion_dag.py
[2024-09-30T19:48:29.879+0530] {processor.py:925} INFO - DAG(s) 'test_postgres_connection_dag' retrieved from /home/username/blackstraw/airflow/airflow/dags/data_ingestion_dag.py
[2024-09-30T19:48:29.898+0530] {logging_mixin.py:190} INFO - [2024-09-30T19:48:29.897+0530] {dag.py:3239} INFO - Sync 1 DAGs
[2024-09-30T19:48:29.910+0530] {logging_mixin.py:190} INFO - [2024-09-30T19:48:29.909+0530] {dag.py:4180} INFO - Setting next_dagrun for test_postgres_connection_dag to None, run_after=None
[2024-09-30T19:48:30.051+0530] {processor.py:208} INFO - Processing /home/username/blackstraw/airflow/airflow/dags/data_ingestion_dag.py took 0.190 seconds
[2024-09-30T19:49:00.171+0530] {processor.py:186} INFO - Started process (PID=4682) to work on /home/username/blackstraw/airflow/airflow/dags/data_ingestion_dag.py
[2024-09-30T19:49:00.174+0530] {processor.py:914} INFO - Processing file /home/username/blackstraw/airflow/airflow/dags/data_ingestion_dag.py for tasks to queue
[2024-09-30T19:49:00.177+0530] {logging_mixin.py:190} INFO - [2024-09-30T19:49:00.176+0530] {dagbag.py:588} INFO - Filling up the DagBag from /home/username/blackstraw/airflow/airflow/dags/data_ingestion_dag.py
[2024-09-30T19:49:00.191+0530] {processor.py:925} INFO - DAG(s) 'test_postgres_connection_dag' retrieved from /home/username/blackstraw/airflow/airflow/dags/data_ingestion_dag.py
[2024-09-30T19:49:00.211+0530] {logging_mixin.py:190} INFO - [2024-09-30T19:49:00.211+0530] {dag.py:3239} INFO - Sync 1 DAGs
[2024-09-30T19:49:00.325+0530] {logging_mixin.py:190} INFO - [2024-09-30T19:49:00.325+0530] {dag.py:4180} INFO - Setting next_dagrun for test_postgres_connection_dag to None, run_after=None
[2024-09-30T19:49:00.353+0530] {processor.py:208} INFO - Processing /home/username/blackstraw/airflow/airflow/dags/data_ingestion_dag.py took 0.194 seconds
[2024-09-30T19:49:30.544+0530] {processor.py:186} INFO - Started process (PID=4812) to work on /home/username/blackstraw/airflow/airflow/dags/data_ingestion_dag.py
[2024-09-30T19:49:30.546+0530] {processor.py:914} INFO - Processing file /home/username/blackstraw/airflow/airflow/dags/data_ingestion_dag.py for tasks to queue
[2024-09-30T19:49:30.548+0530] {logging_mixin.py:190} INFO - [2024-09-30T19:49:30.547+0530] {dagbag.py:588} INFO - Filling up the DagBag from /home/username/blackstraw/airflow/airflow/dags/data_ingestion_dag.py
[2024-09-30T19:49:30.560+0530] {processor.py:925} INFO - DAG(s) 'test_postgres_connection_dag' retrieved from /home/username/blackstraw/airflow/airflow/dags/data_ingestion_dag.py
[2024-09-30T19:49:30.581+0530] {logging_mixin.py:190} INFO - [2024-09-30T19:49:30.581+0530] {dag.py:3239} INFO - Sync 1 DAGs
[2024-09-30T19:49:30.711+0530] {logging_mixin.py:190} INFO - [2024-09-30T19:49:30.711+0530] {dag.py:4180} INFO - Setting next_dagrun for test_postgres_connection_dag to None, run_after=None
[2024-09-30T19:49:30.751+0530] {processor.py:208} INFO - Processing /home/username/blackstraw/airflow/airflow/dags/data_ingestion_dag.py took 0.225 seconds
[2024-09-30T19:50:00.966+0530] {processor.py:186} INFO - Started process (PID=4949) to work on /home/username/blackstraw/airflow/airflow/dags/data_ingestion_dag.py
[2024-09-30T19:50:00.969+0530] {processor.py:914} INFO - Processing file /home/username/blackstraw/airflow/airflow/dags/data_ingestion_dag.py for tasks to queue
[2024-09-30T19:50:00.971+0530] {logging_mixin.py:190} INFO - [2024-09-30T19:50:00.970+0530] {dagbag.py:588} INFO - Filling up the DagBag from /home/username/blackstraw/airflow/airflow/dags/data_ingestion_dag.py
[2024-09-30T19:50:00.988+0530] {processor.py:925} INFO - DAG(s) 'test_postgres_connection_dag' retrieved from /home/username/blackstraw/airflow/airflow/dags/data_ingestion_dag.py
[2024-09-30T19:50:01.125+0530] {logging_mixin.py:190} INFO - [2024-09-30T19:50:01.125+0530] {dag.py:3239} INFO - Sync 1 DAGs
[2024-09-30T19:50:01.138+0530] {logging_mixin.py:190} INFO - [2024-09-30T19:50:01.138+0530] {dag.py:4180} INFO - Setting next_dagrun for test_postgres_connection_dag to None, run_after=None
[2024-09-30T19:50:01.178+0530] {processor.py:208} INFO - Processing /home/username/blackstraw/airflow/airflow/dags/data_ingestion_dag.py took 0.226 seconds
[2024-09-30T19:50:31.412+0530] {processor.py:186} INFO - Started process (PID=5085) to work on /home/username/blackstraw/airflow/airflow/dags/data_ingestion_dag.py
[2024-09-30T19:50:31.414+0530] {processor.py:914} INFO - Processing file /home/username/blackstraw/airflow/airflow/dags/data_ingestion_dag.py for tasks to queue
[2024-09-30T19:50:31.416+0530] {logging_mixin.py:190} INFO - [2024-09-30T19:50:31.415+0530] {dagbag.py:588} INFO - Filling up the DagBag from /home/username/blackstraw/airflow/airflow/dags/data_ingestion_dag.py
[2024-09-30T19:50:31.435+0530] {processor.py:925} INFO - DAG(s) 'test_postgres_connection_dag' retrieved from /home/username/blackstraw/airflow/airflow/dags/data_ingestion_dag.py
[2024-09-30T19:50:31.589+0530] {logging_mixin.py:190} INFO - [2024-09-30T19:50:31.589+0530] {dag.py:3239} INFO - Sync 1 DAGs
[2024-09-30T19:50:31.600+0530] {logging_mixin.py:190} INFO - [2024-09-30T19:50:31.600+0530] {dag.py:4180} INFO - Setting next_dagrun for test_postgres_connection_dag to None, run_after=None
[2024-09-30T19:50:31.635+0530] {processor.py:208} INFO - Processing /home/username/blackstraw/airflow/airflow/dags/data_ingestion_dag.py took 0.233 seconds
[2024-09-30T19:51:01.934+0530] {processor.py:186} INFO - Started process (PID=5225) to work on /home/username/blackstraw/airflow/airflow/dags/data_ingestion_dag.py
[2024-09-30T19:51:01.937+0530] {processor.py:914} INFO - Processing file /home/username/blackstraw/airflow/airflow/dags/data_ingestion_dag.py for tasks to queue
[2024-09-30T19:51:01.940+0530] {logging_mixin.py:190} INFO - [2024-09-30T19:51:01.939+0530] {dagbag.py:588} INFO - Filling up the DagBag from /home/username/blackstraw/airflow/airflow/dags/data_ingestion_dag.py
[2024-09-30T19:51:01.960+0530] {processor.py:925} INFO - DAG(s) 'test_postgres_connection_dag' retrieved from /home/username/blackstraw/airflow/airflow/dags/data_ingestion_dag.py
[2024-09-30T19:51:01.987+0530] {logging_mixin.py:190} INFO - [2024-09-30T19:51:01.986+0530] {dag.py:3239} INFO - Sync 1 DAGs
[2024-09-30T19:51:02.002+0530] {logging_mixin.py:190} INFO - [2024-09-30T19:51:02.001+0530] {dag.py:4180} INFO - Setting next_dagrun for test_postgres_connection_dag to None, run_after=None
[2024-09-30T19:51:02.042+0530] {processor.py:208} INFO - Processing /home/username/blackstraw/airflow/airflow/dags/data_ingestion_dag.py took 0.120 seconds
[2024-09-30T19:51:32.269+0530] {processor.py:186} INFO - Started process (PID=5355) to work on /home/username/blackstraw/airflow/airflow/dags/data_ingestion_dag.py
[2024-09-30T19:51:32.270+0530] {processor.py:914} INFO - Processing file /home/username/blackstraw/airflow/airflow/dags/data_ingestion_dag.py for tasks to queue
[2024-09-30T19:51:32.273+0530] {logging_mixin.py:190} INFO - [2024-09-30T19:51:32.272+0530] {dagbag.py:588} INFO - Filling up the DagBag from /home/username/blackstraw/airflow/airflow/dags/data_ingestion_dag.py
[2024-09-30T19:51:32.289+0530] {processor.py:925} INFO - DAG(s) 'test_postgres_connection_dag' retrieved from /home/username/blackstraw/airflow/airflow/dags/data_ingestion_dag.py
[2024-09-30T19:51:32.317+0530] {logging_mixin.py:190} INFO - [2024-09-30T19:51:32.317+0530] {dag.py:3239} INFO - Sync 1 DAGs
[2024-09-30T19:51:32.334+0530] {logging_mixin.py:190} INFO - [2024-09-30T19:51:32.333+0530] {dag.py:4180} INFO - Setting next_dagrun for test_postgres_connection_dag to None, run_after=None
[2024-09-30T19:51:32.373+0530] {processor.py:208} INFO - Processing /home/username/blackstraw/airflow/airflow/dags/data_ingestion_dag.py took 0.115 seconds
