[2024-10-03T10:45:16.895+0530] {manager.py:483} INFO - Processing files using up to 1 processes at a time 
[2024-10-03T10:45:16.896+0530] {manager.py:484} INFO - Process each file at most once every 30 seconds
[2024-10-03T10:45:16.896+0530] {manager.py:485} INFO - Checking for new files in /home/username/blackstraw/airflow/airflow/dags every 300 seconds
[2024-10-03T10:45:16.896+0530] {manager.py:821} INFO - Searching for files in /home/username/blackstraw/airflow/airflow/dags
[2024-10-03T10:45:16.897+0530] {manager.py:824} INFO - There are 1 files in /home/username/blackstraw/airflow/airflow/dags
[2024-10-03T10:45:19.108+0530] {manager.py:997} INFO - 
================================================================================
DAG File Processing Stats

File Path                                                             PID    Runtime      # DAGs    # Errors  Last Runtime    Last Run               Last # of DB Queries
--------------------------------------------------------------------  -----  ---------  --------  ----------  --------------  -------------------  ----------------------
/home/username/blackstraw/airflow/airflow/dags/data_ingestion_dag.py                           1           0  2.11s           2024-10-03T05:15:19                      10
================================================================================
[2024-10-03T10:45:51.331+0530] {manager.py:997} INFO - 
================================================================================
DAG File Processing Stats

File Path                                                             PID    Runtime      # DAGs    # Errors  Last Runtime    Last Run               Last # of DB Queries
--------------------------------------------------------------------  -----  ---------  --------  ----------  --------------  -------------------  ----------------------
/home/username/blackstraw/airflow/airflow/dags/data_ingestion_dag.py                           1           0  1.91s           2024-10-03T05:15:51                      10
================================================================================
[2024-10-03T10:46:24.571+0530] {manager.py:997} INFO - 
================================================================================
DAG File Processing Stats

File Path                                                             PID    Runtime      # DAGs    # Errors  Last Runtime    Last Run               Last # of DB Queries
--------------------------------------------------------------------  -----  ---------  --------  ----------  --------------  -------------------  ----------------------
/home/username/blackstraw/airflow/airflow/dags/data_ingestion_dag.py                           1           0  2.52s           2024-10-03T05:16:24                      10
================================================================================
[2024-10-03T10:46:58.315+0530] {manager.py:997} INFO - 
================================================================================
DAG File Processing Stats

File Path                                                             PID    Runtime      # DAGs    # Errors  Last Runtime    Last Run               Last # of DB Queries
--------------------------------------------------------------------  -----  ---------  --------  ----------  --------------  -------------------  ----------------------
/home/username/blackstraw/airflow/airflow/dags/data_ingestion_dag.py                           1           0  2.02s           2024-10-03T05:16:58                      10
================================================================================
[2024-10-03T10:48:25.505+0530] {manager.py:465} INFO - Exiting gracefully upon receiving signal 15
[2024-10-03T16:50:16.649+0530] {manager.py:483} INFO - Processing files using up to 1 processes at a time 
[2024-10-03T16:50:16.650+0530] {manager.py:484} INFO - Process each file at most once every 30 seconds
[2024-10-03T16:50:16.650+0530] {manager.py:485} INFO - Checking for new files in /home/username/blackstraw/airflow/airflow/dags every 300 seconds
[2024-10-03T16:50:16.651+0530] {manager.py:821} INFO - Searching for files in /home/username/blackstraw/airflow/airflow/dags
[2024-10-03T16:50:16.652+0530] {manager.py:824} INFO - There are 1 files in /home/username/blackstraw/airflow/airflow/dags
[2024-10-03T16:50:18.614+0530] {manager.py:997} INFO - 
================================================================================
DAG File Processing Stats

File Path                                                             PID    Runtime      # DAGs    # Errors  Last Runtime    Last Run               Last # of DB Queries
--------------------------------------------------------------------  -----  ---------  --------  ----------  --------------  -------------------  ----------------------
/home/username/blackstraw/airflow/airflow/dags/data_ingestion_dag.py                           1           0  1.91s           2024-10-03T11:20:18                      10
================================================================================
[2024-10-03T16:52:40.850+0530] {manager.py:465} INFO - Exiting gracefully upon receiving signal 15
[2024-10-03T16:52:41.039+0530] {manager.py:483} INFO - Processing files using up to 1 processes at a time 
[2024-10-03T16:52:41.041+0530] {manager.py:484} INFO - Process each file at most once every 30 seconds
[2024-10-03T16:52:41.041+0530] {manager.py:485} INFO - Checking for new files in /home/username/blackstraw/airflow/airflow/dags every 300 seconds
[2024-10-03T16:52:41.042+0530] {manager.py:821} INFO - Searching for files in /home/username/blackstraw/airflow/airflow/dags
[2024-10-03T16:52:41.046+0530] {manager.py:824} INFO - There are 1 files in /home/username/blackstraw/airflow/airflow/dags
[2024-10-03T16:52:43.031+0530] {manager.py:997} INFO - 
================================================================================
DAG File Processing Stats

File Path                                                             PID    Runtime      # DAGs    # Errors  Last Runtime    Last Run               Last # of DB Queries
--------------------------------------------------------------------  -----  ---------  --------  ----------  --------------  -------------------  ----------------------
/home/username/blackstraw/airflow/airflow/dags/data_ingestion_dag.py                           1           0  1.91s           2024-10-03T11:22:43                      10
================================================================================
[2024-10-03T16:53:15.377+0530] {manager.py:997} INFO - 
================================================================================
DAG File Processing Stats

File Path                                                             PID    Runtime      # DAGs    # Errors  Last Runtime    Last Run               Last # of DB Queries
--------------------------------------------------------------------  -----  ---------  --------  ----------  --------------  -------------------  ----------------------
/home/username/blackstraw/airflow/airflow/dags/data_ingestion_dag.py                           1           0  1.91s           2024-10-03T11:23:15                      10
================================================================================
[2024-10-03T16:53:48.242+0530] {manager.py:997} INFO - 
================================================================================
DAG File Processing Stats

File Path                                                             PID    Runtime      # DAGs    # Errors  Last Runtime    Last Run               Last # of DB Queries
--------------------------------------------------------------------  -----  ---------  --------  ----------  --------------  -------------------  ----------------------
/home/username/blackstraw/airflow/airflow/dags/data_ingestion_dag.py                           1           0  2.41s           2024-10-03T11:23:48                      10
================================================================================
[2024-10-03T16:54:20.356+0530] {manager.py:997} INFO - 
================================================================================
DAG File Processing Stats

File Path                                                             PID    Runtime      # DAGs    # Errors  Last Runtime    Last Run               Last # of DB Queries
--------------------------------------------------------------------  -----  ---------  --------  ----------  --------------  -------------------  ----------------------
/home/username/blackstraw/airflow/airflow/dags/data_ingestion_dag.py                           1           0  1.81s           2024-10-03T11:24:20                      10
================================================================================
[2024-10-03T16:54:53.384+0530] {manager.py:997} INFO - 
================================================================================
DAG File Processing Stats

File Path                                                             PID    Runtime      # DAGs    # Errors  Last Runtime    Last Run               Last # of DB Queries
--------------------------------------------------------------------  -----  ---------  --------  ----------  --------------  -------------------  ----------------------
/home/username/blackstraw/airflow/airflow/dags/data_ingestion_dag.py                           1           0  2.71s           2024-10-03T11:24:53                      10
================================================================================
[2024-10-03T16:55:25.771+0530] {manager.py:997} INFO - 
================================================================================
DAG File Processing Stats

File Path                                                             PID    Runtime      # DAGs    # Errors  Last Runtime    Last Run               Last # of DB Queries
--------------------------------------------------------------------  -----  ---------  --------  ----------  --------------  -------------------  ----------------------
/home/username/blackstraw/airflow/airflow/dags/data_ingestion_dag.py                           1           0  2.21s           2024-10-03T11:25:25                      10
================================================================================
[2024-10-03T16:55:58.003+0530] {manager.py:997} INFO - 
================================================================================
DAG File Processing Stats

File Path                                                             PID    Runtime      # DAGs    # Errors  Last Runtime    Last Run               Last # of DB Queries
--------------------------------------------------------------------  -----  ---------  --------  ----------  --------------  -------------------  ----------------------
/home/username/blackstraw/airflow/airflow/dags/data_ingestion_dag.py                           1           0  2.11s           2024-10-03T11:25:58                      10
================================================================================
[2024-10-03T16:56:30.619+0530] {manager.py:997} INFO - 
================================================================================
DAG File Processing Stats

File Path                                                             PID    Runtime      # DAGs    # Errors  Last Runtime    Last Run               Last # of DB Queries
--------------------------------------------------------------------  -----  ---------  --------  ----------  --------------  -------------------  ----------------------
/home/username/blackstraw/airflow/airflow/dags/data_ingestion_dag.py                           1           0  2.52s           2024-10-03T11:26:30                      10
================================================================================
[2024-10-03T16:57:02.630+0530] {manager.py:997} INFO - 
================================================================================
DAG File Processing Stats

File Path                                                             PID    Runtime      # DAGs    # Errors  Last Runtime    Last Run               Last # of DB Queries
--------------------------------------------------------------------  -----  ---------  --------  ----------  --------------  -------------------  ----------------------
/home/username/blackstraw/airflow/airflow/dags/data_ingestion_dag.py                           1           0  1.91s           2024-10-03T11:27:02                      10
================================================================================
[2024-10-03T16:57:34.443+0530] {manager.py:997} INFO - 
================================================================================
DAG File Processing Stats

File Path                                                             PID    Runtime      # DAGs    # Errors  Last Runtime    Last Run               Last # of DB Queries
--------------------------------------------------------------------  -----  ---------  --------  ----------  --------------  -------------------  ----------------------
/home/username/blackstraw/airflow/airflow/dags/data_ingestion_dag.py                           1           0  1.71s           2024-10-03T11:27:34                      10
================================================================================
[2024-10-03T16:57:41.241+0530] {manager.py:821} INFO - Searching for files in /home/username/blackstraw/airflow/airflow/dags
[2024-10-03T16:57:41.242+0530] {manager.py:824} INFO - There are 1 files in /home/username/blackstraw/airflow/airflow/dags
[2024-10-03T16:58:06.634+0530] {manager.py:997} INFO - 
================================================================================
DAG File Processing Stats

File Path                                                             PID    Runtime      # DAGs    # Errors  Last Runtime    Last Run               Last # of DB Queries
--------------------------------------------------------------------  -----  ---------  --------  ----------  --------------  -------------------  ----------------------
/home/username/blackstraw/airflow/airflow/dags/data_ingestion_dag.py                           1           0  2.11s           2024-10-03T11:28:06                      10
================================================================================
[2024-10-03T16:58:09.249+0530] {manager.py:465} INFO - Exiting gracefully upon receiving signal 15
[2024-10-03T16:58:44.878+0530] {manager.py:483} INFO - Processing files using up to 1 processes at a time 
[2024-10-03T16:58:44.878+0530] {manager.py:484} INFO - Process each file at most once every 30 seconds
[2024-10-03T16:58:44.879+0530] {manager.py:485} INFO - Checking for new files in /home/username/blackstraw/airflow/airflow/dags every 300 seconds
[2024-10-03T16:58:44.879+0530] {manager.py:821} INFO - Searching for files in /home/username/blackstraw/airflow/airflow/dags
[2024-10-03T16:58:44.881+0530] {manager.py:824} INFO - There are 1 files in /home/username/blackstraw/airflow/airflow/dags
[2024-10-03T16:58:46.842+0530] {manager.py:997} INFO - 
================================================================================
DAG File Processing Stats

File Path                                                             PID    Runtime      # DAGs    # Errors  Last Runtime    Last Run               Last # of DB Queries
--------------------------------------------------------------------  -----  ---------  --------  ----------  --------------  -------------------  ----------------------
/home/username/blackstraw/airflow/airflow/dags/data_ingestion_dag.py                           1           0  1.91s           2024-10-03T11:28:46                      10
================================================================================
[2024-10-03T16:59:19.096+0530] {manager.py:997} INFO - 
================================================================================
DAG File Processing Stats

File Path                                                             PID    Runtime      # DAGs    # Errors  Last Runtime    Last Run               Last # of DB Queries
--------------------------------------------------------------------  -----  ---------  --------  ----------  --------------  -------------------  ----------------------
/home/username/blackstraw/airflow/airflow/dags/data_ingestion_dag.py                           1           0  1.81s           2024-10-03T11:29:19                      10
================================================================================
[2024-10-03T16:59:51.569+0530] {manager.py:997} INFO - 
================================================================================
DAG File Processing Stats

File Path                                                             PID    Runtime      # DAGs    # Errors  Last Runtime    Last Run               Last # of DB Queries
--------------------------------------------------------------------  -----  ---------  --------  ----------  --------------  -------------------  ----------------------
/home/username/blackstraw/airflow/airflow/dags/data_ingestion_dag.py                           1           0  1.81s           2024-10-03T11:29:51                      10
================================================================================
[2024-10-03T17:00:24.271+0530] {manager.py:997} INFO - 
================================================================================
DAG File Processing Stats

File Path                                                             PID    Runtime      # DAGs    # Errors  Last Runtime    Last Run               Last # of DB Queries
--------------------------------------------------------------------  -----  ---------  --------  ----------  --------------  -------------------  ----------------------
/home/username/blackstraw/airflow/airflow/dags/data_ingestion_dag.py                           1           0  2.31s           2024-10-03T11:30:24                      10
================================================================================
[2024-10-03T17:00:54.597+0530] {manager.py:997} INFO - 
================================================================================
DAG File Processing Stats

File Path                                                             PID    Runtime      # DAGs    # Errors  Last Runtime    Last Run               Last # of DB Queries
--------------------------------------------------------------------  -----  ---------  --------  ----------  --------------  -------------------  ----------------------
/home/username/blackstraw/airflow/airflow/dags/data_ingestion_dag.py                           1           0  1.81s           2024-10-03T11:30:44                      10
================================================================================
[2024-10-03T17:00:59.363+0530] {manager.py:465} INFO - Exiting gracefully upon receiving signal 15
[2024-10-03T17:01:14.982+0530] {manager.py:483} INFO - Processing files using up to 1 processes at a time 
[2024-10-03T17:01:14.983+0530] {manager.py:484} INFO - Process each file at most once every 30 seconds
[2024-10-03T17:01:14.983+0530] {manager.py:485} INFO - Checking for new files in /home/username/blackstraw/airflow/airflow/dags every 300 seconds
[2024-10-03T17:01:14.983+0530] {manager.py:821} INFO - Searching for files in /home/username/blackstraw/airflow/airflow/dags
[2024-10-03T17:01:14.984+0530] {manager.py:824} INFO - There are 1 files in /home/username/blackstraw/airflow/airflow/dags
[2024-10-03T17:01:16.946+0530] {manager.py:997} INFO - 
================================================================================
DAG File Processing Stats

File Path                                                             PID    Runtime      # DAGs    # Errors  Last Runtime    Last Run               Last # of DB Queries
--------------------------------------------------------------------  -----  ---------  --------  ----------  --------------  -------------------  ----------------------
/home/username/blackstraw/airflow/airflow/dags/data_ingestion_dag.py                           1           0  1.91s           2024-10-03T11:31:16                      10
================================================================================
[2024-10-03T17:01:49.042+0530] {manager.py:997} INFO - 
================================================================================
DAG File Processing Stats

File Path                                                             PID    Runtime      # DAGs    # Errors  Last Runtime    Last Run               Last # of DB Queries
--------------------------------------------------------------------  -----  ---------  --------  ----------  --------------  -------------------  ----------------------
/home/username/blackstraw/airflow/airflow/dags/data_ingestion_dag.py                           1           0  1.71s           2024-10-03T11:31:49                      10
================================================================================
[2024-10-03T17:02:21.741+0530] {manager.py:997} INFO - 
================================================================================
DAG File Processing Stats

File Path                                                             PID    Runtime      # DAGs    # Errors  Last Runtime    Last Run               Last # of DB Queries
--------------------------------------------------------------------  -----  ---------  --------  ----------  --------------  -------------------  ----------------------
/home/username/blackstraw/airflow/airflow/dags/data_ingestion_dag.py                           1           0  1.91s           2024-10-03T11:32:21                      10
================================================================================
[2024-10-03T17:02:55.581+0530] {manager.py:997} INFO - 
================================================================================
DAG File Processing Stats

File Path                                                             PID    Runtime      # DAGs    # Errors  Last Runtime    Last Run               Last # of DB Queries
--------------------------------------------------------------------  -----  ---------  --------  ----------  --------------  -------------------  ----------------------
/home/username/blackstraw/airflow/airflow/dags/data_ingestion_dag.py                           1           0  1.81s           2024-10-03T11:32:55                      10
================================================================================
[2024-10-03T17:03:27.494+0530] {manager.py:997} INFO - 
================================================================================
DAG File Processing Stats

File Path                                                             PID    Runtime      # DAGs    # Errors  Last Runtime    Last Run               Last # of DB Queries
--------------------------------------------------------------------  -----  ---------  --------  ----------  --------------  -------------------  ----------------------
/home/username/blackstraw/airflow/airflow/dags/data_ingestion_dag.py                           1           0  1.91s           2024-10-03T11:33:27                      10
================================================================================
[2024-10-03T17:03:59.509+0530] {manager.py:997} INFO - 
================================================================================
DAG File Processing Stats

File Path                                                             PID    Runtime      # DAGs    # Errors  Last Runtime    Last Run               Last # of DB Queries
--------------------------------------------------------------------  -----  ---------  --------  ----------  --------------  -------------------  ----------------------
/home/username/blackstraw/airflow/airflow/dags/data_ingestion_dag.py                           1           0  1.91s           2024-10-03T11:33:59                      10
================================================================================
[2024-10-03T17:04:31.623+0530] {manager.py:997} INFO - 
================================================================================
DAG File Processing Stats

File Path                                                             PID    Runtime      # DAGs    # Errors  Last Runtime    Last Run               Last # of DB Queries
--------------------------------------------------------------------  -----  ---------  --------  ----------  --------------  -------------------  ----------------------
/home/username/blackstraw/airflow/airflow/dags/data_ingestion_dag.py                           1           0  2.01s           2024-10-03T11:34:31                      10
================================================================================
[2024-10-03T17:05:03.835+0530] {manager.py:997} INFO - 
================================================================================
DAG File Processing Stats

File Path                                                             PID    Runtime      # DAGs    # Errors  Last Runtime    Last Run               Last # of DB Queries
--------------------------------------------------------------------  -----  ---------  --------  ----------  --------------  -------------------  ----------------------
/home/username/blackstraw/airflow/airflow/dags/data_ingestion_dag.py                           1           0  2.11s           2024-10-03T11:35:03                      10
================================================================================
[2024-10-03T17:05:35.885+0530] {manager.py:997} INFO - 
================================================================================
DAG File Processing Stats

File Path                                                             PID    Runtime      # DAGs    # Errors  Last Runtime    Last Run               Last # of DB Queries
--------------------------------------------------------------------  -----  ---------  --------  ----------  --------------  -------------------  ----------------------
/home/username/blackstraw/airflow/airflow/dags/data_ingestion_dag.py                           1           0  1.91s           2024-10-03T11:35:35                      10
================================================================================
[2024-10-03T17:06:07.787+0530] {manager.py:997} INFO - 
================================================================================
DAG File Processing Stats

File Path                                                             PID    Runtime      # DAGs    # Errors  Last Runtime    Last Run               Last # of DB Queries
--------------------------------------------------------------------  -----  ---------  --------  ----------  --------------  -------------------  ----------------------
/home/username/blackstraw/airflow/airflow/dags/data_ingestion_dag.py                           1           0  1.81s           2024-10-03T11:36:07                      10
================================================================================
[2024-10-03T17:06:15.112+0530] {manager.py:821} INFO - Searching for files in /home/username/blackstraw/airflow/airflow/dags
[2024-10-03T17:06:15.113+0530] {manager.py:824} INFO - There are 1 files in /home/username/blackstraw/airflow/airflow/dags
[2024-10-03T17:06:39.774+0530] {manager.py:997} INFO - 
================================================================================
DAG File Processing Stats

File Path                                                             PID    Runtime      # DAGs    # Errors  Last Runtime    Last Run               Last # of DB Queries
--------------------------------------------------------------------  -----  ---------  --------  ----------  --------------  -------------------  ----------------------
/home/username/blackstraw/airflow/airflow/dags/data_ingestion_dag.py                           1           0  1.91s           2024-10-03T11:36:39                      10
================================================================================
[2024-10-03T17:07:11.673+0530] {manager.py:997} INFO - 
================================================================================
DAG File Processing Stats

File Path                                                             PID    Runtime      # DAGs    # Errors  Last Runtime    Last Run               Last # of DB Queries
--------------------------------------------------------------------  -----  ---------  --------  ----------  --------------  -------------------  ----------------------
/home/username/blackstraw/airflow/airflow/dags/data_ingestion_dag.py                           1           0  1.81s           2024-10-03T11:37:11                      10
================================================================================
[2024-10-03T17:07:43.676+0530] {manager.py:997} INFO - 
================================================================================
DAG File Processing Stats

File Path                                                             PID    Runtime      # DAGs    # Errors  Last Runtime    Last Run               Last # of DB Queries
--------------------------------------------------------------------  -----  ---------  --------  ----------  --------------  -------------------  ----------------------
/home/username/blackstraw/airflow/airflow/dags/data_ingestion_dag.py                           1           0  1.91s           2024-10-03T11:37:43                      10
================================================================================
[2024-10-03T17:08:01.762+0530] {manager.py:465} INFO - Exiting gracefully upon receiving signal 15
[2024-10-03T17:08:19.895+0530] {manager.py:483} INFO - Processing files using up to 1 processes at a time 
[2024-10-03T17:08:19.896+0530] {manager.py:484} INFO - Process each file at most once every 30 seconds
[2024-10-03T17:08:19.896+0530] {manager.py:485} INFO - Checking for new files in /home/username/blackstraw/airflow/airflow/dags every 300 seconds
[2024-10-03T17:08:19.896+0530] {manager.py:821} INFO - Searching for files in /home/username/blackstraw/airflow/airflow/dags
[2024-10-03T17:08:19.898+0530] {manager.py:824} INFO - There are 1 files in /home/username/blackstraw/airflow/airflow/dags
[2024-10-03T17:08:21.761+0530] {manager.py:997} INFO - 
================================================================================
DAG File Processing Stats

File Path                                                             PID    Runtime      # DAGs    # Errors  Last Runtime    Last Run               Last # of DB Queries
--------------------------------------------------------------------  -----  ---------  --------  ----------  --------------  -------------------  ----------------------
/home/username/blackstraw/airflow/airflow/dags/data_ingestion_dag.py                           1           0  1.81s           2024-10-03T11:38:21                      10
================================================================================
[2024-10-03T17:08:54.126+0530] {manager.py:997} INFO - 
================================================================================
DAG File Processing Stats

File Path                                                             PID    Runtime      # DAGs    # Errors  Last Runtime    Last Run               Last # of DB Queries
--------------------------------------------------------------------  -----  ---------  --------  ----------  --------------  -------------------  ----------------------
/home/username/blackstraw/airflow/airflow/dags/data_ingestion_dag.py                           1           0  1.81s           2024-10-03T11:38:54                      10
================================================================================
[2024-10-03T17:09:26.575+0530] {manager.py:997} INFO - 
================================================================================
DAG File Processing Stats

File Path                                                             PID    Runtime      # DAGs    # Errors  Last Runtime    Last Run               Last # of DB Queries
--------------------------------------------------------------------  -----  ---------  --------  ----------  --------------  -------------------  ----------------------
/home/username/blackstraw/airflow/airflow/dags/data_ingestion_dag.py                           1           0  1.71s           2024-10-03T11:39:26                      10
================================================================================
[2024-10-03T17:09:59.385+0530] {manager.py:997} INFO - 
================================================================================
DAG File Processing Stats

File Path                                                             PID    Runtime      # DAGs    # Errors  Last Runtime    Last Run               Last # of DB Queries
--------------------------------------------------------------------  -----  ---------  --------  ----------  --------------  -------------------  ----------------------
/home/username/blackstraw/airflow/airflow/dags/data_ingestion_dag.py                           1           0  1.91s           2024-10-03T11:39:59                      10
================================================================================
[2024-10-03T17:10:31.864+0530] {manager.py:997} INFO - 
================================================================================
DAG File Processing Stats

File Path                                                             PID    Runtime      # DAGs    # Errors  Last Runtime    Last Run               Last # of DB Queries
--------------------------------------------------------------------  -----  ---------  --------  ----------  --------------  -------------------  ----------------------
/home/username/blackstraw/airflow/airflow/dags/data_ingestion_dag.py                           1           0  2.01s           2024-10-03T11:40:31                      10
================================================================================
[2024-10-03T17:11:04.061+0530] {manager.py:997} INFO - 
================================================================================
DAG File Processing Stats

File Path                                                             PID    Runtime      # DAGs    # Errors  Last Runtime    Last Run               Last # of DB Queries
--------------------------------------------------------------------  -----  ---------  --------  ----------  --------------  -------------------  ----------------------
/home/username/blackstraw/airflow/airflow/dags/data_ingestion_dag.py                           1           0  1.72s           2024-10-03T11:41:04                      10
================================================================================
[2024-10-03T17:11:39.720+0530] {manager.py:997} INFO - 
================================================================================
DAG File Processing Stats

File Path                                                             PID    Runtime      # DAGs    # Errors  Last Runtime    Last Run               Last # of DB Queries
--------------------------------------------------------------------  -----  ---------  --------  ----------  --------------  -------------------  ----------------------
/home/username/blackstraw/airflow/airflow/dags/data_ingestion_dag.py                           1           0  1.91s           2024-10-03T11:41:39                      10
================================================================================
[2024-10-03T17:12:11.772+0530] {manager.py:997} INFO - 
================================================================================
DAG File Processing Stats

File Path                                                             PID    Runtime      # DAGs    # Errors  Last Runtime    Last Run               Last # of DB Queries
--------------------------------------------------------------------  -----  ---------  --------  ----------  --------------  -------------------  ----------------------
/home/username/blackstraw/airflow/airflow/dags/data_ingestion_dag.py                           1           0  1.91s           2024-10-03T11:42:11                      10
================================================================================
[2024-10-03T17:12:42.215+0530] {manager.py:997} INFO - 
================================================================================
DAG File Processing Stats

File Path                                                             PID    Runtime      # DAGs    # Errors  Last Runtime    Last Run               Last # of DB Queries
--------------------------------------------------------------------  -----  ---------  --------  ----------  --------------  -------------------  ----------------------
/home/username/blackstraw/airflow/airflow/dags/data_ingestion_dag.py                           1           0  2.01s           2024-10-03T11:42:42                      10
================================================================================
[2024-10-03T17:12:50.609+0530] {manager.py:465} INFO - Exiting gracefully upon receiving signal 15
[2024-10-03T17:12:58.826+0530] {manager.py:483} INFO - Processing files using up to 1 processes at a time 
[2024-10-03T17:12:58.826+0530] {manager.py:484} INFO - Process each file at most once every 30 seconds
[2024-10-03T17:12:58.826+0530] {manager.py:485} INFO - Checking for new files in /home/username/blackstraw/airflow/airflow/dags every 300 seconds
[2024-10-03T17:12:58.826+0530] {manager.py:821} INFO - Searching for files in /home/username/blackstraw/airflow/airflow/dags
[2024-10-03T17:12:58.828+0530] {manager.py:824} INFO - There are 1 files in /home/username/blackstraw/airflow/airflow/dags
[2024-10-03T17:13:00.697+0530] {manager.py:997} INFO - 
================================================================================
DAG File Processing Stats

File Path                                                             PID    Runtime      # DAGs    # Errors  Last Runtime    Last Run               Last # of DB Queries
--------------------------------------------------------------------  -----  ---------  --------  ----------  --------------  -------------------  ----------------------
/home/username/blackstraw/airflow/airflow/dags/data_ingestion_dag.py                           1           0  1.81s           2024-10-03T11:43:00                      10
================================================================================
[2024-10-03T17:13:33.309+0530] {manager.py:997} INFO - 
================================================================================
DAG File Processing Stats

File Path                                                             PID    Runtime      # DAGs    # Errors  Last Runtime    Last Run               Last # of DB Queries
--------------------------------------------------------------------  -----  ---------  --------  ----------  --------------  -------------------  ----------------------
/home/username/blackstraw/airflow/airflow/dags/data_ingestion_dag.py                           1           0  1.91s           2024-10-03T11:43:33                      10
================================================================================
[2024-10-03T17:14:07.748+0530] {manager.py:997} INFO - 
================================================================================
DAG File Processing Stats

File Path                                                             PID    Runtime      # DAGs    # Errors  Last Runtime    Last Run               Last # of DB Queries
--------------------------------------------------------------------  -----  ---------  --------  ----------  --------------  -------------------  ----------------------
/home/username/blackstraw/airflow/airflow/dags/data_ingestion_dag.py                           1           0  1.71s           2024-10-03T11:44:07                      10
================================================================================
[2024-10-03T17:14:40.205+0530] {manager.py:997} INFO - 
================================================================================
DAG File Processing Stats

File Path                                                             PID    Runtime      # DAGs    # Errors  Last Runtime    Last Run               Last # of DB Queries
--------------------------------------------------------------------  -----  ---------  --------  ----------  --------------  -------------------  ----------------------
/home/username/blackstraw/airflow/airflow/dags/data_ingestion_dag.py                           1           0  1.81s           2024-10-03T11:44:40                      10
================================================================================
[2024-10-03T17:15:12.692+0530] {manager.py:997} INFO - 
================================================================================
DAG File Processing Stats

File Path                                                             PID    Runtime      # DAGs    # Errors  Last Runtime    Last Run               Last # of DB Queries
--------------------------------------------------------------------  -----  ---------  --------  ----------  --------------  -------------------  ----------------------
/home/username/blackstraw/airflow/airflow/dags/data_ingestion_dag.py                           1           0  1.81s           2024-10-03T11:45:12                      10
================================================================================
[2024-10-03T17:15:44.729+0530] {manager.py:997} INFO - 
================================================================================
DAG File Processing Stats

File Path                                                             PID    Runtime      # DAGs    # Errors  Last Runtime    Last Run               Last # of DB Queries
--------------------------------------------------------------------  -----  ---------  --------  ----------  --------------  -------------------  ----------------------
/home/username/blackstraw/airflow/airflow/dags/data_ingestion_dag.py                           1           0  1.91s           2024-10-03T11:45:44                      10
================================================================================
[2024-10-03T17:16:17.126+0530] {manager.py:997} INFO - 
================================================================================
DAG File Processing Stats

File Path                                                             PID    Runtime      # DAGs    # Errors  Last Runtime    Last Run               Last # of DB Queries
--------------------------------------------------------------------  -----  ---------  --------  ----------  --------------  -------------------  ----------------------
/home/username/blackstraw/airflow/airflow/dags/data_ingestion_dag.py                           1           0  1.81s           2024-10-03T11:46:17                      10
================================================================================
[2024-10-03T17:16:49.151+0530] {manager.py:997} INFO - 
================================================================================
DAG File Processing Stats

File Path                                                             PID    Runtime      # DAGs    # Errors  Last Runtime    Last Run               Last # of DB Queries
--------------------------------------------------------------------  -----  ---------  --------  ----------  --------------  -------------------  ----------------------
/home/username/blackstraw/airflow/airflow/dags/data_ingestion_dag.py                           1           0  1.91s           2024-10-03T11:46:49                      10
================================================================================
[2024-10-03T17:17:21.158+0530] {manager.py:997} INFO - 
================================================================================
DAG File Processing Stats

File Path                                                             PID    Runtime      # DAGs    # Errors  Last Runtime    Last Run               Last # of DB Queries
--------------------------------------------------------------------  -----  ---------  --------  ----------  --------------  -------------------  ----------------------
/home/username/blackstraw/airflow/airflow/dags/data_ingestion_dag.py                           1           0  1.91s           2024-10-03T11:47:21                      10
================================================================================
[2024-10-03T17:17:25.892+0530] {manager.py:465} INFO - Exiting gracefully upon receiving signal 15
