[2024-09-30T18:36:31.293+0530] {local_task_job_runner.py:123} INFO - ::group::Pre task execution logs
[2024-09-30T18:36:31.371+0530] {taskinstance.py:2612} INFO - Dependencies all met for dep_context=non-requeueable deps ti=<TaskInstance: ingest_dag.end scheduled__2024-09-29T00:00:00+00:00 [queued]>
[2024-09-30T18:36:31.380+0530] {taskinstance.py:2612} INFO - Dependencies all met for dep_context=requeueable deps ti=<TaskInstance: ingest_dag.end scheduled__2024-09-29T00:00:00+00:00 [queued]>
[2024-09-30T18:36:31.380+0530] {taskinstance.py:2865} INFO - Starting attempt 1 of 1
[2024-09-30T18:36:31.407+0530] {taskinstance.py:2888} INFO - Executing <Task(BashOperator): end> on 2024-09-29 00:00:00+00:00
[2024-09-30T18:36:31.411+0530] {standard_task_runner.py:72} INFO - Started process 13940 to run task
[2024-09-30T18:36:31.417+0530] {standard_task_runner.py:104} INFO - Running: ['airflow', 'tasks', 'run', 'ingest_dag', 'end', 'scheduled__2024-09-29T00:00:00+00:00', '--job-id', '5', '--raw', '--subdir', 'DAGS_FOLDER/ingest_dag.py', '--cfg-path', '/tmp/tmpnxb3bif4']
[2024-09-30T18:36:31.419+0530] {standard_task_runner.py:105} INFO - Job 5: Subtask end
[2024-09-30T18:36:31.535+0530] {task_command.py:467} INFO - Running <TaskInstance: ingest_dag.end scheduled__2024-09-29T00:00:00+00:00 [running]> on host Nithesh-Kumar.localdomain
[2024-09-30T18:36:31.665+0530] {taskinstance.py:3131} INFO - Exporting env vars: AIRFLOW_CTX_DAG_OWNER='airflow' AIRFLOW_CTX_DAG_ID='ingest_dag' AIRFLOW_CTX_TASK_ID='end' AIRFLOW_CTX_EXECUTION_DATE='2024-09-29T00:00:00+00:00' AIRFLOW_CTX_TRY_NUMBER='1' AIRFLOW_CTX_DAG_RUN_ID='scheduled__2024-09-29T00:00:00+00:00'
[2024-09-30T18:36:31.665+0530] {taskinstance.py:731} INFO - ::endgroup::
[2024-09-30T18:36:31.687+0530] {subprocess.py:63} INFO - Tmp dir root location: /tmp
[2024-09-30T18:36:31.688+0530] {subprocess.py:75} INFO - Running command: ['/usr/bin/bash', '-c', 'echo "Ingest DAG completed"']
[2024-09-30T18:36:31.697+0530] {subprocess.py:86} INFO - Output:
[2024-09-30T18:36:31.698+0530] {subprocess.py:93} INFO - Ingest DAG completed
[2024-09-30T18:36:31.698+0530] {subprocess.py:97} INFO - Command exited with return code 0
[2024-09-30T18:36:31.753+0530] {taskinstance.py:340} INFO - ::group::Post task execution logs
[2024-09-30T18:36:31.753+0530] {taskinstance.py:352} INFO - Marking task as SUCCESS. dag_id=ingest_dag, task_id=end, run_id=scheduled__2024-09-29T00:00:00+00:00, execution_date=20240929T000000, start_date=20240930T130631, end_date=20240930T130631
[2024-09-30T18:36:31.791+0530] {local_task_job_runner.py:266} INFO - Task exited with return code 0
[2024-09-30T18:36:31.805+0530] {taskinstance.py:3900} INFO - 0 downstream tasks scheduled from follow-on schedule check
[2024-09-30T18:36:31.807+0530] {local_task_job_runner.py:245} INFO - ::endgroup::
