[2024-10-01T13:05:48.280+0530] {processor.py:186} INFO - Started process (PID=16815) to work on /home/username/blackstraw/airflow/airflow/dags/ingest_dag.py
[2024-10-01T13:05:48.283+0530] {processor.py:914} INFO - Processing file /home/username/blackstraw/airflow/airflow/dags/ingest_dag.py for tasks to queue
[2024-10-01T13:05:48.287+0530] {logging_mixin.py:190} INFO - [2024-10-01T13:05:48.286+0530] {dagbag.py:588} INFO - Filling up the DagBag from /home/username/blackstraw/airflow/airflow/dags/ingest_dag.py
[2024-10-01T13:05:48.296+0530] {processor.py:925} INFO - DAG(s) 'ingest_dag' retrieved from /home/username/blackstraw/airflow/airflow/dags/ingest_dag.py
[2024-10-01T13:05:48.313+0530] {logging_mixin.py:190} INFO - [2024-10-01T13:05:48.313+0530] {dag.py:3239} INFO - Sync 1 DAGs
[2024-10-01T13:05:48.329+0530] {logging_mixin.py:190} INFO - [2024-10-01T13:05:48.329+0530] {dag.py:4180} INFO - Setting next_dagrun for ingest_dag to 2024-09-30 00:00:00+00:00, run_after=2024-10-01 00:00:00+00:00
[2024-10-01T13:05:48.359+0530] {processor.py:208} INFO - Processing /home/username/blackstraw/airflow/airflow/dags/ingest_dag.py took 0.125 seconds
[2024-10-01T13:06:19.896+0530] {processor.py:186} INFO - Started process (PID=16944) to work on /home/username/blackstraw/airflow/airflow/dags/ingest_dag.py
[2024-10-01T13:06:19.898+0530] {processor.py:914} INFO - Processing file /home/username/blackstraw/airflow/airflow/dags/ingest_dag.py for tasks to queue
[2024-10-01T13:06:19.900+0530] {logging_mixin.py:190} INFO - [2024-10-01T13:06:19.899+0530] {dagbag.py:588} INFO - Filling up the DagBag from /home/username/blackstraw/airflow/airflow/dags/ingest_dag.py
[2024-10-01T13:06:20.031+0530] {processor.py:925} INFO - DAG(s) 'ingest_dag' retrieved from /home/username/blackstraw/airflow/airflow/dags/ingest_dag.py
[2024-10-01T13:06:20.149+0530] {logging_mixin.py:190} INFO - [2024-10-01T13:06:20.148+0530] {dag.py:3239} INFO - Sync 1 DAGs
[2024-10-01T13:06:20.196+0530] {logging_mixin.py:190} INFO - [2024-10-01T13:06:20.195+0530] {dag.py:4180} INFO - Setting next_dagrun for ingest_dag to 2024-09-30 00:00:00+00:00, run_after=2024-10-01 00:00:00+00:00
[2024-10-01T13:06:20.221+0530] {processor.py:208} INFO - Processing /home/username/blackstraw/airflow/airflow/dags/ingest_dag.py took 0.349 seconds
[2024-10-01T13:06:52.614+0530] {processor.py:186} INFO - Started process (PID=17129) to work on /home/username/blackstraw/airflow/airflow/dags/ingest_dag.py
[2024-10-01T13:06:52.615+0530] {processor.py:914} INFO - Processing file /home/username/blackstraw/airflow/airflow/dags/ingest_dag.py for tasks to queue
[2024-10-01T13:06:52.617+0530] {logging_mixin.py:190} INFO - [2024-10-01T13:06:52.617+0530] {dagbag.py:588} INFO - Filling up the DagBag from /home/username/blackstraw/airflow/airflow/dags/ingest_dag.py
[2024-10-01T13:06:52.628+0530] {processor.py:925} INFO - DAG(s) 'ingest_dag' retrieved from /home/username/blackstraw/airflow/airflow/dags/ingest_dag.py
[2024-10-01T13:06:52.645+0530] {logging_mixin.py:190} INFO - [2024-10-01T13:06:52.645+0530] {dag.py:3239} INFO - Sync 1 DAGs
[2024-10-01T13:06:52.662+0530] {logging_mixin.py:190} INFO - [2024-10-01T13:06:52.662+0530] {dag.py:4180} INFO - Setting next_dagrun for ingest_dag to 2024-09-30 00:00:00+00:00, run_after=2024-10-01 00:00:00+00:00
[2024-10-01T13:06:52.690+0530] {processor.py:208} INFO - Processing /home/username/blackstraw/airflow/airflow/dags/ingest_dag.py took 0.081 seconds
[2024-10-01T13:07:27.926+0530] {processor.py:186} INFO - Started process (PID=17332) to work on /home/username/blackstraw/airflow/airflow/dags/ingest_dag.py
[2024-10-01T13:07:27.927+0530] {processor.py:914} INFO - Processing file /home/username/blackstraw/airflow/airflow/dags/ingest_dag.py for tasks to queue
[2024-10-01T13:07:27.929+0530] {logging_mixin.py:190} INFO - [2024-10-01T13:07:27.929+0530] {dagbag.py:588} INFO - Filling up the DagBag from /home/username/blackstraw/airflow/airflow/dags/ingest_dag.py
[2024-10-01T13:07:27.941+0530] {processor.py:925} INFO - DAG(s) 'ingest_dag' retrieved from /home/username/blackstraw/airflow/airflow/dags/ingest_dag.py
[2024-10-01T13:07:27.961+0530] {logging_mixin.py:190} INFO - [2024-10-01T13:07:27.961+0530] {dag.py:3239} INFO - Sync 1 DAGs
[2024-10-01T13:07:27.978+0530] {logging_mixin.py:190} INFO - [2024-10-01T13:07:27.978+0530] {dag.py:4180} INFO - Setting next_dagrun for ingest_dag to 2024-09-30 00:00:00+00:00, run_after=2024-10-01 00:00:00+00:00
[2024-10-01T13:07:28.006+0530] {processor.py:208} INFO - Processing /home/username/blackstraw/airflow/airflow/dags/ingest_dag.py took 0.087 seconds
[2024-10-01T13:07:59.987+0530] {processor.py:186} INFO - Started process (PID=17435) to work on /home/username/blackstraw/airflow/airflow/dags/ingest_dag.py
[2024-10-01T13:07:59.987+0530] {processor.py:914} INFO - Processing file /home/username/blackstraw/airflow/airflow/dags/ingest_dag.py for tasks to queue
[2024-10-01T13:07:59.989+0530] {logging_mixin.py:190} INFO - [2024-10-01T13:07:59.989+0530] {dagbag.py:588} INFO - Filling up the DagBag from /home/username/blackstraw/airflow/airflow/dags/ingest_dag.py
[2024-10-01T13:08:00.002+0530] {processor.py:925} INFO - DAG(s) 'ingest_dag' retrieved from /home/username/blackstraw/airflow/airflow/dags/ingest_dag.py
[2024-10-01T13:08:00.023+0530] {logging_mixin.py:190} INFO - [2024-10-01T13:08:00.023+0530] {dag.py:3239} INFO - Sync 1 DAGs
[2024-10-01T13:08:00.044+0530] {logging_mixin.py:190} INFO - [2024-10-01T13:08:00.044+0530] {dag.py:4180} INFO - Setting next_dagrun for ingest_dag to 2024-09-30 00:00:00+00:00, run_after=2024-10-01 00:00:00+00:00
[2024-10-01T13:08:00.071+0530] {processor.py:208} INFO - Processing /home/username/blackstraw/airflow/airflow/dags/ingest_dag.py took 0.090 seconds
[2024-10-01T13:08:32.046+0530] {processor.py:186} INFO - Started process (PID=17484) to work on /home/username/blackstraw/airflow/airflow/dags/ingest_dag.py
[2024-10-01T13:08:32.047+0530] {processor.py:914} INFO - Processing file /home/username/blackstraw/airflow/airflow/dags/ingest_dag.py for tasks to queue
[2024-10-01T13:08:32.049+0530] {logging_mixin.py:190} INFO - [2024-10-01T13:08:32.049+0530] {dagbag.py:588} INFO - Filling up the DagBag from /home/username/blackstraw/airflow/airflow/dags/ingest_dag.py
[2024-10-01T13:08:32.060+0530] {processor.py:925} INFO - DAG(s) 'ingest_dag' retrieved from /home/username/blackstraw/airflow/airflow/dags/ingest_dag.py
[2024-10-01T13:08:32.077+0530] {logging_mixin.py:190} INFO - [2024-10-01T13:08:32.077+0530] {dag.py:3239} INFO - Sync 1 DAGs
[2024-10-01T13:08:32.094+0530] {logging_mixin.py:190} INFO - [2024-10-01T13:08:32.094+0530] {dag.py:4180} INFO - Setting next_dagrun for ingest_dag to 2024-09-30 00:00:00+00:00, run_after=2024-10-01 00:00:00+00:00
[2024-10-01T13:08:32.123+0530] {processor.py:208} INFO - Processing /home/username/blackstraw/airflow/airflow/dags/ingest_dag.py took 0.082 seconds
[2024-10-01T13:09:07.718+0530] {processor.py:186} INFO - Started process (PID=17708) to work on /home/username/blackstraw/airflow/airflow/dags/ingest_dag.py
[2024-10-01T13:09:07.720+0530] {processor.py:914} INFO - Processing file /home/username/blackstraw/airflow/airflow/dags/ingest_dag.py for tasks to queue
[2024-10-01T13:09:07.722+0530] {logging_mixin.py:190} INFO - [2024-10-01T13:09:07.722+0530] {dagbag.py:588} INFO - Filling up the DagBag from /home/username/blackstraw/airflow/airflow/dags/ingest_dag.py
[2024-10-01T13:09:07.731+0530] {processor.py:925} INFO - DAG(s) 'ingest_dag' retrieved from /home/username/blackstraw/airflow/airflow/dags/ingest_dag.py
[2024-10-01T13:09:07.748+0530] {logging_mixin.py:190} INFO - [2024-10-01T13:09:07.748+0530] {dag.py:3239} INFO - Sync 1 DAGs
[2024-10-01T13:09:07.768+0530] {logging_mixin.py:190} INFO - [2024-10-01T13:09:07.768+0530] {dag.py:4180} INFO - Setting next_dagrun for ingest_dag to 2024-09-30 00:00:00+00:00, run_after=2024-10-01 00:00:00+00:00
[2024-10-01T13:09:07.798+0530] {processor.py:208} INFO - Processing /home/username/blackstraw/airflow/airflow/dags/ingest_dag.py took 0.085 seconds
[2024-10-01T13:09:37.871+0530] {processor.py:186} INFO - Started process (PID=18015) to work on /home/username/blackstraw/airflow/airflow/dags/ingest_dag.py
[2024-10-01T13:09:37.873+0530] {processor.py:914} INFO - Processing file /home/username/blackstraw/airflow/airflow/dags/ingest_dag.py for tasks to queue
[2024-10-01T13:09:37.875+0530] {logging_mixin.py:190} INFO - [2024-10-01T13:09:37.875+0530] {dagbag.py:588} INFO - Filling up the DagBag from /home/username/blackstraw/airflow/airflow/dags/ingest_dag.py
[2024-10-01T13:09:37.885+0530] {processor.py:925} INFO - DAG(s) 'ingest_dag' retrieved from /home/username/blackstraw/airflow/airflow/dags/ingest_dag.py
[2024-10-01T13:09:37.902+0530] {logging_mixin.py:190} INFO - [2024-10-01T13:09:37.902+0530] {dag.py:3239} INFO - Sync 1 DAGs
[2024-10-01T13:09:37.923+0530] {logging_mixin.py:190} INFO - [2024-10-01T13:09:37.923+0530] {dag.py:4180} INFO - Setting next_dagrun for ingest_dag to 2024-09-30 00:00:00+00:00, run_after=2024-10-01 00:00:00+00:00
[2024-10-01T13:09:37.954+0530] {processor.py:208} INFO - Processing /home/username/blackstraw/airflow/airflow/dags/ingest_dag.py took 0.088 seconds
[2024-10-01T13:10:08.092+0530] {processor.py:186} INFO - Started process (PID=18089) to work on /home/username/blackstraw/airflow/airflow/dags/ingest_dag.py
[2024-10-01T13:10:08.092+0530] {processor.py:914} INFO - Processing file /home/username/blackstraw/airflow/airflow/dags/ingest_dag.py for tasks to queue
[2024-10-01T13:10:08.094+0530] {logging_mixin.py:190} INFO - [2024-10-01T13:10:08.094+0530] {dagbag.py:588} INFO - Filling up the DagBag from /home/username/blackstraw/airflow/airflow/dags/ingest_dag.py
[2024-10-01T13:10:08.104+0530] {processor.py:925} INFO - DAG(s) 'ingest_dag' retrieved from /home/username/blackstraw/airflow/airflow/dags/ingest_dag.py
[2024-10-01T13:10:08.121+0530] {logging_mixin.py:190} INFO - [2024-10-01T13:10:08.121+0530] {dag.py:3239} INFO - Sync 1 DAGs
[2024-10-01T13:10:08.138+0530] {logging_mixin.py:190} INFO - [2024-10-01T13:10:08.138+0530] {dag.py:4180} INFO - Setting next_dagrun for ingest_dag to 2024-09-30 00:00:00+00:00, run_after=2024-10-01 00:00:00+00:00
[2024-10-01T13:10:08.164+0530] {processor.py:208} INFO - Processing /home/username/blackstraw/airflow/airflow/dags/ingest_dag.py took 0.077 seconds
[2024-10-01T13:10:40.789+0530] {processor.py:186} INFO - Started process (PID=18257) to work on /home/username/blackstraw/airflow/airflow/dags/ingest_dag.py
[2024-10-01T13:10:40.792+0530] {processor.py:914} INFO - Processing file /home/username/blackstraw/airflow/airflow/dags/ingest_dag.py for tasks to queue
[2024-10-01T13:10:40.795+0530] {logging_mixin.py:190} INFO - [2024-10-01T13:10:40.794+0530] {dagbag.py:588} INFO - Filling up the DagBag from /home/username/blackstraw/airflow/airflow/dags/ingest_dag.py
[2024-10-01T13:10:40.807+0530] {processor.py:925} INFO - DAG(s) 'ingest_dag' retrieved from /home/username/blackstraw/airflow/airflow/dags/ingest_dag.py
[2024-10-01T13:10:40.826+0530] {logging_mixin.py:190} INFO - [2024-10-01T13:10:40.825+0530] {dag.py:3239} INFO - Sync 1 DAGs
[2024-10-01T13:10:40.845+0530] {logging_mixin.py:190} INFO - [2024-10-01T13:10:40.845+0530] {dag.py:4180} INFO - Setting next_dagrun for ingest_dag to 2024-09-30 00:00:00+00:00, run_after=2024-10-01 00:00:00+00:00
[2024-10-01T13:10:40.872+0530] {processor.py:208} INFO - Processing /home/username/blackstraw/airflow/airflow/dags/ingest_dag.py took 0.091 seconds
[2024-10-01T13:11:12.800+0530] {processor.py:186} INFO - Started process (PID=18357) to work on /home/username/blackstraw/airflow/airflow/dags/ingest_dag.py
[2024-10-01T13:11:12.803+0530] {processor.py:914} INFO - Processing file /home/username/blackstraw/airflow/airflow/dags/ingest_dag.py for tasks to queue
[2024-10-01T13:11:12.805+0530] {logging_mixin.py:190} INFO - [2024-10-01T13:11:12.805+0530] {dagbag.py:588} INFO - Filling up the DagBag from /home/username/blackstraw/airflow/airflow/dags/ingest_dag.py
[2024-10-01T13:11:12.816+0530] {processor.py:925} INFO - DAG(s) 'ingest_dag' retrieved from /home/username/blackstraw/airflow/airflow/dags/ingest_dag.py
[2024-10-01T13:11:12.832+0530] {logging_mixin.py:190} INFO - [2024-10-01T13:11:12.832+0530] {dag.py:3239} INFO - Sync 1 DAGs
[2024-10-01T13:11:12.848+0530] {logging_mixin.py:190} INFO - [2024-10-01T13:11:12.848+0530] {dag.py:4180} INFO - Setting next_dagrun for ingest_dag to 2024-09-30 00:00:00+00:00, run_after=2024-10-01 00:00:00+00:00
[2024-10-01T13:11:12.874+0530] {processor.py:208} INFO - Processing /home/username/blackstraw/airflow/airflow/dags/ingest_dag.py took 0.081 seconds
[2024-10-01T13:11:44.779+0530] {processor.py:186} INFO - Started process (PID=18496) to work on /home/username/blackstraw/airflow/airflow/dags/ingest_dag.py
[2024-10-01T13:11:44.780+0530] {processor.py:914} INFO - Processing file /home/username/blackstraw/airflow/airflow/dags/ingest_dag.py for tasks to queue
[2024-10-01T13:11:44.783+0530] {logging_mixin.py:190} INFO - [2024-10-01T13:11:44.782+0530] {dagbag.py:588} INFO - Filling up the DagBag from /home/username/blackstraw/airflow/airflow/dags/ingest_dag.py
[2024-10-01T13:11:44.794+0530] {processor.py:925} INFO - DAG(s) 'ingest_dag' retrieved from /home/username/blackstraw/airflow/airflow/dags/ingest_dag.py
[2024-10-01T13:11:44.812+0530] {logging_mixin.py:190} INFO - [2024-10-01T13:11:44.811+0530] {dag.py:3239} INFO - Sync 1 DAGs
[2024-10-01T13:11:44.829+0530] {logging_mixin.py:190} INFO - [2024-10-01T13:11:44.829+0530] {dag.py:4180} INFO - Setting next_dagrun for ingest_dag to 2024-09-30 00:00:00+00:00, run_after=2024-10-01 00:00:00+00:00
[2024-10-01T13:11:44.865+0530] {processor.py:208} INFO - Processing /home/username/blackstraw/airflow/airflow/dags/ingest_dag.py took 0.093 seconds
[2024-10-01T13:12:17.961+0530] {processor.py:186} INFO - Started process (PID=18600) to work on /home/username/blackstraw/airflow/airflow/dags/ingest_dag.py
[2024-10-01T13:12:17.963+0530] {processor.py:914} INFO - Processing file /home/username/blackstraw/airflow/airflow/dags/ingest_dag.py for tasks to queue
[2024-10-01T13:12:17.965+0530] {logging_mixin.py:190} INFO - [2024-10-01T13:12:17.964+0530] {dagbag.py:588} INFO - Filling up the DagBag from /home/username/blackstraw/airflow/airflow/dags/ingest_dag.py
[2024-10-01T13:12:17.975+0530] {processor.py:925} INFO - DAG(s) 'ingest_dag' retrieved from /home/username/blackstraw/airflow/airflow/dags/ingest_dag.py
[2024-10-01T13:12:17.991+0530] {logging_mixin.py:190} INFO - [2024-10-01T13:12:17.990+0530] {dag.py:3239} INFO - Sync 1 DAGs
[2024-10-01T13:12:18.006+0530] {logging_mixin.py:190} INFO - [2024-10-01T13:12:18.006+0530] {dag.py:4180} INFO - Setting next_dagrun for ingest_dag to 2024-09-30 00:00:00+00:00, run_after=2024-10-01 00:00:00+00:00
[2024-10-01T13:12:18.040+0530] {processor.py:208} INFO - Processing /home/username/blackstraw/airflow/airflow/dags/ingest_dag.py took 0.083 seconds
[2024-10-01T13:12:49.818+0530] {processor.py:186} INFO - Started process (PID=18619) to work on /home/username/blackstraw/airflow/airflow/dags/ingest_dag.py
[2024-10-01T13:12:49.821+0530] {processor.py:914} INFO - Processing file /home/username/blackstraw/airflow/airflow/dags/ingest_dag.py for tasks to queue
[2024-10-01T13:12:49.824+0530] {logging_mixin.py:190} INFO - [2024-10-01T13:12:49.823+0530] {dagbag.py:588} INFO - Filling up the DagBag from /home/username/blackstraw/airflow/airflow/dags/ingest_dag.py
[2024-10-01T13:12:49.835+0530] {processor.py:925} INFO - DAG(s) 'ingest_dag' retrieved from /home/username/blackstraw/airflow/airflow/dags/ingest_dag.py
[2024-10-01T13:12:49.851+0530] {logging_mixin.py:190} INFO - [2024-10-01T13:12:49.851+0530] {dag.py:3239} INFO - Sync 1 DAGs
[2024-10-01T13:12:49.868+0530] {logging_mixin.py:190} INFO - [2024-10-01T13:12:49.868+0530] {dag.py:4180} INFO - Setting next_dagrun for ingest_dag to 2024-09-30 00:00:00+00:00, run_after=2024-10-01 00:00:00+00:00
[2024-10-01T13:12:49.895+0530] {processor.py:208} INFO - Processing /home/username/blackstraw/airflow/airflow/dags/ingest_dag.py took 0.084 seconds
[2024-10-01T13:13:21.739+0530] {processor.py:186} INFO - Started process (PID=18633) to work on /home/username/blackstraw/airflow/airflow/dags/ingest_dag.py
[2024-10-01T13:13:21.740+0530] {processor.py:914} INFO - Processing file /home/username/blackstraw/airflow/airflow/dags/ingest_dag.py for tasks to queue
[2024-10-01T13:13:21.742+0530] {logging_mixin.py:190} INFO - [2024-10-01T13:13:21.742+0530] {dagbag.py:588} INFO - Filling up the DagBag from /home/username/blackstraw/airflow/airflow/dags/ingest_dag.py
[2024-10-01T13:13:21.762+0530] {processor.py:925} INFO - DAG(s) 'ingest_dag' retrieved from /home/username/blackstraw/airflow/airflow/dags/ingest_dag.py
[2024-10-01T13:13:21.798+0530] {logging_mixin.py:190} INFO - [2024-10-01T13:13:21.798+0530] {dag.py:3239} INFO - Sync 1 DAGs
[2024-10-01T13:13:21.821+0530] {logging_mixin.py:190} INFO - [2024-10-01T13:13:21.821+0530] {dag.py:4180} INFO - Setting next_dagrun for ingest_dag to 2024-09-30 00:00:00+00:00, run_after=2024-10-01 00:00:00+00:00
[2024-10-01T13:13:21.855+0530] {processor.py:208} INFO - Processing /home/username/blackstraw/airflow/airflow/dags/ingest_dag.py took 0.124 seconds
[2024-10-01T13:21:16.237+0530] {processor.py:186} INFO - Started process (PID=18721) to work on /home/username/blackstraw/airflow/airflow/dags/ingest_dag.py
[2024-10-01T13:21:16.240+0530] {processor.py:914} INFO - Processing file /home/username/blackstraw/airflow/airflow/dags/ingest_dag.py for tasks to queue
[2024-10-01T13:21:16.256+0530] {logging_mixin.py:190} INFO - [2024-10-01T13:21:16.253+0530] {dagbag.py:588} INFO - Filling up the DagBag from /home/username/blackstraw/airflow/airflow/dags/ingest_dag.py
[2024-10-01T13:21:16.295+0530] {processor.py:925} INFO - DAG(s) 'ingest_dag' retrieved from /home/username/blackstraw/airflow/airflow/dags/ingest_dag.py
[2024-10-01T13:21:16.338+0530] {logging_mixin.py:190} INFO - [2024-10-01T13:21:16.338+0530] {dag.py:3239} INFO - Sync 1 DAGs
[2024-10-01T13:21:16.387+0530] {logging_mixin.py:190} INFO - [2024-10-01T13:21:16.387+0530] {dag.py:4180} INFO - Setting next_dagrun for ingest_dag to 2024-09-30 00:00:00+00:00, run_after=2024-10-01 00:00:00+00:00
[2024-10-01T13:21:16.470+0530] {processor.py:208} INFO - Processing /home/username/blackstraw/airflow/airflow/dags/ingest_dag.py took 0.260 seconds
[2024-10-01T13:21:47.931+0530] {processor.py:186} INFO - Started process (PID=18741) to work on /home/username/blackstraw/airflow/airflow/dags/ingest_dag.py
[2024-10-01T13:21:47.931+0530] {processor.py:914} INFO - Processing file /home/username/blackstraw/airflow/airflow/dags/ingest_dag.py for tasks to queue
[2024-10-01T13:21:47.933+0530] {logging_mixin.py:190} INFO - [2024-10-01T13:21:47.933+0530] {dagbag.py:588} INFO - Filling up the DagBag from /home/username/blackstraw/airflow/airflow/dags/ingest_dag.py
[2024-10-01T13:21:47.942+0530] {processor.py:925} INFO - DAG(s) 'ingest_dag' retrieved from /home/username/blackstraw/airflow/airflow/dags/ingest_dag.py
[2024-10-01T13:21:47.959+0530] {logging_mixin.py:190} INFO - [2024-10-01T13:21:47.959+0530] {dag.py:3239} INFO - Sync 1 DAGs
[2024-10-01T13:21:47.975+0530] {logging_mixin.py:190} INFO - [2024-10-01T13:21:47.975+0530] {dag.py:4180} INFO - Setting next_dagrun for ingest_dag to 2024-09-30 00:00:00+00:00, run_after=2024-10-01 00:00:00+00:00
[2024-10-01T13:21:48.006+0530] {processor.py:208} INFO - Processing /home/username/blackstraw/airflow/airflow/dags/ingest_dag.py took 0.080 seconds
[2024-10-01T13:22:19.923+0530] {processor.py:186} INFO - Started process (PID=18874) to work on /home/username/blackstraw/airflow/airflow/dags/ingest_dag.py
[2024-10-01T13:22:19.924+0530] {processor.py:914} INFO - Processing file /home/username/blackstraw/airflow/airflow/dags/ingest_dag.py for tasks to queue
[2024-10-01T13:22:19.927+0530] {logging_mixin.py:190} INFO - [2024-10-01T13:22:19.927+0530] {dagbag.py:588} INFO - Filling up the DagBag from /home/username/blackstraw/airflow/airflow/dags/ingest_dag.py
[2024-10-01T13:22:19.938+0530] {processor.py:925} INFO - DAG(s) 'ingest_dag' retrieved from /home/username/blackstraw/airflow/airflow/dags/ingest_dag.py
[2024-10-01T13:22:19.967+0530] {logging_mixin.py:190} INFO - [2024-10-01T13:22:19.967+0530] {dag.py:3239} INFO - Sync 1 DAGs
[2024-10-01T13:22:19.989+0530] {logging_mixin.py:190} INFO - [2024-10-01T13:22:19.988+0530] {dag.py:4180} INFO - Setting next_dagrun for ingest_dag to 2024-09-30 00:00:00+00:00, run_after=2024-10-01 00:00:00+00:00
[2024-10-01T13:22:20.019+0530] {processor.py:208} INFO - Processing /home/username/blackstraw/airflow/airflow/dags/ingest_dag.py took 0.103 seconds
[2024-10-01T13:22:52.226+0530] {processor.py:186} INFO - Started process (PID=18923) to work on /home/username/blackstraw/airflow/airflow/dags/ingest_dag.py
[2024-10-01T13:22:52.229+0530] {processor.py:914} INFO - Processing file /home/username/blackstraw/airflow/airflow/dags/ingest_dag.py for tasks to queue
[2024-10-01T13:22:52.232+0530] {logging_mixin.py:190} INFO - [2024-10-01T13:22:52.232+0530] {dagbag.py:588} INFO - Filling up the DagBag from /home/username/blackstraw/airflow/airflow/dags/ingest_dag.py
[2024-10-01T13:22:52.245+0530] {processor.py:925} INFO - DAG(s) 'ingest_dag' retrieved from /home/username/blackstraw/airflow/airflow/dags/ingest_dag.py
[2024-10-01T13:22:52.268+0530] {logging_mixin.py:190} INFO - [2024-10-01T13:22:52.268+0530] {dag.py:3239} INFO - Sync 1 DAGs
[2024-10-01T13:22:52.289+0530] {logging_mixin.py:190} INFO - [2024-10-01T13:22:52.289+0530] {dag.py:4180} INFO - Setting next_dagrun for ingest_dag to 2024-09-30 00:00:00+00:00, run_after=2024-10-01 00:00:00+00:00
[2024-10-01T13:22:52.331+0530] {processor.py:208} INFO - Processing /home/username/blackstraw/airflow/airflow/dags/ingest_dag.py took 0.117 seconds
[2024-10-01T13:23:24.439+0530] {processor.py:186} INFO - Started process (PID=18963) to work on /home/username/blackstraw/airflow/airflow/dags/ingest_dag.py
[2024-10-01T13:23:24.443+0530] {processor.py:914} INFO - Processing file /home/username/blackstraw/airflow/airflow/dags/ingest_dag.py for tasks to queue
[2024-10-01T13:23:24.448+0530] {logging_mixin.py:190} INFO - [2024-10-01T13:23:24.447+0530] {dagbag.py:588} INFO - Filling up the DagBag from /home/username/blackstraw/airflow/airflow/dags/ingest_dag.py
[2024-10-01T13:23:24.473+0530] {processor.py:925} INFO - DAG(s) 'ingest_dag' retrieved from /home/username/blackstraw/airflow/airflow/dags/ingest_dag.py
[2024-10-01T13:23:24.496+0530] {logging_mixin.py:190} INFO - [2024-10-01T13:23:24.496+0530] {dag.py:3239} INFO - Sync 1 DAGs
[2024-10-01T13:23:24.519+0530] {logging_mixin.py:190} INFO - [2024-10-01T13:23:24.519+0530] {dag.py:4180} INFO - Setting next_dagrun for ingest_dag to 2024-09-30 00:00:00+00:00, run_after=2024-10-01 00:00:00+00:00
[2024-10-01T13:23:24.561+0530] {processor.py:208} INFO - Processing /home/username/blackstraw/airflow/airflow/dags/ingest_dag.py took 0.136 seconds
[2024-10-01T13:23:56.979+0530] {processor.py:186} INFO - Started process (PID=18983) to work on /home/username/blackstraw/airflow/airflow/dags/ingest_dag.py
[2024-10-01T13:23:56.980+0530] {processor.py:914} INFO - Processing file /home/username/blackstraw/airflow/airflow/dags/ingest_dag.py for tasks to queue
[2024-10-01T13:23:56.982+0530] {logging_mixin.py:190} INFO - [2024-10-01T13:23:56.982+0530] {dagbag.py:588} INFO - Filling up the DagBag from /home/username/blackstraw/airflow/airflow/dags/ingest_dag.py
[2024-10-01T13:23:56.994+0530] {processor.py:925} INFO - DAG(s) 'ingest_dag' retrieved from /home/username/blackstraw/airflow/airflow/dags/ingest_dag.py
[2024-10-01T13:23:57.015+0530] {logging_mixin.py:190} INFO - [2024-10-01T13:23:57.014+0530] {dag.py:3239} INFO - Sync 1 DAGs
[2024-10-01T13:23:57.037+0530] {logging_mixin.py:190} INFO - [2024-10-01T13:23:57.036+0530] {dag.py:4180} INFO - Setting next_dagrun for ingest_dag to 2024-09-30 00:00:00+00:00, run_after=2024-10-01 00:00:00+00:00
[2024-10-01T13:23:57.065+0530] {processor.py:208} INFO - Processing /home/username/blackstraw/airflow/airflow/dags/ingest_dag.py took 0.092 seconds
[2024-10-01T13:24:29.079+0530] {processor.py:186} INFO - Started process (PID=18996) to work on /home/username/blackstraw/airflow/airflow/dags/ingest_dag.py
[2024-10-01T13:24:29.081+0530] {processor.py:914} INFO - Processing file /home/username/blackstraw/airflow/airflow/dags/ingest_dag.py for tasks to queue
[2024-10-01T13:24:29.086+0530] {logging_mixin.py:190} INFO - [2024-10-01T13:24:29.085+0530] {dagbag.py:588} INFO - Filling up the DagBag from /home/username/blackstraw/airflow/airflow/dags/ingest_dag.py
[2024-10-01T13:24:29.104+0530] {processor.py:925} INFO - DAG(s) 'ingest_dag' retrieved from /home/username/blackstraw/airflow/airflow/dags/ingest_dag.py
[2024-10-01T13:24:29.141+0530] {logging_mixin.py:190} INFO - [2024-10-01T13:24:29.140+0530] {dag.py:3239} INFO - Sync 1 DAGs
[2024-10-01T13:24:29.173+0530] {logging_mixin.py:190} INFO - [2024-10-01T13:24:29.172+0530] {dag.py:4180} INFO - Setting next_dagrun for ingest_dag to 2024-09-30 00:00:00+00:00, run_after=2024-10-01 00:00:00+00:00
[2024-10-01T13:24:29.215+0530] {processor.py:208} INFO - Processing /home/username/blackstraw/airflow/airflow/dags/ingest_dag.py took 0.147 seconds
[2024-10-01T13:25:01.462+0530] {processor.py:186} INFO - Started process (PID=19075) to work on /home/username/blackstraw/airflow/airflow/dags/ingest_dag.py
[2024-10-01T13:25:01.465+0530] {processor.py:914} INFO - Processing file /home/username/blackstraw/airflow/airflow/dags/ingest_dag.py for tasks to queue
[2024-10-01T13:25:01.469+0530] {logging_mixin.py:190} INFO - [2024-10-01T13:25:01.468+0530] {dagbag.py:588} INFO - Filling up the DagBag from /home/username/blackstraw/airflow/airflow/dags/ingest_dag.py
[2024-10-01T13:25:01.486+0530] {processor.py:925} INFO - DAG(s) 'ingest_dag' retrieved from /home/username/blackstraw/airflow/airflow/dags/ingest_dag.py
[2024-10-01T13:25:01.510+0530] {logging_mixin.py:190} INFO - [2024-10-01T13:25:01.510+0530] {dag.py:3239} INFO - Sync 1 DAGs
[2024-10-01T13:25:01.535+0530] {logging_mixin.py:190} INFO - [2024-10-01T13:25:01.534+0530] {dag.py:4180} INFO - Setting next_dagrun for ingest_dag to 2024-09-30 00:00:00+00:00, run_after=2024-10-01 00:00:00+00:00
[2024-10-01T13:25:01.568+0530] {processor.py:208} INFO - Processing /home/username/blackstraw/airflow/airflow/dags/ingest_dag.py took 0.121 seconds
[2024-10-01T13:25:33.092+0530] {processor.py:186} INFO - Started process (PID=19246) to work on /home/username/blackstraw/airflow/airflow/dags/ingest_dag.py
[2024-10-01T13:25:33.093+0530] {processor.py:914} INFO - Processing file /home/username/blackstraw/airflow/airflow/dags/ingest_dag.py for tasks to queue
[2024-10-01T13:25:33.097+0530] {logging_mixin.py:190} INFO - [2024-10-01T13:25:33.097+0530] {dagbag.py:588} INFO - Filling up the DagBag from /home/username/blackstraw/airflow/airflow/dags/ingest_dag.py
[2024-10-01T13:25:33.115+0530] {processor.py:925} INFO - DAG(s) 'ingest_dag' retrieved from /home/username/blackstraw/airflow/airflow/dags/ingest_dag.py
[2024-10-01T13:25:33.144+0530] {logging_mixin.py:190} INFO - [2024-10-01T13:25:33.144+0530] {dag.py:3239} INFO - Sync 1 DAGs
[2024-10-01T13:25:33.173+0530] {logging_mixin.py:190} INFO - [2024-10-01T13:25:33.173+0530] {dag.py:4180} INFO - Setting next_dagrun for ingest_dag to 2024-09-30 00:00:00+00:00, run_after=2024-10-01 00:00:00+00:00
[2024-10-01T13:25:33.215+0530] {processor.py:208} INFO - Processing /home/username/blackstraw/airflow/airflow/dags/ingest_dag.py took 0.133 seconds
[2024-10-01T13:26:06.528+0530] {processor.py:186} INFO - Started process (PID=19445) to work on /home/username/blackstraw/airflow/airflow/dags/ingest_dag.py
[2024-10-01T13:26:06.531+0530] {processor.py:914} INFO - Processing file /home/username/blackstraw/airflow/airflow/dags/ingest_dag.py for tasks to queue
[2024-10-01T13:26:06.535+0530] {logging_mixin.py:190} INFO - [2024-10-01T13:26:06.535+0530] {dagbag.py:588} INFO - Filling up the DagBag from /home/username/blackstraw/airflow/airflow/dags/ingest_dag.py
[2024-10-01T13:26:06.557+0530] {processor.py:925} INFO - DAG(s) 'ingest_dag' retrieved from /home/username/blackstraw/airflow/airflow/dags/ingest_dag.py
[2024-10-01T13:26:06.585+0530] {logging_mixin.py:190} INFO - [2024-10-01T13:26:06.585+0530] {dag.py:3239} INFO - Sync 1 DAGs
[2024-10-01T13:26:06.610+0530] {logging_mixin.py:190} INFO - [2024-10-01T13:26:06.610+0530] {dag.py:4180} INFO - Setting next_dagrun for ingest_dag to 2024-09-30 00:00:00+00:00, run_after=2024-10-01 00:00:00+00:00
[2024-10-01T13:26:06.643+0530] {processor.py:208} INFO - Processing /home/username/blackstraw/airflow/airflow/dags/ingest_dag.py took 0.126 seconds
[2024-10-01T13:26:38.649+0530] {processor.py:186} INFO - Started process (PID=19458) to work on /home/username/blackstraw/airflow/airflow/dags/ingest_dag.py
[2024-10-01T13:26:38.654+0530] {processor.py:914} INFO - Processing file /home/username/blackstraw/airflow/airflow/dags/ingest_dag.py for tasks to queue
[2024-10-01T13:26:38.658+0530] {logging_mixin.py:190} INFO - [2024-10-01T13:26:38.658+0530] {dagbag.py:588} INFO - Filling up the DagBag from /home/username/blackstraw/airflow/airflow/dags/ingest_dag.py
[2024-10-01T13:26:38.676+0530] {processor.py:925} INFO - DAG(s) 'ingest_dag' retrieved from /home/username/blackstraw/airflow/airflow/dags/ingest_dag.py
[2024-10-01T13:26:38.702+0530] {logging_mixin.py:190} INFO - [2024-10-01T13:26:38.701+0530] {dag.py:3239} INFO - Sync 1 DAGs
[2024-10-01T13:26:38.725+0530] {logging_mixin.py:190} INFO - [2024-10-01T13:26:38.725+0530] {dag.py:4180} INFO - Setting next_dagrun for ingest_dag to 2024-09-30 00:00:00+00:00, run_after=2024-10-01 00:00:00+00:00
[2024-10-01T13:26:38.762+0530] {processor.py:208} INFO - Processing /home/username/blackstraw/airflow/airflow/dags/ingest_dag.py took 0.125 seconds
[2024-10-01T13:27:11.117+0530] {processor.py:186} INFO - Started process (PID=19512) to work on /home/username/blackstraw/airflow/airflow/dags/ingest_dag.py
[2024-10-01T13:27:11.119+0530] {processor.py:914} INFO - Processing file /home/username/blackstraw/airflow/airflow/dags/ingest_dag.py for tasks to queue
[2024-10-01T13:27:11.122+0530] {logging_mixin.py:190} INFO - [2024-10-01T13:27:11.122+0530] {dagbag.py:588} INFO - Filling up the DagBag from /home/username/blackstraw/airflow/airflow/dags/ingest_dag.py
[2024-10-01T13:27:11.138+0530] {processor.py:925} INFO - DAG(s) 'ingest_dag' retrieved from /home/username/blackstraw/airflow/airflow/dags/ingest_dag.py
[2024-10-01T13:27:11.158+0530] {logging_mixin.py:190} INFO - [2024-10-01T13:27:11.158+0530] {dag.py:3239} INFO - Sync 1 DAGs
[2024-10-01T13:27:11.178+0530] {logging_mixin.py:190} INFO - [2024-10-01T13:27:11.178+0530] {dag.py:4180} INFO - Setting next_dagrun for ingest_dag to 2024-09-30 00:00:00+00:00, run_after=2024-10-01 00:00:00+00:00
[2024-10-01T13:27:11.208+0530] {processor.py:208} INFO - Processing /home/username/blackstraw/airflow/airflow/dags/ingest_dag.py took 0.101 seconds
[2024-10-01T13:27:43.201+0530] {processor.py:186} INFO - Started process (PID=19563) to work on /home/username/blackstraw/airflow/airflow/dags/ingest_dag.py
[2024-10-01T13:27:43.204+0530] {processor.py:914} INFO - Processing file /home/username/blackstraw/airflow/airflow/dags/ingest_dag.py for tasks to queue
[2024-10-01T13:27:43.209+0530] {logging_mixin.py:190} INFO - [2024-10-01T13:27:43.208+0530] {dagbag.py:588} INFO - Filling up the DagBag from /home/username/blackstraw/airflow/airflow/dags/ingest_dag.py
[2024-10-01T13:27:43.231+0530] {processor.py:925} INFO - DAG(s) 'ingest_dag' retrieved from /home/username/blackstraw/airflow/airflow/dags/ingest_dag.py
[2024-10-01T13:27:43.255+0530] {logging_mixin.py:190} INFO - [2024-10-01T13:27:43.255+0530] {dag.py:3239} INFO - Sync 1 DAGs
[2024-10-01T13:27:43.278+0530] {logging_mixin.py:190} INFO - [2024-10-01T13:27:43.277+0530] {dag.py:4180} INFO - Setting next_dagrun for ingest_dag to 2024-09-30 00:00:00+00:00, run_after=2024-10-01 00:00:00+00:00
[2024-10-01T13:27:43.314+0530] {processor.py:208} INFO - Processing /home/username/blackstraw/airflow/airflow/dags/ingest_dag.py took 0.126 seconds
[2024-10-01T13:28:15.683+0530] {processor.py:186} INFO - Started process (PID=19624) to work on /home/username/blackstraw/airflow/airflow/dags/ingest_dag.py
[2024-10-01T13:28:15.686+0530] {processor.py:914} INFO - Processing file /home/username/blackstraw/airflow/airflow/dags/ingest_dag.py for tasks to queue
[2024-10-01T13:28:15.691+0530] {logging_mixin.py:190} INFO - [2024-10-01T13:28:15.690+0530] {dagbag.py:588} INFO - Filling up the DagBag from /home/username/blackstraw/airflow/airflow/dags/ingest_dag.py
[2024-10-01T13:28:15.715+0530] {processor.py:925} INFO - DAG(s) 'ingest_dag' retrieved from /home/username/blackstraw/airflow/airflow/dags/ingest_dag.py
[2024-10-01T13:28:15.748+0530] {logging_mixin.py:190} INFO - [2024-10-01T13:28:15.747+0530] {dag.py:3239} INFO - Sync 1 DAGs
[2024-10-01T13:28:15.770+0530] {logging_mixin.py:190} INFO - [2024-10-01T13:28:15.770+0530] {dag.py:4180} INFO - Setting next_dagrun for ingest_dag to 2024-09-30 00:00:00+00:00, run_after=2024-10-01 00:00:00+00:00
[2024-10-01T13:28:15.812+0530] {processor.py:208} INFO - Processing /home/username/blackstraw/airflow/airflow/dags/ingest_dag.py took 0.141 seconds
[2024-10-01T13:28:48.337+0530] {processor.py:186} INFO - Started process (PID=19724) to work on /home/username/blackstraw/airflow/airflow/dags/ingest_dag.py
[2024-10-01T13:28:48.339+0530] {processor.py:914} INFO - Processing file /home/username/blackstraw/airflow/airflow/dags/ingest_dag.py for tasks to queue
[2024-10-01T13:28:48.344+0530] {logging_mixin.py:190} INFO - [2024-10-01T13:28:48.343+0530] {dagbag.py:588} INFO - Filling up the DagBag from /home/username/blackstraw/airflow/airflow/dags/ingest_dag.py
[2024-10-01T13:28:48.361+0530] {processor.py:925} INFO - DAG(s) 'ingest_dag' retrieved from /home/username/blackstraw/airflow/airflow/dags/ingest_dag.py
[2024-10-01T13:28:48.383+0530] {logging_mixin.py:190} INFO - [2024-10-01T13:28:48.383+0530] {dag.py:3239} INFO - Sync 1 DAGs
[2024-10-01T13:28:48.406+0530] {logging_mixin.py:190} INFO - [2024-10-01T13:28:48.406+0530] {dag.py:4180} INFO - Setting next_dagrun for ingest_dag to 2024-09-30 00:00:00+00:00, run_after=2024-10-01 00:00:00+00:00
[2024-10-01T13:28:48.447+0530] {processor.py:208} INFO - Processing /home/username/blackstraw/airflow/airflow/dags/ingest_dag.py took 0.122 seconds
[2024-10-01T13:29:20.810+0530] {processor.py:186} INFO - Started process (PID=19773) to work on /home/username/blackstraw/airflow/airflow/dags/ingest_dag.py
[2024-10-01T13:29:20.815+0530] {processor.py:914} INFO - Processing file /home/username/blackstraw/airflow/airflow/dags/ingest_dag.py for tasks to queue
[2024-10-01T13:29:20.824+0530] {logging_mixin.py:190} INFO - [2024-10-01T13:29:20.823+0530] {dagbag.py:588} INFO - Filling up the DagBag from /home/username/blackstraw/airflow/airflow/dags/ingest_dag.py
[2024-10-01T13:29:20.852+0530] {processor.py:925} INFO - DAG(s) 'ingest_dag' retrieved from /home/username/blackstraw/airflow/airflow/dags/ingest_dag.py
[2024-10-01T13:29:20.877+0530] {logging_mixin.py:190} INFO - [2024-10-01T13:29:20.877+0530] {dag.py:3239} INFO - Sync 1 DAGs
[2024-10-01T13:29:20.899+0530] {logging_mixin.py:190} INFO - [2024-10-01T13:29:20.899+0530] {dag.py:4180} INFO - Setting next_dagrun for ingest_dag to 2024-09-30 00:00:00+00:00, run_after=2024-10-01 00:00:00+00:00
[2024-10-01T13:29:20.935+0530] {processor.py:208} INFO - Processing /home/username/blackstraw/airflow/airflow/dags/ingest_dag.py took 0.144 seconds
[2024-10-01T13:29:53.711+0530] {processor.py:186} INFO - Started process (PID=19852) to work on /home/username/blackstraw/airflow/airflow/dags/ingest_dag.py
[2024-10-01T13:29:53.712+0530] {processor.py:914} INFO - Processing file /home/username/blackstraw/airflow/airflow/dags/ingest_dag.py for tasks to queue
[2024-10-01T13:29:53.714+0530] {logging_mixin.py:190} INFO - [2024-10-01T13:29:53.714+0530] {dagbag.py:588} INFO - Filling up the DagBag from /home/username/blackstraw/airflow/airflow/dags/ingest_dag.py
[2024-10-01T13:29:53.725+0530] {processor.py:925} INFO - DAG(s) 'ingest_dag' retrieved from /home/username/blackstraw/airflow/airflow/dags/ingest_dag.py
[2024-10-01T13:29:53.744+0530] {logging_mixin.py:190} INFO - [2024-10-01T13:29:53.744+0530] {dag.py:3239} INFO - Sync 1 DAGs
[2024-10-01T13:29:53.763+0530] {logging_mixin.py:190} INFO - [2024-10-01T13:29:53.763+0530] {dag.py:4180} INFO - Setting next_dagrun for ingest_dag to 2024-09-30 00:00:00+00:00, run_after=2024-10-01 00:00:00+00:00
[2024-10-01T13:29:53.793+0530] {processor.py:208} INFO - Processing /home/username/blackstraw/airflow/airflow/dags/ingest_dag.py took 0.088 seconds
[2024-10-01T13:30:41.621+0530] {processor.py:186} INFO - Started process (PID=20086) to work on /home/username/blackstraw/airflow/airflow/dags/ingest_dag.py
[2024-10-01T13:30:41.624+0530] {processor.py:914} INFO - Processing file /home/username/blackstraw/airflow/airflow/dags/ingest_dag.py for tasks to queue
[2024-10-01T13:30:41.628+0530] {logging_mixin.py:190} INFO - [2024-10-01T13:30:41.628+0530] {dagbag.py:588} INFO - Filling up the DagBag from /home/username/blackstraw/airflow/airflow/dags/ingest_dag.py
[2024-10-01T13:30:41.652+0530] {processor.py:925} INFO - DAG(s) 'ingest_dag' retrieved from /home/username/blackstraw/airflow/airflow/dags/ingest_dag.py
[2024-10-01T13:30:41.677+0530] {logging_mixin.py:190} INFO - [2024-10-01T13:30:41.676+0530] {dag.py:3239} INFO - Sync 1 DAGs
[2024-10-01T13:30:41.701+0530] {logging_mixin.py:190} INFO - [2024-10-01T13:30:41.701+0530] {dag.py:4180} INFO - Setting next_dagrun for ingest_dag to 2024-09-30 00:00:00+00:00, run_after=2024-10-01 00:00:00+00:00
[2024-10-01T13:30:41.747+0530] {processor.py:208} INFO - Processing /home/username/blackstraw/airflow/airflow/dags/ingest_dag.py took 0.137 seconds
[2024-10-01T13:31:13.532+0530] {processor.py:186} INFO - Started process (PID=20234) to work on /home/username/blackstraw/airflow/airflow/dags/ingest_dag.py
[2024-10-01T13:31:13.533+0530] {processor.py:914} INFO - Processing file /home/username/blackstraw/airflow/airflow/dags/ingest_dag.py for tasks to queue
[2024-10-01T13:31:13.536+0530] {logging_mixin.py:190} INFO - [2024-10-01T13:31:13.535+0530] {dagbag.py:588} INFO - Filling up the DagBag from /home/username/blackstraw/airflow/airflow/dags/ingest_dag.py
[2024-10-01T13:31:13.549+0530] {processor.py:925} INFO - DAG(s) 'ingest_dag' retrieved from /home/username/blackstraw/airflow/airflow/dags/ingest_dag.py
[2024-10-01T13:31:13.571+0530] {logging_mixin.py:190} INFO - [2024-10-01T13:31:13.570+0530] {dag.py:3239} INFO - Sync 1 DAGs
[2024-10-01T13:31:13.593+0530] {logging_mixin.py:190} INFO - [2024-10-01T13:31:13.593+0530] {dag.py:4180} INFO - Setting next_dagrun for ingest_dag to 2024-09-30 00:00:00+00:00, run_after=2024-10-01 00:00:00+00:00
[2024-10-01T13:31:13.628+0530] {processor.py:208} INFO - Processing /home/username/blackstraw/airflow/airflow/dags/ingest_dag.py took 0.103 seconds
[2024-10-01T13:31:46.328+0530] {processor.py:186} INFO - Started process (PID=20514) to work on /home/username/blackstraw/airflow/airflow/dags/ingest_dag.py
[2024-10-01T13:31:46.333+0530] {processor.py:914} INFO - Processing file /home/username/blackstraw/airflow/airflow/dags/ingest_dag.py for tasks to queue
[2024-10-01T13:31:46.343+0530] {logging_mixin.py:190} INFO - [2024-10-01T13:31:46.341+0530] {dagbag.py:588} INFO - Filling up the DagBag from /home/username/blackstraw/airflow/airflow/dags/ingest_dag.py
[2024-10-01T13:31:46.391+0530] {processor.py:925} INFO - DAG(s) 'ingest_dag' retrieved from /home/username/blackstraw/airflow/airflow/dags/ingest_dag.py
[2024-10-01T13:31:46.423+0530] {logging_mixin.py:190} INFO - [2024-10-01T13:31:46.423+0530] {dag.py:3239} INFO - Sync 1 DAGs
[2024-10-01T13:31:46.453+0530] {logging_mixin.py:190} INFO - [2024-10-01T13:31:46.452+0530] {dag.py:4180} INFO - Setting next_dagrun for ingest_dag to 2024-09-30 00:00:00+00:00, run_after=2024-10-01 00:00:00+00:00
[2024-10-01T13:31:46.486+0530] {processor.py:208} INFO - Processing /home/username/blackstraw/airflow/airflow/dags/ingest_dag.py took 0.186 seconds
[2024-10-01T13:32:18.638+0530] {processor.py:186} INFO - Started process (PID=20745) to work on /home/username/blackstraw/airflow/airflow/dags/ingest_dag.py
[2024-10-01T13:32:18.638+0530] {processor.py:914} INFO - Processing file /home/username/blackstraw/airflow/airflow/dags/ingest_dag.py for tasks to queue
[2024-10-01T13:32:18.641+0530] {logging_mixin.py:190} INFO - [2024-10-01T13:32:18.641+0530] {dagbag.py:588} INFO - Filling up the DagBag from /home/username/blackstraw/airflow/airflow/dags/ingest_dag.py
[2024-10-01T13:32:18.655+0530] {processor.py:925} INFO - DAG(s) 'ingest_dag' retrieved from /home/username/blackstraw/airflow/airflow/dags/ingest_dag.py
[2024-10-01T13:32:18.678+0530] {logging_mixin.py:190} INFO - [2024-10-01T13:32:18.678+0530] {dag.py:3239} INFO - Sync 1 DAGs
[2024-10-01T13:32:18.701+0530] {logging_mixin.py:190} INFO - [2024-10-01T13:32:18.700+0530] {dag.py:4180} INFO - Setting next_dagrun for ingest_dag to 2024-09-30 00:00:00+00:00, run_after=2024-10-01 00:00:00+00:00
[2024-10-01T13:32:18.733+0530] {processor.py:208} INFO - Processing /home/username/blackstraw/airflow/airflow/dags/ingest_dag.py took 0.103 seconds
[2024-10-01T13:32:51.333+0530] {processor.py:186} INFO - Started process (PID=20884) to work on /home/username/blackstraw/airflow/airflow/dags/ingest_dag.py
[2024-10-01T13:32:51.337+0530] {processor.py:914} INFO - Processing file /home/username/blackstraw/airflow/airflow/dags/ingest_dag.py for tasks to queue
[2024-10-01T13:32:51.342+0530] {logging_mixin.py:190} INFO - [2024-10-01T13:32:51.341+0530] {dagbag.py:588} INFO - Filling up the DagBag from /home/username/blackstraw/airflow/airflow/dags/ingest_dag.py
[2024-10-01T13:32:51.364+0530] {processor.py:925} INFO - DAG(s) 'ingest_dag' retrieved from /home/username/blackstraw/airflow/airflow/dags/ingest_dag.py
[2024-10-01T13:32:51.389+0530] {logging_mixin.py:190} INFO - [2024-10-01T13:32:51.389+0530] {dag.py:3239} INFO - Sync 1 DAGs
[2024-10-01T13:32:51.411+0530] {logging_mixin.py:190} INFO - [2024-10-01T13:32:51.410+0530] {dag.py:4180} INFO - Setting next_dagrun for ingest_dag to 2024-09-30 00:00:00+00:00, run_after=2024-10-01 00:00:00+00:00
[2024-10-01T13:32:51.446+0530] {processor.py:208} INFO - Processing /home/username/blackstraw/airflow/airflow/dags/ingest_dag.py took 0.126 seconds
[2024-10-01T13:33:24.966+0530] {processor.py:186} INFO - Started process (PID=20987) to work on /home/username/blackstraw/airflow/airflow/dags/ingest_dag.py
[2024-10-01T13:33:24.970+0530] {processor.py:914} INFO - Processing file /home/username/blackstraw/airflow/airflow/dags/ingest_dag.py for tasks to queue
[2024-10-01T13:33:24.974+0530] {logging_mixin.py:190} INFO - [2024-10-01T13:33:24.973+0530] {dagbag.py:588} INFO - Filling up the DagBag from /home/username/blackstraw/airflow/airflow/dags/ingest_dag.py
[2024-10-01T13:33:25.001+0530] {processor.py:925} INFO - DAG(s) 'ingest_dag' retrieved from /home/username/blackstraw/airflow/airflow/dags/ingest_dag.py
[2024-10-01T13:33:25.044+0530] {logging_mixin.py:190} INFO - [2024-10-01T13:33:25.044+0530] {dag.py:3239} INFO - Sync 1 DAGs
[2024-10-01T13:33:25.091+0530] {logging_mixin.py:190} INFO - [2024-10-01T13:33:25.091+0530] {dag.py:4180} INFO - Setting next_dagrun for ingest_dag to 2024-09-30 00:00:00+00:00, run_after=2024-10-01 00:00:00+00:00
[2024-10-01T13:33:25.140+0530] {processor.py:208} INFO - Processing /home/username/blackstraw/airflow/airflow/dags/ingest_dag.py took 0.186 seconds
[2024-10-01T13:33:57.381+0530] {processor.py:186} INFO - Started process (PID=21104) to work on /home/username/blackstraw/airflow/airflow/dags/ingest_dag.py
[2024-10-01T13:33:57.383+0530] {processor.py:914} INFO - Processing file /home/username/blackstraw/airflow/airflow/dags/ingest_dag.py for tasks to queue
[2024-10-01T13:33:57.385+0530] {logging_mixin.py:190} INFO - [2024-10-01T13:33:57.385+0530] {dagbag.py:588} INFO - Filling up the DagBag from /home/username/blackstraw/airflow/airflow/dags/ingest_dag.py
[2024-10-01T13:33:57.397+0530] {processor.py:925} INFO - DAG(s) 'ingest_dag' retrieved from /home/username/blackstraw/airflow/airflow/dags/ingest_dag.py
[2024-10-01T13:33:57.422+0530] {logging_mixin.py:190} INFO - [2024-10-01T13:33:57.421+0530] {dag.py:3239} INFO - Sync 1 DAGs
[2024-10-01T13:33:57.447+0530] {logging_mixin.py:190} INFO - [2024-10-01T13:33:57.447+0530] {dag.py:4180} INFO - Setting next_dagrun for ingest_dag to 2024-09-30 00:00:00+00:00, run_after=2024-10-01 00:00:00+00:00
[2024-10-01T13:33:57.481+0530] {processor.py:208} INFO - Processing /home/username/blackstraw/airflow/airflow/dags/ingest_dag.py took 0.107 seconds
[2024-10-01T13:34:30.363+0530] {processor.py:186} INFO - Started process (PID=21207) to work on /home/username/blackstraw/airflow/airflow/dags/ingest_dag.py
[2024-10-01T13:34:30.366+0530] {processor.py:914} INFO - Processing file /home/username/blackstraw/airflow/airflow/dags/ingest_dag.py for tasks to queue
[2024-10-01T13:34:30.372+0530] {logging_mixin.py:190} INFO - [2024-10-01T13:34:30.371+0530] {dagbag.py:588} INFO - Filling up the DagBag from /home/username/blackstraw/airflow/airflow/dags/ingest_dag.py
[2024-10-01T13:34:30.403+0530] {processor.py:925} INFO - DAG(s) 'ingest_dag' retrieved from /home/username/blackstraw/airflow/airflow/dags/ingest_dag.py
[2024-10-01T13:34:30.443+0530] {logging_mixin.py:190} INFO - [2024-10-01T13:34:30.442+0530] {dag.py:3239} INFO - Sync 1 DAGs
[2024-10-01T13:34:30.470+0530] {logging_mixin.py:190} INFO - [2024-10-01T13:34:30.469+0530] {dag.py:4180} INFO - Setting next_dagrun for ingest_dag to 2024-09-30 00:00:00+00:00, run_after=2024-10-01 00:00:00+00:00
[2024-10-01T13:34:30.530+0530] {processor.py:208} INFO - Processing /home/username/blackstraw/airflow/airflow/dags/ingest_dag.py took 0.180 seconds
[2024-10-01T13:35:02.710+0530] {processor.py:186} INFO - Started process (PID=21280) to work on /home/username/blackstraw/airflow/airflow/dags/ingest_dag.py
[2024-10-01T13:35:02.712+0530] {processor.py:914} INFO - Processing file /home/username/blackstraw/airflow/airflow/dags/ingest_dag.py for tasks to queue
[2024-10-01T13:35:02.717+0530] {logging_mixin.py:190} INFO - [2024-10-01T13:35:02.716+0530] {dagbag.py:588} INFO - Filling up the DagBag from /home/username/blackstraw/airflow/airflow/dags/ingest_dag.py
[2024-10-01T13:35:02.736+0530] {processor.py:925} INFO - DAG(s) 'ingest_dag' retrieved from /home/username/blackstraw/airflow/airflow/dags/ingest_dag.py
[2024-10-01T13:35:02.765+0530] {logging_mixin.py:190} INFO - [2024-10-01T13:35:02.765+0530] {dag.py:3239} INFO - Sync 1 DAGs
[2024-10-01T13:35:02.794+0530] {logging_mixin.py:190} INFO - [2024-10-01T13:35:02.794+0530] {dag.py:4180} INFO - Setting next_dagrun for ingest_dag to 2024-09-30 00:00:00+00:00, run_after=2024-10-01 00:00:00+00:00
[2024-10-01T13:35:02.828+0530] {processor.py:208} INFO - Processing /home/username/blackstraw/airflow/airflow/dags/ingest_dag.py took 0.130 seconds
[2024-10-01T13:35:35.792+0530] {processor.py:186} INFO - Started process (PID=21510) to work on /home/username/blackstraw/airflow/airflow/dags/ingest_dag.py
[2024-10-01T13:35:35.795+0530] {processor.py:914} INFO - Processing file /home/username/blackstraw/airflow/airflow/dags/ingest_dag.py for tasks to queue
[2024-10-01T13:35:35.800+0530] {logging_mixin.py:190} INFO - [2024-10-01T13:35:35.799+0530] {dagbag.py:588} INFO - Filling up the DagBag from /home/username/blackstraw/airflow/airflow/dags/ingest_dag.py
[2024-10-01T13:35:35.824+0530] {processor.py:925} INFO - DAG(s) 'ingest_dag' retrieved from /home/username/blackstraw/airflow/airflow/dags/ingest_dag.py
[2024-10-01T13:35:35.945+0530] {logging_mixin.py:190} INFO - [2024-10-01T13:35:35.944+0530] {dag.py:3239} INFO - Sync 1 DAGs
[2024-10-01T13:35:35.955+0530] {logging_mixin.py:190} INFO - [2024-10-01T13:35:35.955+0530] {dag.py:3262} INFO - Creating ORM DAG for ingest_dag
[2024-10-01T13:35:35.965+0530] {logging_mixin.py:190} INFO - [2024-10-01T13:35:35.965+0530] {dag.py:4180} INFO - Setting next_dagrun for ingest_dag to 2024-09-30 00:00:00+00:00, run_after=2024-10-01 00:00:00+00:00
[2024-10-01T13:35:36.001+0530] {processor.py:208} INFO - Processing /home/username/blackstraw/airflow/airflow/dags/ingest_dag.py took 0.223 seconds
[2024-10-01T13:36:02.710+0530] {processor.py:186} INFO - Started process (PID=21653) to work on /home/username/blackstraw/airflow/airflow/dags/ingest_dag.py
[2024-10-01T13:36:02.712+0530] {processor.py:914} INFO - Processing file /home/username/blackstraw/airflow/airflow/dags/ingest_dag.py for tasks to queue
[2024-10-01T13:36:02.716+0530] {logging_mixin.py:190} INFO - [2024-10-01T13:36:02.716+0530] {dagbag.py:588} INFO - Filling up the DagBag from /home/username/blackstraw/airflow/airflow/dags/ingest_dag.py
[2024-10-01T13:36:02.742+0530] {processor.py:925} INFO - DAG(s) 'ingest_dag' retrieved from /home/username/blackstraw/airflow/airflow/dags/ingest_dag.py
[2024-10-01T13:36:02.757+0530] {logging_mixin.py:190} INFO - [2024-10-01T13:36:02.756+0530] {dag.py:3239} INFO - Sync 1 DAGs
[2024-10-01T13:36:02.795+0530] {logging_mixin.py:190} INFO - [2024-10-01T13:36:02.794+0530] {dag.py:4180} INFO - Setting next_dagrun for ingest_dag to 2024-09-30 00:00:00+00:00, run_after=2024-10-01 00:00:00+00:00
[2024-10-01T13:36:02.838+0530] {processor.py:208} INFO - Processing /home/username/blackstraw/airflow/airflow/dags/ingest_dag.py took 0.141 seconds
[2024-10-01T13:36:34.870+0530] {processor.py:186} INFO - Started process (PID=21767) to work on /home/username/blackstraw/airflow/airflow/dags/ingest_dag.py
[2024-10-01T13:36:34.873+0530] {processor.py:914} INFO - Processing file /home/username/blackstraw/airflow/airflow/dags/ingest_dag.py for tasks to queue
[2024-10-01T13:36:34.877+0530] {logging_mixin.py:190} INFO - [2024-10-01T13:36:34.877+0530] {dagbag.py:588} INFO - Filling up the DagBag from /home/username/blackstraw/airflow/airflow/dags/ingest_dag.py
[2024-10-01T13:36:34.903+0530] {processor.py:925} INFO - DAG(s) 'ingest_dag' retrieved from /home/username/blackstraw/airflow/airflow/dags/ingest_dag.py
[2024-10-01T13:36:34.934+0530] {logging_mixin.py:190} INFO - [2024-10-01T13:36:34.933+0530] {dag.py:3239} INFO - Sync 1 DAGs
[2024-10-01T13:36:34.961+0530] {logging_mixin.py:190} INFO - [2024-10-01T13:36:34.961+0530] {dag.py:4180} INFO - Setting next_dagrun for ingest_dag to 2024-09-30 00:00:00+00:00, run_after=2024-10-01 00:00:00+00:00
[2024-10-01T13:36:35.008+0530] {processor.py:208} INFO - Processing /home/username/blackstraw/airflow/airflow/dags/ingest_dag.py took 0.153 seconds
[2024-10-01T13:37:08.041+0530] {processor.py:186} INFO - Started process (PID=21816) to work on /home/username/blackstraw/airflow/airflow/dags/ingest_dag.py
[2024-10-01T13:37:08.043+0530] {processor.py:914} INFO - Processing file /home/username/blackstraw/airflow/airflow/dags/ingest_dag.py for tasks to queue
[2024-10-01T13:37:08.045+0530] {logging_mixin.py:190} INFO - [2024-10-01T13:37:08.045+0530] {dagbag.py:588} INFO - Filling up the DagBag from /home/username/blackstraw/airflow/airflow/dags/ingest_dag.py
[2024-10-01T13:37:08.059+0530] {processor.py:925} INFO - DAG(s) 'ingest_dag' retrieved from /home/username/blackstraw/airflow/airflow/dags/ingest_dag.py
[2024-10-01T13:37:08.080+0530] {logging_mixin.py:190} INFO - [2024-10-01T13:37:08.080+0530] {dag.py:3239} INFO - Sync 1 DAGs
[2024-10-01T13:37:08.101+0530] {logging_mixin.py:190} INFO - [2024-10-01T13:37:08.100+0530] {dag.py:4180} INFO - Setting next_dagrun for ingest_dag to 2024-09-30 00:00:00+00:00, run_after=2024-10-01 00:00:00+00:00
[2024-10-01T13:37:08.130+0530] {processor.py:208} INFO - Processing /home/username/blackstraw/airflow/airflow/dags/ingest_dag.py took 0.096 seconds
[2024-10-01T13:37:41.044+0530] {processor.py:186} INFO - Started process (PID=21928) to work on /home/username/blackstraw/airflow/airflow/dags/ingest_dag.py
[2024-10-01T13:37:41.046+0530] {processor.py:914} INFO - Processing file /home/username/blackstraw/airflow/airflow/dags/ingest_dag.py for tasks to queue
[2024-10-01T13:37:41.050+0530] {logging_mixin.py:190} INFO - [2024-10-01T13:37:41.049+0530] {dagbag.py:588} INFO - Filling up the DagBag from /home/username/blackstraw/airflow/airflow/dags/ingest_dag.py
[2024-10-01T13:37:41.066+0530] {processor.py:925} INFO - DAG(s) 'ingest_dag' retrieved from /home/username/blackstraw/airflow/airflow/dags/ingest_dag.py
[2024-10-01T13:37:41.106+0530] {logging_mixin.py:190} INFO - [2024-10-01T13:37:41.105+0530] {dag.py:3239} INFO - Sync 1 DAGs
[2024-10-01T13:37:41.152+0530] {logging_mixin.py:190} INFO - [2024-10-01T13:37:41.152+0530] {dag.py:4180} INFO - Setting next_dagrun for ingest_dag to 2024-09-30 00:00:00+00:00, run_after=2024-10-01 00:00:00+00:00
[2024-10-01T13:37:41.198+0530] {processor.py:208} INFO - Processing /home/username/blackstraw/airflow/airflow/dags/ingest_dag.py took 0.161 seconds
[2024-10-01T13:38:13.529+0530] {processor.py:186} INFO - Started process (PID=22027) to work on /home/username/blackstraw/airflow/airflow/dags/ingest_dag.py
[2024-10-01T13:38:13.532+0530] {processor.py:914} INFO - Processing file /home/username/blackstraw/airflow/airflow/dags/ingest_dag.py for tasks to queue
[2024-10-01T13:38:13.536+0530] {logging_mixin.py:190} INFO - [2024-10-01T13:38:13.535+0530] {dagbag.py:588} INFO - Filling up the DagBag from /home/username/blackstraw/airflow/airflow/dags/ingest_dag.py
[2024-10-01T13:38:13.558+0530] {processor.py:925} INFO - DAG(s) 'ingest_dag' retrieved from /home/username/blackstraw/airflow/airflow/dags/ingest_dag.py
[2024-10-01T13:38:13.595+0530] {logging_mixin.py:190} INFO - [2024-10-01T13:38:13.595+0530] {dag.py:3239} INFO - Sync 1 DAGs
[2024-10-01T13:38:13.633+0530] {logging_mixin.py:190} INFO - [2024-10-01T13:38:13.632+0530] {dag.py:4180} INFO - Setting next_dagrun for ingest_dag to 2024-09-30 00:00:00+00:00, run_after=2024-10-01 00:00:00+00:00
[2024-10-01T13:38:13.673+0530] {processor.py:208} INFO - Processing /home/username/blackstraw/airflow/airflow/dags/ingest_dag.py took 0.156 seconds
