[2024-09-30T18:39:43.251+0530] {local_task_job_runner.py:123} INFO - ::group::Pre task execution logs
[2024-09-30T18:39:43.330+0530] {taskinstance.py:2612} INFO - Dependencies all met for dep_context=non-requeueable deps ti=<TaskInstance: ingest_dag.start manual__2024-09-30T13:09:39.348880+00:00 [queued]>
[2024-09-30T18:39:43.337+0530] {taskinstance.py:2612} INFO - Dependencies all met for dep_context=requeueable deps ti=<TaskInstance: ingest_dag.start manual__2024-09-30T13:09:39.348880+00:00 [queued]>
[2024-09-30T18:39:43.337+0530] {taskinstance.py:2865} INFO - Starting attempt 1 of 1
[2024-09-30T18:39:43.365+0530] {taskinstance.py:2888} INFO - Executing <Task(BashOperator): start> on 2024-09-30 13:09:39.348880+00:00
[2024-09-30T18:39:43.369+0530] {standard_task_runner.py:72} INFO - Started process 15365 to run task
[2024-09-30T18:39:43.374+0530] {standard_task_runner.py:104} INFO - Running: ['airflow', 'tasks', 'run', 'ingest_dag', 'start', 'manual__2024-09-30T13:09:39.348880+00:00', '--job-id', '8', '--raw', '--subdir', 'DAGS_FOLDER/ingest_dag.py', '--cfg-path', '/tmp/tmple35eypj']
[2024-09-30T18:39:43.377+0530] {standard_task_runner.py:105} INFO - Job 8: Subtask start
[2024-09-30T18:39:43.429+0530] {task_command.py:467} INFO - Running <TaskInstance: ingest_dag.start manual__2024-09-30T13:09:39.348880+00:00 [running]> on host Nithesh-Kumar.localdomain
[2024-09-30T18:39:43.532+0530] {taskinstance.py:3131} INFO - Exporting env vars: AIRFLOW_CTX_DAG_OWNER='airflow' AIRFLOW_CTX_DAG_ID='ingest_dag' AIRFLOW_CTX_TASK_ID='start' AIRFLOW_CTX_EXECUTION_DATE='2024-09-30T13:09:39.348880+00:00' AIRFLOW_CTX_TRY_NUMBER='1' AIRFLOW_CTX_DAG_RUN_ID='manual__2024-09-30T13:09:39.348880+00:00'
[2024-09-30T18:39:43.533+0530] {taskinstance.py:731} INFO - ::endgroup::
[2024-09-30T18:39:43.547+0530] {subprocess.py:63} INFO - Tmp dir root location: /tmp
[2024-09-30T18:39:43.548+0530] {subprocess.py:75} INFO - Running command: ['/usr/bin/bash', '-c', 'echo "Ingest DAG started"']
[2024-09-30T18:39:43.554+0530] {subprocess.py:86} INFO - Output:
[2024-09-30T18:39:43.555+0530] {subprocess.py:93} INFO - Ingest DAG started
[2024-09-30T18:39:43.555+0530] {subprocess.py:97} INFO - Command exited with return code 0
[2024-09-30T18:39:43.583+0530] {taskinstance.py:340} INFO - ::group::Post task execution logs
[2024-09-30T18:39:43.583+0530] {taskinstance.py:352} INFO - Marking task as SUCCESS. dag_id=ingest_dag, task_id=start, run_id=manual__2024-09-30T13:09:39.348880+00:00, execution_date=20240930T130939, start_date=20240930T130943, end_date=20240930T130943
[2024-09-30T18:39:43.629+0530] {local_task_job_runner.py:266} INFO - Task exited with return code 0
[2024-09-30T18:39:43.658+0530] {taskinstance.py:3900} INFO - 1 downstream tasks scheduled from follow-on schedule check
[2024-09-30T18:39:43.677+0530] {local_task_job_runner.py:245} INFO - ::endgroup::
