[2024-10-03T09:41:11.336+0530] {processor.py:186} INFO - Started process (PID=1326) to work on /home/username/blackstraw/airflow/airflow/dags/data_ingestion_dag.py
[2024-10-03T09:41:11.337+0530] {processor.py:914} INFO - Processing file /home/username/blackstraw/airflow/airflow/dags/data_ingestion_dag.py for tasks to queue
[2024-10-03T09:41:11.340+0530] {logging_mixin.py:190} INFO - [2024-10-03T09:41:11.339+0530] {dagbag.py:588} INFO - Filling up the DagBag from /home/username/blackstraw/airflow/airflow/dags/data_ingestion_dag.py
[2024-10-03T09:41:15.791+0530] {processor.py:925} INFO - DAG(s) 'data_ingestion_dag' retrieved from /home/username/blackstraw/airflow/airflow/dags/data_ingestion_dag.py
[2024-10-03T09:41:15.823+0530] {logging_mixin.py:190} INFO - [2024-10-03T09:41:15.822+0530] {dag.py:3239} INFO - Sync 1 DAGs
[2024-10-03T09:41:15.838+0530] {logging_mixin.py:190} INFO - [2024-10-03T09:41:15.837+0530] {dag.py:4180} INFO - Setting next_dagrun for data_ingestion_dag to None, run_after=None
[2024-10-03T09:41:15.876+0530] {processor.py:208} INFO - Processing /home/username/blackstraw/airflow/airflow/dags/data_ingestion_dag.py took 4.548 seconds
[2024-10-03T09:41:47.009+0530] {processor.py:186} INFO - Started process (PID=1564) to work on /home/username/blackstraw/airflow/airflow/dags/data_ingestion_dag.py
[2024-10-03T09:41:47.015+0530] {processor.py:914} INFO - Processing file /home/username/blackstraw/airflow/airflow/dags/data_ingestion_dag.py for tasks to queue
[2024-10-03T09:41:47.024+0530] {logging_mixin.py:190} INFO - [2024-10-03T09:41:47.022+0530] {dagbag.py:588} INFO - Filling up the DagBag from /home/username/blackstraw/airflow/airflow/dags/data_ingestion_dag.py
[2024-10-03T09:41:49.006+0530] {processor.py:925} INFO - DAG(s) 'data_ingestion_dag' retrieved from /home/username/blackstraw/airflow/airflow/dags/data_ingestion_dag.py
[2024-10-03T09:41:49.078+0530] {logging_mixin.py:190} INFO - [2024-10-03T09:41:49.077+0530] {dag.py:3239} INFO - Sync 1 DAGs
[2024-10-03T09:41:49.086+0530] {logging_mixin.py:190} INFO - [2024-10-03T09:41:49.086+0530] {dag.py:4180} INFO - Setting next_dagrun for data_ingestion_dag to None, run_after=None
[2024-10-03T09:41:49.117+0530] {processor.py:208} INFO - Processing /home/username/blackstraw/airflow/airflow/dags/data_ingestion_dag.py took 2.133 seconds
[2024-10-03T09:42:19.723+0530] {processor.py:186} INFO - Started process (PID=1842) to work on /home/username/blackstraw/airflow/airflow/dags/data_ingestion_dag.py
[2024-10-03T09:42:19.727+0530] {processor.py:914} INFO - Processing file /home/username/blackstraw/airflow/airflow/dags/data_ingestion_dag.py for tasks to queue
[2024-10-03T09:42:19.730+0530] {logging_mixin.py:190} INFO - [2024-10-03T09:42:19.729+0530] {dagbag.py:588} INFO - Filling up the DagBag from /home/username/blackstraw/airflow/airflow/dags/data_ingestion_dag.py
[2024-10-03T09:42:21.985+0530] {processor.py:925} INFO - DAG(s) 'data_ingestion_dag' retrieved from /home/username/blackstraw/airflow/airflow/dags/data_ingestion_dag.py
[2024-10-03T09:42:22.000+0530] {logging_mixin.py:190} INFO - [2024-10-03T09:42:22.000+0530] {dag.py:3239} INFO - Sync 1 DAGs
[2024-10-03T09:42:22.011+0530] {logging_mixin.py:190} INFO - [2024-10-03T09:42:22.011+0530] {dag.py:4180} INFO - Setting next_dagrun for data_ingestion_dag to None, run_after=None
[2024-10-03T09:42:22.043+0530] {processor.py:208} INFO - Processing /home/username/blackstraw/airflow/airflow/dags/data_ingestion_dag.py took 2.329 seconds
[2024-10-03T09:42:52.628+0530] {processor.py:186} INFO - Started process (PID=1943) to work on /home/username/blackstraw/airflow/airflow/dags/data_ingestion_dag.py
[2024-10-03T09:42:52.631+0530] {processor.py:914} INFO - Processing file /home/username/blackstraw/airflow/airflow/dags/data_ingestion_dag.py for tasks to queue
[2024-10-03T09:42:52.635+0530] {logging_mixin.py:190} INFO - [2024-10-03T09:42:52.634+0530] {dagbag.py:588} INFO - Filling up the DagBag from /home/username/blackstraw/airflow/airflow/dags/data_ingestion_dag.py
[2024-10-03T09:42:56.000+0530] {processor.py:925} INFO - DAG(s) 'data_ingestion_dag' retrieved from /home/username/blackstraw/airflow/airflow/dags/data_ingestion_dag.py
[2024-10-03T09:42:56.232+0530] {logging_mixin.py:190} INFO - [2024-10-03T09:42:56.231+0530] {dag.py:3239} INFO - Sync 1 DAGs
[2024-10-03T09:42:56.253+0530] {logging_mixin.py:190} INFO - [2024-10-03T09:42:56.253+0530] {dag.py:4180} INFO - Setting next_dagrun for data_ingestion_dag to None, run_after=None
[2024-10-03T09:42:56.308+0530] {processor.py:208} INFO - Processing /home/username/blackstraw/airflow/airflow/dags/data_ingestion_dag.py took 3.692 seconds
[2024-10-03T10:36:08.316+0530] {processor.py:186} INFO - Started process (PID=9324) to work on /home/username/blackstraw/airflow/airflow/dags/data_ingestion_dag.py
[2024-10-03T10:36:08.318+0530] {processor.py:914} INFO - Processing file /home/username/blackstraw/airflow/airflow/dags/data_ingestion_dag.py for tasks to queue
[2024-10-03T10:36:08.321+0530] {logging_mixin.py:190} INFO - [2024-10-03T10:36:08.320+0530] {dagbag.py:588} INFO - Filling up the DagBag from /home/username/blackstraw/airflow/airflow/dags/data_ingestion_dag.py
[2024-10-03T10:36:10.385+0530] {processor.py:925} INFO - DAG(s) 'data_ingestion_dag' retrieved from /home/username/blackstraw/airflow/airflow/dags/data_ingestion_dag.py
[2024-10-03T10:36:10.519+0530] {logging_mixin.py:190} INFO - [2024-10-03T10:36:10.518+0530] {dag.py:3239} INFO - Sync 1 DAGs
[2024-10-03T10:36:10.531+0530] {logging_mixin.py:190} INFO - [2024-10-03T10:36:10.531+0530] {dag.py:4180} INFO - Setting next_dagrun for data_ingestion_dag to None, run_after=None
[2024-10-03T10:36:10.619+0530] {processor.py:208} INFO - Processing /home/username/blackstraw/airflow/airflow/dags/data_ingestion_dag.py took 2.310 seconds
[2024-10-03T10:36:41.415+0530] {processor.py:186} INFO - Started process (PID=9610) to work on /home/username/blackstraw/airflow/airflow/dags/data_ingestion_dag.py
[2024-10-03T10:36:41.420+0530] {processor.py:914} INFO - Processing file /home/username/blackstraw/airflow/airflow/dags/data_ingestion_dag.py for tasks to queue
[2024-10-03T10:36:41.426+0530] {logging_mixin.py:190} INFO - [2024-10-03T10:36:41.425+0530] {dagbag.py:588} INFO - Filling up the DagBag from /home/username/blackstraw/airflow/airflow/dags/data_ingestion_dag.py
[2024-10-03T10:36:43.447+0530] {processor.py:925} INFO - DAG(s) 'data_ingestion_dag' retrieved from /home/username/blackstraw/airflow/airflow/dags/data_ingestion_dag.py
[2024-10-03T10:36:43.503+0530] {logging_mixin.py:190} INFO - [2024-10-03T10:36:43.501+0530] {dag.py:3239} INFO - Sync 1 DAGs
[2024-10-03T10:36:43.523+0530] {logging_mixin.py:190} INFO - [2024-10-03T10:36:43.523+0530] {dag.py:4180} INFO - Setting next_dagrun for data_ingestion_dag to None, run_after=None
[2024-10-03T10:36:43.558+0530] {processor.py:208} INFO - Processing /home/username/blackstraw/airflow/airflow/dags/data_ingestion_dag.py took 2.157 seconds
[2024-10-03T10:39:08.200+0530] {processor.py:186} INFO - Started process (PID=10787) to work on /home/username/blackstraw/airflow/airflow/dags/data_ingestion_dag.py
[2024-10-03T10:39:08.202+0530] {processor.py:914} INFO - Processing file /home/username/blackstraw/airflow/airflow/dags/data_ingestion_dag.py for tasks to queue
[2024-10-03T10:39:08.203+0530] {logging_mixin.py:190} INFO - [2024-10-03T10:39:08.203+0530] {dagbag.py:588} INFO - Filling up the DagBag from /home/username/blackstraw/airflow/airflow/dags/data_ingestion_dag.py
[2024-10-03T10:39:10.483+0530] {processor.py:925} INFO - DAG(s) 'data_ingestion_dag' retrieved from /home/username/blackstraw/airflow/airflow/dags/data_ingestion_dag.py
[2024-10-03T10:39:10.589+0530] {logging_mixin.py:190} INFO - [2024-10-03T10:39:10.588+0530] {dag.py:3239} INFO - Sync 1 DAGs
[2024-10-03T10:39:10.606+0530] {logging_mixin.py:190} INFO - [2024-10-03T10:39:10.605+0530] {dag.py:4180} INFO - Setting next_dagrun for data_ingestion_dag to None, run_after=None
[2024-10-03T10:39:10.639+0530] {processor.py:208} INFO - Processing /home/username/blackstraw/airflow/airflow/dags/data_ingestion_dag.py took 2.446 seconds
[2024-10-03T10:45:17.008+0530] {processor.py:186} INFO - Started process (PID=11984) to work on /home/username/blackstraw/airflow/airflow/dags/data_ingestion_dag.py
[2024-10-03T10:45:17.010+0530] {processor.py:914} INFO - Processing file /home/username/blackstraw/airflow/airflow/dags/data_ingestion_dag.py for tasks to queue
[2024-10-03T10:45:17.012+0530] {logging_mixin.py:190} INFO - [2024-10-03T10:45:17.012+0530] {dagbag.py:588} INFO - Filling up the DagBag from /home/username/blackstraw/airflow/airflow/dags/data_ingestion_dag.py
[2024-10-03T10:45:19.014+0530] {processor.py:925} INFO - DAG(s) 'data_ingestion_dag' retrieved from /home/username/blackstraw/airflow/airflow/dags/data_ingestion_dag.py
[2024-10-03T10:45:19.033+0530] {logging_mixin.py:190} INFO - [2024-10-03T10:45:19.033+0530] {dag.py:3239} INFO - Sync 1 DAGs
[2024-10-03T10:45:19.043+0530] {logging_mixin.py:190} INFO - [2024-10-03T10:45:19.043+0530] {dag.py:4180} INFO - Setting next_dagrun for data_ingestion_dag to None, run_after=None
[2024-10-03T10:45:19.075+0530] {processor.py:208} INFO - Processing /home/username/blackstraw/airflow/airflow/dags/data_ingestion_dag.py took 2.075 seconds
[2024-10-03T10:45:49.437+0530] {processor.py:186} INFO - Started process (PID=12191) to work on /home/username/blackstraw/airflow/airflow/dags/data_ingestion_dag.py
[2024-10-03T10:45:49.438+0530] {processor.py:914} INFO - Processing file /home/username/blackstraw/airflow/airflow/dags/data_ingestion_dag.py for tasks to queue
[2024-10-03T10:45:49.441+0530] {logging_mixin.py:190} INFO - [2024-10-03T10:45:49.440+0530] {dagbag.py:588} INFO - Filling up the DagBag from /home/username/blackstraw/airflow/airflow/dags/data_ingestion_dag.py
[2024-10-03T10:45:51.221+0530] {processor.py:925} INFO - DAG(s) 'data_ingestion_dag' retrieved from /home/username/blackstraw/airflow/airflow/dags/data_ingestion_dag.py
[2024-10-03T10:45:51.240+0530] {logging_mixin.py:190} INFO - [2024-10-03T10:45:51.240+0530] {dag.py:3239} INFO - Sync 1 DAGs
[2024-10-03T10:45:51.256+0530] {logging_mixin.py:190} INFO - [2024-10-03T10:45:51.255+0530] {dag.py:4180} INFO - Setting next_dagrun for data_ingestion_dag to None, run_after=None
[2024-10-03T10:45:51.283+0530] {processor.py:208} INFO - Processing /home/username/blackstraw/airflow/airflow/dags/data_ingestion_dag.py took 1.855 seconds
[2024-10-03T10:46:22.103+0530] {processor.py:186} INFO - Started process (PID=12453) to work on /home/username/blackstraw/airflow/airflow/dags/data_ingestion_dag.py
[2024-10-03T10:46:22.107+0530] {processor.py:914} INFO - Processing file /home/username/blackstraw/airflow/airflow/dags/data_ingestion_dag.py for tasks to queue
[2024-10-03T10:46:22.113+0530] {logging_mixin.py:190} INFO - [2024-10-03T10:46:22.112+0530] {dagbag.py:588} INFO - Filling up the DagBag from /home/username/blackstraw/airflow/airflow/dags/data_ingestion_dag.py
[2024-10-03T10:46:24.406+0530] {processor.py:925} INFO - DAG(s) 'data_ingestion_dag' retrieved from /home/username/blackstraw/airflow/airflow/dags/data_ingestion_dag.py
[2024-10-03T10:46:24.450+0530] {logging_mixin.py:190} INFO - [2024-10-03T10:46:24.450+0530] {dag.py:3239} INFO - Sync 1 DAGs
[2024-10-03T10:46:24.467+0530] {logging_mixin.py:190} INFO - [2024-10-03T10:46:24.467+0530] {dag.py:4180} INFO - Setting next_dagrun for data_ingestion_dag to None, run_after=None
[2024-10-03T10:46:24.501+0530] {processor.py:208} INFO - Processing /home/username/blackstraw/airflow/airflow/dags/data_ingestion_dag.py took 2.427 seconds
[2024-10-03T10:46:56.318+0530] {processor.py:186} INFO - Started process (PID=12786) to work on /home/username/blackstraw/airflow/airflow/dags/data_ingestion_dag.py
[2024-10-03T10:46:56.321+0530] {processor.py:914} INFO - Processing file /home/username/blackstraw/airflow/airflow/dags/data_ingestion_dag.py for tasks to queue
[2024-10-03T10:46:56.326+0530] {logging_mixin.py:190} INFO - [2024-10-03T10:46:56.325+0530] {dagbag.py:588} INFO - Filling up the DagBag from /home/username/blackstraw/airflow/airflow/dags/data_ingestion_dag.py
[2024-10-03T10:46:58.226+0530] {processor.py:925} INFO - DAG(s) 'data_ingestion_dag' retrieved from /home/username/blackstraw/airflow/airflow/dags/data_ingestion_dag.py
[2024-10-03T10:46:58.241+0530] {logging_mixin.py:190} INFO - [2024-10-03T10:46:58.240+0530] {dag.py:3239} INFO - Sync 1 DAGs
[2024-10-03T10:46:58.251+0530] {logging_mixin.py:190} INFO - [2024-10-03T10:46:58.251+0530] {dag.py:4180} INFO - Setting next_dagrun for data_ingestion_dag to None, run_after=None
[2024-10-03T10:46:58.291+0530] {processor.py:208} INFO - Processing /home/username/blackstraw/airflow/airflow/dags/data_ingestion_dag.py took 1.986 seconds
[2024-10-03T16:50:16.711+0530] {processor.py:186} INFO - Started process (PID=16739) to work on /home/username/blackstraw/airflow/airflow/dags/data_ingestion_dag.py
[2024-10-03T16:50:16.714+0530] {processor.py:914} INFO - Processing file /home/username/blackstraw/airflow/airflow/dags/data_ingestion_dag.py for tasks to queue
[2024-10-03T16:50:16.715+0530] {logging_mixin.py:190} INFO - [2024-10-03T16:50:16.715+0530] {dagbag.py:588} INFO - Filling up the DagBag from /home/username/blackstraw/airflow/airflow/dags/data_ingestion_dag.py
[2024-10-03T16:50:18.509+0530] {processor.py:925} INFO - DAG(s) 'data_ingestion_dag' retrieved from /home/username/blackstraw/airflow/airflow/dags/data_ingestion_dag.py
[2024-10-03T16:50:18.533+0530] {logging_mixin.py:190} INFO - [2024-10-03T16:50:18.533+0530] {dag.py:3239} INFO - Sync 1 DAGs
[2024-10-03T16:50:18.547+0530] {logging_mixin.py:190} INFO - [2024-10-03T16:50:18.546+0530] {dag.py:4180} INFO - Setting next_dagrun for data_ingestion_dag to None, run_after=None
[2024-10-03T16:50:18.581+0530] {processor.py:208} INFO - Processing /home/username/blackstraw/airflow/airflow/dags/data_ingestion_dag.py took 1.875 seconds
[2024-10-03T16:52:41.132+0530] {processor.py:186} INFO - Started process (PID=17676) to work on /home/username/blackstraw/airflow/airflow/dags/data_ingestion_dag.py
[2024-10-03T16:52:41.134+0530] {processor.py:914} INFO - Processing file /home/username/blackstraw/airflow/airflow/dags/data_ingestion_dag.py for tasks to queue
[2024-10-03T16:52:41.135+0530] {logging_mixin.py:190} INFO - [2024-10-03T16:52:41.134+0530] {dagbag.py:588} INFO - Filling up the DagBag from /home/username/blackstraw/airflow/airflow/dags/data_ingestion_dag.py
[2024-10-03T16:52:42.936+0530] {processor.py:925} INFO - DAG(s) 'data_ingestion_dag' retrieved from /home/username/blackstraw/airflow/airflow/dags/data_ingestion_dag.py
[2024-10-03T16:52:42.950+0530] {logging_mixin.py:190} INFO - [2024-10-03T16:52:42.949+0530] {dag.py:3239} INFO - Sync 1 DAGs
[2024-10-03T16:52:42.958+0530] {logging_mixin.py:190} INFO - [2024-10-03T16:52:42.958+0530] {dag.py:4180} INFO - Setting next_dagrun for data_ingestion_dag to None, run_after=None
[2024-10-03T16:52:42.986+0530] {processor.py:208} INFO - Processing /home/username/blackstraw/airflow/airflow/dags/data_ingestion_dag.py took 1.860 seconds
[2024-10-03T16:53:13.487+0530] {processor.py:186} INFO - Started process (PID=17825) to work on /home/username/blackstraw/airflow/airflow/dags/data_ingestion_dag.py
[2024-10-03T16:53:13.488+0530] {processor.py:914} INFO - Processing file /home/username/blackstraw/airflow/airflow/dags/data_ingestion_dag.py for tasks to queue
[2024-10-03T16:53:13.490+0530] {logging_mixin.py:190} INFO - [2024-10-03T16:53:13.489+0530] {dagbag.py:588} INFO - Filling up the DagBag from /home/username/blackstraw/airflow/airflow/dags/data_ingestion_dag.py
[2024-10-03T16:53:15.232+0530] {processor.py:925} INFO - DAG(s) 'data_ingestion_dag' retrieved from /home/username/blackstraw/airflow/airflow/dags/data_ingestion_dag.py
[2024-10-03T16:53:15.245+0530] {logging_mixin.py:190} INFO - [2024-10-03T16:53:15.245+0530] {dag.py:3239} INFO - Sync 1 DAGs
[2024-10-03T16:53:15.255+0530] {logging_mixin.py:190} INFO - [2024-10-03T16:53:15.254+0530] {dag.py:4180} INFO - Setting next_dagrun for data_ingestion_dag to None, run_after=None
[2024-10-03T16:53:15.284+0530] {processor.py:208} INFO - Processing /home/username/blackstraw/airflow/airflow/dags/data_ingestion_dag.py took 1.807 seconds
[2024-10-03T16:53:45.877+0530] {processor.py:186} INFO - Started process (PID=17968) to work on /home/username/blackstraw/airflow/airflow/dags/data_ingestion_dag.py
[2024-10-03T16:53:45.879+0530] {processor.py:914} INFO - Processing file /home/username/blackstraw/airflow/airflow/dags/data_ingestion_dag.py for tasks to queue
[2024-10-03T16:53:45.882+0530] {logging_mixin.py:190} INFO - [2024-10-03T16:53:45.880+0530] {dagbag.py:588} INFO - Filling up the DagBag from /home/username/blackstraw/airflow/airflow/dags/data_ingestion_dag.py
[2024-10-03T16:53:48.113+0530] {processor.py:925} INFO - DAG(s) 'data_ingestion_dag' retrieved from /home/username/blackstraw/airflow/airflow/dags/data_ingestion_dag.py
[2024-10-03T16:53:48.130+0530] {logging_mixin.py:190} INFO - [2024-10-03T16:53:48.128+0530] {dag.py:3239} INFO - Sync 1 DAGs
[2024-10-03T16:53:48.139+0530] {logging_mixin.py:190} INFO - [2024-10-03T16:53:48.138+0530] {dag.py:4180} INFO - Setting next_dagrun for data_ingestion_dag to None, run_after=None
[2024-10-03T16:53:48.164+0530] {processor.py:208} INFO - Processing /home/username/blackstraw/airflow/airflow/dags/data_ingestion_dag.py took 2.319 seconds
[2024-10-03T16:54:18.556+0530] {processor.py:186} INFO - Started process (PID=18116) to work on /home/username/blackstraw/airflow/airflow/dags/data_ingestion_dag.py
[2024-10-03T16:54:18.560+0530] {processor.py:914} INFO - Processing file /home/username/blackstraw/airflow/airflow/dags/data_ingestion_dag.py for tasks to queue
[2024-10-03T16:54:18.562+0530] {logging_mixin.py:190} INFO - [2024-10-03T16:54:18.561+0530] {dagbag.py:588} INFO - Filling up the DagBag from /home/username/blackstraw/airflow/airflow/dags/data_ingestion_dag.py
[2024-10-03T16:54:20.265+0530] {processor.py:925} INFO - DAG(s) 'data_ingestion_dag' retrieved from /home/username/blackstraw/airflow/airflow/dags/data_ingestion_dag.py
[2024-10-03T16:54:20.280+0530] {logging_mixin.py:190} INFO - [2024-10-03T16:54:20.280+0530] {dag.py:3239} INFO - Sync 1 DAGs
[2024-10-03T16:54:20.289+0530] {logging_mixin.py:190} INFO - [2024-10-03T16:54:20.289+0530] {dag.py:4180} INFO - Setting next_dagrun for data_ingestion_dag to None, run_after=None
[2024-10-03T16:54:20.315+0530] {processor.py:208} INFO - Processing /home/username/blackstraw/airflow/airflow/dags/data_ingestion_dag.py took 1.766 seconds
[2024-10-03T16:54:50.702+0530] {processor.py:186} INFO - Started process (PID=18253) to work on /home/username/blackstraw/airflow/airflow/dags/data_ingestion_dag.py
[2024-10-03T16:54:50.707+0530] {processor.py:914} INFO - Processing file /home/username/blackstraw/airflow/airflow/dags/data_ingestion_dag.py for tasks to queue
[2024-10-03T16:54:50.712+0530] {logging_mixin.py:190} INFO - [2024-10-03T16:54:50.710+0530] {dagbag.py:588} INFO - Filling up the DagBag from /home/username/blackstraw/airflow/airflow/dags/data_ingestion_dag.py
[2024-10-03T16:54:53.210+0530] {processor.py:925} INFO - DAG(s) 'data_ingestion_dag' retrieved from /home/username/blackstraw/airflow/airflow/dags/data_ingestion_dag.py
[2024-10-03T16:54:53.235+0530] {logging_mixin.py:190} INFO - [2024-10-03T16:54:53.235+0530] {dag.py:3239} INFO - Sync 1 DAGs
[2024-10-03T16:54:53.249+0530] {logging_mixin.py:190} INFO - [2024-10-03T16:54:53.249+0530] {dag.py:4180} INFO - Setting next_dagrun for data_ingestion_dag to None, run_after=None
[2024-10-03T16:54:53.287+0530] {processor.py:208} INFO - Processing /home/username/blackstraw/airflow/airflow/dags/data_ingestion_dag.py took 2.601 seconds
[2024-10-03T16:55:23.586+0530] {processor.py:186} INFO - Started process (PID=18413) to work on /home/username/blackstraw/airflow/airflow/dags/data_ingestion_dag.py
[2024-10-03T16:55:23.587+0530] {processor.py:914} INFO - Processing file /home/username/blackstraw/airflow/airflow/dags/data_ingestion_dag.py for tasks to queue
[2024-10-03T16:55:23.590+0530] {logging_mixin.py:190} INFO - [2024-10-03T16:55:23.590+0530] {dagbag.py:588} INFO - Filling up the DagBag from /home/username/blackstraw/airflow/airflow/dags/data_ingestion_dag.py
[2024-10-03T16:55:25.658+0530] {processor.py:925} INFO - DAG(s) 'data_ingestion_dag' retrieved from /home/username/blackstraw/airflow/airflow/dags/data_ingestion_dag.py
[2024-10-03T16:55:25.674+0530] {logging_mixin.py:190} INFO - [2024-10-03T16:55:25.673+0530] {dag.py:3239} INFO - Sync 1 DAGs
[2024-10-03T16:55:25.683+0530] {logging_mixin.py:190} INFO - [2024-10-03T16:55:25.683+0530] {dag.py:4180} INFO - Setting next_dagrun for data_ingestion_dag to None, run_after=None
[2024-10-03T16:55:25.710+0530] {processor.py:208} INFO - Processing /home/username/blackstraw/airflow/airflow/dags/data_ingestion_dag.py took 2.145 seconds
[2024-10-03T16:55:55.906+0530] {processor.py:186} INFO - Started process (PID=18568) to work on /home/username/blackstraw/airflow/airflow/dags/data_ingestion_dag.py
[2024-10-03T16:55:55.908+0530] {processor.py:914} INFO - Processing file /home/username/blackstraw/airflow/airflow/dags/data_ingestion_dag.py for tasks to queue
[2024-10-03T16:55:55.910+0530] {logging_mixin.py:190} INFO - [2024-10-03T16:55:55.909+0530] {dagbag.py:588} INFO - Filling up the DagBag from /home/username/blackstraw/airflow/airflow/dags/data_ingestion_dag.py
[2024-10-03T16:55:57.864+0530] {processor.py:925} INFO - DAG(s) 'data_ingestion_dag' retrieved from /home/username/blackstraw/airflow/airflow/dags/data_ingestion_dag.py
[2024-10-03T16:55:57.882+0530] {logging_mixin.py:190} INFO - [2024-10-03T16:55:57.882+0530] {dag.py:3239} INFO - Sync 1 DAGs
[2024-10-03T16:55:57.896+0530] {logging_mixin.py:190} INFO - [2024-10-03T16:55:57.895+0530] {dag.py:4180} INFO - Setting next_dagrun for data_ingestion_dag to None, run_after=None
[2024-10-03T16:55:57.930+0530] {processor.py:208} INFO - Processing /home/username/blackstraw/airflow/airflow/dags/data_ingestion_dag.py took 2.030 seconds
[2024-10-03T16:56:28.114+0530] {processor.py:186} INFO - Started process (PID=18727) to work on /home/username/blackstraw/airflow/airflow/dags/data_ingestion_dag.py
[2024-10-03T16:56:28.116+0530] {processor.py:914} INFO - Processing file /home/username/blackstraw/airflow/airflow/dags/data_ingestion_dag.py for tasks to queue
[2024-10-03T16:56:28.117+0530] {logging_mixin.py:190} INFO - [2024-10-03T16:56:28.117+0530] {dagbag.py:588} INFO - Filling up the DagBag from /home/username/blackstraw/airflow/airflow/dags/data_ingestion_dag.py
[2024-10-03T16:56:30.547+0530] {processor.py:925} INFO - DAG(s) 'data_ingestion_dag' retrieved from /home/username/blackstraw/airflow/airflow/dags/data_ingestion_dag.py
[2024-10-03T16:56:30.567+0530] {logging_mixin.py:190} INFO - [2024-10-03T16:56:30.566+0530] {dag.py:3239} INFO - Sync 1 DAGs
[2024-10-03T16:56:30.578+0530] {logging_mixin.py:190} INFO - [2024-10-03T16:56:30.578+0530] {dag.py:4180} INFO - Setting next_dagrun for data_ingestion_dag to None, run_after=None
[2024-10-03T16:56:30.604+0530] {processor.py:208} INFO - Processing /home/username/blackstraw/airflow/airflow/dags/data_ingestion_dag.py took 2.496 seconds
[2024-10-03T16:57:00.733+0530] {processor.py:186} INFO - Started process (PID=18863) to work on /home/username/blackstraw/airflow/airflow/dags/data_ingestion_dag.py
[2024-10-03T16:57:00.736+0530] {processor.py:914} INFO - Processing file /home/username/blackstraw/airflow/airflow/dags/data_ingestion_dag.py for tasks to queue
[2024-10-03T16:57:00.738+0530] {logging_mixin.py:190} INFO - [2024-10-03T16:57:00.737+0530] {dagbag.py:588} INFO - Filling up the DagBag from /home/username/blackstraw/airflow/airflow/dags/data_ingestion_dag.py
[2024-10-03T16:57:02.542+0530] {processor.py:925} INFO - DAG(s) 'data_ingestion_dag' retrieved from /home/username/blackstraw/airflow/airflow/dags/data_ingestion_dag.py
[2024-10-03T16:57:02.556+0530] {logging_mixin.py:190} INFO - [2024-10-03T16:57:02.556+0530] {dag.py:3239} INFO - Sync 1 DAGs
[2024-10-03T16:57:02.564+0530] {logging_mixin.py:190} INFO - [2024-10-03T16:57:02.564+0530] {dag.py:4180} INFO - Setting next_dagrun for data_ingestion_dag to None, run_after=None
[2024-10-03T16:57:02.594+0530] {processor.py:208} INFO - Processing /home/username/blackstraw/airflow/airflow/dags/data_ingestion_dag.py took 1.867 seconds
[2024-10-03T16:57:32.744+0530] {processor.py:186} INFO - Started process (PID=19000) to work on /home/username/blackstraw/airflow/airflow/dags/data_ingestion_dag.py
[2024-10-03T16:57:32.744+0530] {processor.py:914} INFO - Processing file /home/username/blackstraw/airflow/airflow/dags/data_ingestion_dag.py for tasks to queue
[2024-10-03T16:57:32.746+0530] {logging_mixin.py:190} INFO - [2024-10-03T16:57:32.745+0530] {dagbag.py:588} INFO - Filling up the DagBag from /home/username/blackstraw/airflow/airflow/dags/data_ingestion_dag.py
[2024-10-03T16:57:34.386+0530] {processor.py:925} INFO - DAG(s) 'data_ingestion_dag' retrieved from /home/username/blackstraw/airflow/airflow/dags/data_ingestion_dag.py
[2024-10-03T16:57:34.400+0530] {logging_mixin.py:190} INFO - [2024-10-03T16:57:34.399+0530] {dag.py:3239} INFO - Sync 1 DAGs
[2024-10-03T16:57:34.408+0530] {logging_mixin.py:190} INFO - [2024-10-03T16:57:34.408+0530] {dag.py:4180} INFO - Setting next_dagrun for data_ingestion_dag to None, run_after=None
[2024-10-03T16:57:34.434+0530] {processor.py:208} INFO - Processing /home/username/blackstraw/airflow/airflow/dags/data_ingestion_dag.py took 1.696 seconds
[2024-10-03T16:58:04.532+0530] {processor.py:186} INFO - Started process (PID=19113) to work on /home/username/blackstraw/airflow/airflow/dags/data_ingestion_dag.py
[2024-10-03T16:58:04.533+0530] {processor.py:914} INFO - Processing file /home/username/blackstraw/airflow/airflow/dags/data_ingestion_dag.py for tasks to queue
[2024-10-03T16:58:04.534+0530] {logging_mixin.py:190} INFO - [2024-10-03T16:58:04.534+0530] {dagbag.py:588} INFO - Filling up the DagBag from /home/username/blackstraw/airflow/airflow/dags/data_ingestion_dag.py
[2024-10-03T16:58:06.468+0530] {processor.py:925} INFO - DAG(s) 'data_ingestion_dag' retrieved from /home/username/blackstraw/airflow/airflow/dags/data_ingestion_dag.py
[2024-10-03T16:58:06.505+0530] {logging_mixin.py:190} INFO - [2024-10-03T16:58:06.504+0530] {dag.py:3239} INFO - Sync 1 DAGs
[2024-10-03T16:58:06.527+0530] {logging_mixin.py:190} INFO - [2024-10-03T16:58:06.527+0530] {dag.py:4180} INFO - Setting next_dagrun for data_ingestion_dag to None, run_after=None
[2024-10-03T16:58:06.568+0530] {processor.py:208} INFO - Processing /home/username/blackstraw/airflow/airflow/dags/data_ingestion_dag.py took 2.041 seconds
[2024-10-03T16:58:44.942+0530] {processor.py:186} INFO - Started process (PID=19431) to work on /home/username/blackstraw/airflow/airflow/dags/data_ingestion_dag.py
[2024-10-03T16:58:44.945+0530] {processor.py:914} INFO - Processing file /home/username/blackstraw/airflow/airflow/dags/data_ingestion_dag.py for tasks to queue
[2024-10-03T16:58:44.947+0530] {logging_mixin.py:190} INFO - [2024-10-03T16:58:44.947+0530] {dagbag.py:588} INFO - Filling up the DagBag from /home/username/blackstraw/airflow/airflow/dags/data_ingestion_dag.py
[2024-10-03T16:58:46.713+0530] {processor.py:925} INFO - DAG(s) 'data_ingestion_dag' retrieved from /home/username/blackstraw/airflow/airflow/dags/data_ingestion_dag.py
[2024-10-03T16:58:46.726+0530] {logging_mixin.py:190} INFO - [2024-10-03T16:58:46.725+0530] {dag.py:3239} INFO - Sync 1 DAGs
[2024-10-03T16:58:46.734+0530] {logging_mixin.py:190} INFO - [2024-10-03T16:58:46.734+0530] {dag.py:4180} INFO - Setting next_dagrun for data_ingestion_dag to None, run_after=None
[2024-10-03T16:58:46.762+0530] {processor.py:208} INFO - Processing /home/username/blackstraw/airflow/airflow/dags/data_ingestion_dag.py took 1.827 seconds
[2024-10-03T16:59:17.299+0530] {processor.py:186} INFO - Started process (PID=19723) to work on /home/username/blackstraw/airflow/airflow/dags/data_ingestion_dag.py
[2024-10-03T16:59:17.300+0530] {processor.py:914} INFO - Processing file /home/username/blackstraw/airflow/airflow/dags/data_ingestion_dag.py for tasks to queue
[2024-10-03T16:59:17.302+0530] {logging_mixin.py:190} INFO - [2024-10-03T16:59:17.302+0530] {dagbag.py:588} INFO - Filling up the DagBag from /home/username/blackstraw/airflow/airflow/dags/data_ingestion_dag.py
[2024-10-03T16:59:18.980+0530] {processor.py:925} INFO - DAG(s) 'data_ingestion_dag' retrieved from /home/username/blackstraw/airflow/airflow/dags/data_ingestion_dag.py
[2024-10-03T16:59:18.994+0530] {logging_mixin.py:190} INFO - [2024-10-03T16:59:18.993+0530] {dag.py:3239} INFO - Sync 1 DAGs
[2024-10-03T16:59:19.003+0530] {logging_mixin.py:190} INFO - [2024-10-03T16:59:19.002+0530] {dag.py:4180} INFO - Setting next_dagrun for data_ingestion_dag to None, run_after=None
[2024-10-03T16:59:19.028+0530] {processor.py:208} INFO - Processing /home/username/blackstraw/airflow/airflow/dags/data_ingestion_dag.py took 1.735 seconds
[2024-10-03T16:59:49.774+0530] {processor.py:186} INFO - Started process (PID=19848) to work on /home/username/blackstraw/airflow/airflow/dags/data_ingestion_dag.py
[2024-10-03T16:59:49.776+0530] {processor.py:914} INFO - Processing file /home/username/blackstraw/airflow/airflow/dags/data_ingestion_dag.py for tasks to queue
[2024-10-03T16:59:49.779+0530] {logging_mixin.py:190} INFO - [2024-10-03T16:59:49.779+0530] {dagbag.py:588} INFO - Filling up the DagBag from /home/username/blackstraw/airflow/airflow/dags/data_ingestion_dag.py
[2024-10-03T16:59:51.488+0530] {processor.py:925} INFO - DAG(s) 'data_ingestion_dag' retrieved from /home/username/blackstraw/airflow/airflow/dags/data_ingestion_dag.py
[2024-10-03T16:59:51.502+0530] {logging_mixin.py:190} INFO - [2024-10-03T16:59:51.502+0530] {dag.py:3239} INFO - Sync 1 DAGs
[2024-10-03T16:59:51.512+0530] {logging_mixin.py:190} INFO - [2024-10-03T16:59:51.512+0530] {dag.py:4180} INFO - Setting next_dagrun for data_ingestion_dag to None, run_after=None
[2024-10-03T16:59:51.539+0530] {processor.py:208} INFO - Processing /home/username/blackstraw/airflow/airflow/dags/data_ingestion_dag.py took 1.772 seconds
[2024-10-03T17:00:21.984+0530] {processor.py:186} INFO - Started process (PID=19968) to work on /home/username/blackstraw/airflow/airflow/dags/data_ingestion_dag.py
[2024-10-03T17:00:21.988+0530] {processor.py:914} INFO - Processing file /home/username/blackstraw/airflow/airflow/dags/data_ingestion_dag.py for tasks to queue
[2024-10-03T17:00:21.997+0530] {logging_mixin.py:190} INFO - [2024-10-03T17:00:21.995+0530] {dagbag.py:588} INFO - Filling up the DagBag from /home/username/blackstraw/airflow/airflow/dags/data_ingestion_dag.py
[2024-10-03T17:00:24.181+0530] {processor.py:925} INFO - DAG(s) 'data_ingestion_dag' retrieved from /home/username/blackstraw/airflow/airflow/dags/data_ingestion_dag.py
[2024-10-03T17:00:24.197+0530] {logging_mixin.py:190} INFO - [2024-10-03T17:00:24.197+0530] {dag.py:3239} INFO - Sync 1 DAGs
[2024-10-03T17:00:24.209+0530] {logging_mixin.py:190} INFO - [2024-10-03T17:00:24.208+0530] {dag.py:4180} INFO - Setting next_dagrun for data_ingestion_dag to None, run_after=None
[2024-10-03T17:00:24.236+0530] {processor.py:208} INFO - Processing /home/username/blackstraw/airflow/airflow/dags/data_ingestion_dag.py took 2.266 seconds
[2024-10-03T17:00:42.571+0530] {processor.py:186} INFO - Started process (PID=20062) to work on /home/username/blackstraw/airflow/airflow/dags/data_ingestion_dag.py
[2024-10-03T17:00:42.572+0530] {processor.py:914} INFO - Processing file /home/username/blackstraw/airflow/airflow/dags/data_ingestion_dag.py for tasks to queue
[2024-10-03T17:00:42.575+0530] {logging_mixin.py:190} INFO - [2024-10-03T17:00:42.574+0530] {dagbag.py:588} INFO - Filling up the DagBag from /home/username/blackstraw/airflow/airflow/dags/data_ingestion_dag.py
[2024-10-03T17:00:44.219+0530] {processor.py:925} INFO - DAG(s) 'data_ingestion_dag' retrieved from /home/username/blackstraw/airflow/airflow/dags/data_ingestion_dag.py
[2024-10-03T17:00:44.233+0530] {logging_mixin.py:190} INFO - [2024-10-03T17:00:44.233+0530] {dag.py:3239} INFO - Sync 1 DAGs
[2024-10-03T17:00:44.242+0530] {logging_mixin.py:190} INFO - [2024-10-03T17:00:44.242+0530] {dag.py:4180} INFO - Setting next_dagrun for data_ingestion_dag to None, run_after=None
[2024-10-03T17:00:44.270+0530] {processor.py:208} INFO - Processing /home/username/blackstraw/airflow/airflow/dags/data_ingestion_dag.py took 1.709 seconds
[2024-10-03T17:01:15.046+0530] {processor.py:186} INFO - Started process (PID=20342) to work on /home/username/blackstraw/airflow/airflow/dags/data_ingestion_dag.py
[2024-10-03T17:01:15.049+0530] {processor.py:914} INFO - Processing file /home/username/blackstraw/airflow/airflow/dags/data_ingestion_dag.py for tasks to queue
[2024-10-03T17:01:15.050+0530] {logging_mixin.py:190} INFO - [2024-10-03T17:01:15.050+0530] {dagbag.py:588} INFO - Filling up the DagBag from /home/username/blackstraw/airflow/airflow/dags/data_ingestion_dag.py
[2024-10-03T17:01:16.795+0530] {processor.py:925} INFO - DAG(s) 'data_ingestion_dag' retrieved from /home/username/blackstraw/airflow/airflow/dags/data_ingestion_dag.py
[2024-10-03T17:01:16.810+0530] {logging_mixin.py:190} INFO - [2024-10-03T17:01:16.810+0530] {dag.py:3239} INFO - Sync 1 DAGs
[2024-10-03T17:01:16.820+0530] {logging_mixin.py:190} INFO - [2024-10-03T17:01:16.820+0530] {dag.py:4180} INFO - Setting next_dagrun for data_ingestion_dag to None, run_after=None
[2024-10-03T17:01:16.847+0530] {processor.py:208} INFO - Processing /home/username/blackstraw/airflow/airflow/dags/data_ingestion_dag.py took 1.806 seconds
[2024-10-03T17:01:47.345+0530] {processor.py:186} INFO - Started process (PID=20580) to work on /home/username/blackstraw/airflow/airflow/dags/data_ingestion_dag.py
[2024-10-03T17:01:47.347+0530] {processor.py:914} INFO - Processing file /home/username/blackstraw/airflow/airflow/dags/data_ingestion_dag.py for tasks to queue
[2024-10-03T17:01:47.349+0530] {logging_mixin.py:190} INFO - [2024-10-03T17:01:47.348+0530] {dagbag.py:588} INFO - Filling up the DagBag from /home/username/blackstraw/airflow/airflow/dags/data_ingestion_dag.py
[2024-10-03T17:01:48.923+0530] {processor.py:925} INFO - DAG(s) 'data_ingestion_dag' retrieved from /home/username/blackstraw/airflow/airflow/dags/data_ingestion_dag.py
[2024-10-03T17:01:48.937+0530] {logging_mixin.py:190} INFO - [2024-10-03T17:01:48.936+0530] {dag.py:3239} INFO - Sync 1 DAGs
[2024-10-03T17:01:48.945+0530] {logging_mixin.py:190} INFO - [2024-10-03T17:01:48.945+0530] {dag.py:4180} INFO - Setting next_dagrun for data_ingestion_dag to None, run_after=None
[2024-10-03T17:01:48.971+0530] {processor.py:208} INFO - Processing /home/username/blackstraw/airflow/airflow/dags/data_ingestion_dag.py took 1.633 seconds
[2024-10-03T17:02:19.849+0530] {processor.py:186} INFO - Started process (PID=20752) to work on /home/username/blackstraw/airflow/airflow/dags/data_ingestion_dag.py
[2024-10-03T17:02:19.850+0530] {processor.py:914} INFO - Processing file /home/username/blackstraw/airflow/airflow/dags/data_ingestion_dag.py for tasks to queue
[2024-10-03T17:02:19.852+0530] {logging_mixin.py:190} INFO - [2024-10-03T17:02:19.852+0530] {dagbag.py:588} INFO - Filling up the DagBag from /home/username/blackstraw/airflow/airflow/dags/data_ingestion_dag.py
[2024-10-03T17:02:21.599+0530] {processor.py:925} INFO - DAG(s) 'data_ingestion_dag' retrieved from /home/username/blackstraw/airflow/airflow/dags/data_ingestion_dag.py
[2024-10-03T17:02:21.614+0530] {logging_mixin.py:190} INFO - [2024-10-03T17:02:21.614+0530] {dag.py:3239} INFO - Sync 1 DAGs
[2024-10-03T17:02:21.625+0530] {logging_mixin.py:190} INFO - [2024-10-03T17:02:21.624+0530] {dag.py:4180} INFO - Setting next_dagrun for data_ingestion_dag to None, run_after=None
[2024-10-03T17:02:21.655+0530] {processor.py:208} INFO - Processing /home/username/blackstraw/airflow/airflow/dags/data_ingestion_dag.py took 1.815 seconds
[2024-10-03T17:02:53.779+0530] {processor.py:186} INFO - Started process (PID=21108) to work on /home/username/blackstraw/airflow/airflow/dags/data_ingestion_dag.py
[2024-10-03T17:02:53.781+0530] {processor.py:914} INFO - Processing file /home/username/blackstraw/airflow/airflow/dags/data_ingestion_dag.py for tasks to queue
[2024-10-03T17:02:53.783+0530] {logging_mixin.py:190} INFO - [2024-10-03T17:02:53.782+0530] {dagbag.py:588} INFO - Filling up the DagBag from /home/username/blackstraw/airflow/airflow/dags/data_ingestion_dag.py
[2024-10-03T17:02:55.436+0530] {processor.py:925} INFO - DAG(s) 'data_ingestion_dag' retrieved from /home/username/blackstraw/airflow/airflow/dags/data_ingestion_dag.py
[2024-10-03T17:02:55.450+0530] {logging_mixin.py:190} INFO - [2024-10-03T17:02:55.449+0530] {dag.py:3239} INFO - Sync 1 DAGs
[2024-10-03T17:02:55.459+0530] {logging_mixin.py:190} INFO - [2024-10-03T17:02:55.459+0530] {dag.py:4180} INFO - Setting next_dagrun for data_ingestion_dag to None, run_after=None
[2024-10-03T17:02:55.485+0530] {processor.py:208} INFO - Processing /home/username/blackstraw/airflow/airflow/dags/data_ingestion_dag.py took 1.711 seconds
[2024-10-03T17:03:25.597+0530] {processor.py:186} INFO - Started process (PID=21330) to work on /home/username/blackstraw/airflow/airflow/dags/data_ingestion_dag.py
[2024-10-03T17:03:25.599+0530] {processor.py:914} INFO - Processing file /home/username/blackstraw/airflow/airflow/dags/data_ingestion_dag.py for tasks to queue
[2024-10-03T17:03:25.601+0530] {logging_mixin.py:190} INFO - [2024-10-03T17:03:25.601+0530] {dagbag.py:588} INFO - Filling up the DagBag from /home/username/blackstraw/airflow/airflow/dags/data_ingestion_dag.py
[2024-10-03T17:03:27.381+0530] {processor.py:925} INFO - DAG(s) 'data_ingestion_dag' retrieved from /home/username/blackstraw/airflow/airflow/dags/data_ingestion_dag.py
[2024-10-03T17:03:27.395+0530] {logging_mixin.py:190} INFO - [2024-10-03T17:03:27.394+0530] {dag.py:3239} INFO - Sync 1 DAGs
[2024-10-03T17:03:27.406+0530] {logging_mixin.py:190} INFO - [2024-10-03T17:03:27.406+0530] {dag.py:4180} INFO - Setting next_dagrun for data_ingestion_dag to None, run_after=None
[2024-10-03T17:03:27.433+0530] {processor.py:208} INFO - Processing /home/username/blackstraw/airflow/airflow/dags/data_ingestion_dag.py took 1.842 seconds
[2024-10-03T17:03:57.612+0530] {processor.py:186} INFO - Started process (PID=21591) to work on /home/username/blackstraw/airflow/airflow/dags/data_ingestion_dag.py
[2024-10-03T17:03:57.613+0530] {processor.py:914} INFO - Processing file /home/username/blackstraw/airflow/airflow/dags/data_ingestion_dag.py for tasks to queue
[2024-10-03T17:03:57.616+0530] {logging_mixin.py:190} INFO - [2024-10-03T17:03:57.615+0530] {dagbag.py:588} INFO - Filling up the DagBag from /home/username/blackstraw/airflow/airflow/dags/data_ingestion_dag.py
[2024-10-03T17:03:59.357+0530] {processor.py:925} INFO - DAG(s) 'data_ingestion_dag' retrieved from /home/username/blackstraw/airflow/airflow/dags/data_ingestion_dag.py
[2024-10-03T17:03:59.370+0530] {logging_mixin.py:190} INFO - [2024-10-03T17:03:59.370+0530] {dag.py:3239} INFO - Sync 1 DAGs
[2024-10-03T17:03:59.379+0530] {logging_mixin.py:190} INFO - [2024-10-03T17:03:59.379+0530] {dag.py:4180} INFO - Setting next_dagrun for data_ingestion_dag to None, run_after=None
[2024-10-03T17:03:59.414+0530] {processor.py:208} INFO - Processing /home/username/blackstraw/airflow/airflow/dags/data_ingestion_dag.py took 1.808 seconds
[2024-10-03T17:04:29.625+0530] {processor.py:186} INFO - Started process (PID=21851) to work on /home/username/blackstraw/airflow/airflow/dags/data_ingestion_dag.py
[2024-10-03T17:04:29.626+0530] {processor.py:914} INFO - Processing file /home/username/blackstraw/airflow/airflow/dags/data_ingestion_dag.py for tasks to queue
[2024-10-03T17:04:29.628+0530] {logging_mixin.py:190} INFO - [2024-10-03T17:04:29.628+0530] {dagbag.py:588} INFO - Filling up the DagBag from /home/username/blackstraw/airflow/airflow/dags/data_ingestion_dag.py
[2024-10-03T17:04:31.543+0530] {processor.py:925} INFO - DAG(s) 'data_ingestion_dag' retrieved from /home/username/blackstraw/airflow/airflow/dags/data_ingestion_dag.py
[2024-10-03T17:04:31.558+0530] {logging_mixin.py:190} INFO - [2024-10-03T17:04:31.557+0530] {dag.py:3239} INFO - Sync 1 DAGs
[2024-10-03T17:04:31.567+0530] {logging_mixin.py:190} INFO - [2024-10-03T17:04:31.566+0530] {dag.py:4180} INFO - Setting next_dagrun for data_ingestion_dag to None, run_after=None
[2024-10-03T17:04:31.590+0530] {processor.py:208} INFO - Processing /home/username/blackstraw/airflow/airflow/dags/data_ingestion_dag.py took 1.971 seconds
[2024-10-03T17:05:01.739+0530] {processor.py:186} INFO - Started process (PID=22047) to work on /home/username/blackstraw/airflow/airflow/dags/data_ingestion_dag.py
[2024-10-03T17:05:01.740+0530] {processor.py:914} INFO - Processing file /home/username/blackstraw/airflow/airflow/dags/data_ingestion_dag.py for tasks to queue
[2024-10-03T17:05:01.743+0530] {logging_mixin.py:190} INFO - [2024-10-03T17:05:01.742+0530] {dagbag.py:588} INFO - Filling up the DagBag from /home/username/blackstraw/airflow/airflow/dags/data_ingestion_dag.py
[2024-10-03T17:05:03.674+0530] {processor.py:925} INFO - DAG(s) 'data_ingestion_dag' retrieved from /home/username/blackstraw/airflow/airflow/dags/data_ingestion_dag.py
[2024-10-03T17:05:03.695+0530] {logging_mixin.py:190} INFO - [2024-10-03T17:05:03.695+0530] {dag.py:3239} INFO - Sync 1 DAGs
[2024-10-03T17:05:03.705+0530] {logging_mixin.py:190} INFO - [2024-10-03T17:05:03.705+0530] {dag.py:4180} INFO - Setting next_dagrun for data_ingestion_dag to None, run_after=None
[2024-10-03T17:05:03.733+0530] {processor.py:208} INFO - Processing /home/username/blackstraw/airflow/airflow/dags/data_ingestion_dag.py took 2.003 seconds
[2024-10-03T17:05:33.987+0530] {processor.py:186} INFO - Started process (PID=22310) to work on /home/username/blackstraw/airflow/airflow/dags/data_ingestion_dag.py
[2024-10-03T17:05:33.988+0530] {processor.py:914} INFO - Processing file /home/username/blackstraw/airflow/airflow/dags/data_ingestion_dag.py for tasks to queue
[2024-10-03T17:05:33.990+0530] {logging_mixin.py:190} INFO - [2024-10-03T17:05:33.990+0530] {dagbag.py:588} INFO - Filling up the DagBag from /home/username/blackstraw/airflow/airflow/dags/data_ingestion_dag.py
[2024-10-03T17:05:35.758+0530] {processor.py:925} INFO - DAG(s) 'data_ingestion_dag' retrieved from /home/username/blackstraw/airflow/airflow/dags/data_ingestion_dag.py
[2024-10-03T17:05:35.772+0530] {logging_mixin.py:190} INFO - [2024-10-03T17:05:35.771+0530] {dag.py:3239} INFO - Sync 1 DAGs
[2024-10-03T17:05:35.783+0530] {logging_mixin.py:190} INFO - [2024-10-03T17:05:35.783+0530] {dag.py:4180} INFO - Setting next_dagrun for data_ingestion_dag to None, run_after=None
[2024-10-03T17:05:35.809+0530] {processor.py:208} INFO - Processing /home/username/blackstraw/airflow/airflow/dags/data_ingestion_dag.py took 1.827 seconds
[2024-10-03T17:06:05.985+0530] {processor.py:186} INFO - Started process (PID=22507) to work on /home/username/blackstraw/airflow/airflow/dags/data_ingestion_dag.py
[2024-10-03T17:06:05.987+0530] {processor.py:914} INFO - Processing file /home/username/blackstraw/airflow/airflow/dags/data_ingestion_dag.py for tasks to queue
[2024-10-03T17:06:05.990+0530] {logging_mixin.py:190} INFO - [2024-10-03T17:06:05.989+0530] {dagbag.py:588} INFO - Filling up the DagBag from /home/username/blackstraw/airflow/airflow/dags/data_ingestion_dag.py
[2024-10-03T17:06:07.727+0530] {processor.py:925} INFO - DAG(s) 'data_ingestion_dag' retrieved from /home/username/blackstraw/airflow/airflow/dags/data_ingestion_dag.py
[2024-10-03T17:06:07.740+0530] {logging_mixin.py:190} INFO - [2024-10-03T17:06:07.740+0530] {dag.py:3239} INFO - Sync 1 DAGs
[2024-10-03T17:06:07.749+0530] {logging_mixin.py:190} INFO - [2024-10-03T17:06:07.749+0530] {dag.py:4180} INFO - Setting next_dagrun for data_ingestion_dag to None, run_after=None
[2024-10-03T17:06:07.777+0530] {processor.py:208} INFO - Processing /home/username/blackstraw/airflow/airflow/dags/data_ingestion_dag.py took 1.799 seconds
[2024-10-03T17:06:37.877+0530] {processor.py:186} INFO - Started process (PID=22625) to work on /home/username/blackstraw/airflow/airflow/dags/data_ingestion_dag.py
[2024-10-03T17:06:37.878+0530] {processor.py:914} INFO - Processing file /home/username/blackstraw/airflow/airflow/dags/data_ingestion_dag.py for tasks to queue
[2024-10-03T17:06:37.880+0530] {logging_mixin.py:190} INFO - [2024-10-03T17:06:37.880+0530] {dagbag.py:588} INFO - Filling up the DagBag from /home/username/blackstraw/airflow/airflow/dags/data_ingestion_dag.py
[2024-10-03T17:06:39.631+0530] {processor.py:925} INFO - DAG(s) 'data_ingestion_dag' retrieved from /home/username/blackstraw/airflow/airflow/dags/data_ingestion_dag.py
[2024-10-03T17:06:39.646+0530] {logging_mixin.py:190} INFO - [2024-10-03T17:06:39.645+0530] {dag.py:3239} INFO - Sync 1 DAGs
[2024-10-03T17:06:39.655+0530] {logging_mixin.py:190} INFO - [2024-10-03T17:06:39.655+0530] {dag.py:4180} INFO - Setting next_dagrun for data_ingestion_dag to None, run_after=None
[2024-10-03T17:06:39.679+0530] {processor.py:208} INFO - Processing /home/username/blackstraw/airflow/airflow/dags/data_ingestion_dag.py took 1.808 seconds
[2024-10-03T17:07:09.877+0530] {processor.py:186} INFO - Started process (PID=22782) to work on /home/username/blackstraw/airflow/airflow/dags/data_ingestion_dag.py
[2024-10-03T17:07:09.879+0530] {processor.py:914} INFO - Processing file /home/username/blackstraw/airflow/airflow/dags/data_ingestion_dag.py for tasks to queue
[2024-10-03T17:07:09.882+0530] {logging_mixin.py:190} INFO - [2024-10-03T17:07:09.881+0530] {dagbag.py:588} INFO - Filling up the DagBag from /home/username/blackstraw/airflow/airflow/dags/data_ingestion_dag.py
[2024-10-03T17:07:11.529+0530] {processor.py:925} INFO - DAG(s) 'data_ingestion_dag' retrieved from /home/username/blackstraw/airflow/airflow/dags/data_ingestion_dag.py
[2024-10-03T17:07:11.542+0530] {logging_mixin.py:190} INFO - [2024-10-03T17:07:11.542+0530] {dag.py:3239} INFO - Sync 1 DAGs
[2024-10-03T17:07:11.552+0530] {logging_mixin.py:190} INFO - [2024-10-03T17:07:11.551+0530] {dag.py:4180} INFO - Setting next_dagrun for data_ingestion_dag to None, run_after=None
[2024-10-03T17:07:11.580+0530] {processor.py:208} INFO - Processing /home/username/blackstraw/airflow/airflow/dags/data_ingestion_dag.py took 1.711 seconds
[2024-10-03T17:07:41.778+0530] {processor.py:186} INFO - Started process (PID=22927) to work on /home/username/blackstraw/airflow/airflow/dags/data_ingestion_dag.py
[2024-10-03T17:07:41.780+0530] {processor.py:914} INFO - Processing file /home/username/blackstraw/airflow/airflow/dags/data_ingestion_dag.py for tasks to queue
[2024-10-03T17:07:41.783+0530] {logging_mixin.py:190} INFO - [2024-10-03T17:07:41.782+0530] {dagbag.py:588} INFO - Filling up the DagBag from /home/username/blackstraw/airflow/airflow/dags/data_ingestion_dag.py
[2024-10-03T17:07:43.519+0530] {processor.py:925} INFO - DAG(s) 'data_ingestion_dag' retrieved from /home/username/blackstraw/airflow/airflow/dags/data_ingestion_dag.py
[2024-10-03T17:07:43.534+0530] {logging_mixin.py:190} INFO - [2024-10-03T17:07:43.534+0530] {dag.py:3239} INFO - Sync 1 DAGs
[2024-10-03T17:07:43.543+0530] {logging_mixin.py:190} INFO - [2024-10-03T17:07:43.543+0530] {dag.py:4180} INFO - Setting next_dagrun for data_ingestion_dag to None, run_after=None
[2024-10-03T17:07:43.575+0530] {processor.py:208} INFO - Processing /home/username/blackstraw/airflow/airflow/dags/data_ingestion_dag.py took 1.802 seconds
[2024-10-03T17:07:55.858+0530] {processor.py:186} INFO - Started process (PID=22997) to work on /home/username/blackstraw/airflow/airflow/dags/data_ingestion_dag.py
[2024-10-03T17:07:55.858+0530] {processor.py:914} INFO - Processing file /home/username/blackstraw/airflow/airflow/dags/data_ingestion_dag.py for tasks to queue
[2024-10-03T17:07:55.860+0530] {logging_mixin.py:190} INFO - [2024-10-03T17:07:55.860+0530] {dagbag.py:588} INFO - Filling up the DagBag from /home/username/blackstraw/airflow/airflow/dags/data_ingestion_dag.py
[2024-10-03T17:07:57.677+0530] {processor.py:925} INFO - DAG(s) 'data_ingestion_dag' retrieved from /home/username/blackstraw/airflow/airflow/dags/data_ingestion_dag.py
[2024-10-03T17:07:57.693+0530] {logging_mixin.py:190} INFO - [2024-10-03T17:07:57.693+0530] {dag.py:3239} INFO - Sync 1 DAGs
[2024-10-03T17:07:57.703+0530] {logging_mixin.py:190} INFO - [2024-10-03T17:07:57.703+0530] {dag.py:4180} INFO - Setting next_dagrun for data_ingestion_dag to None, run_after=None
[2024-10-03T17:07:57.736+0530] {processor.py:208} INFO - Processing /home/username/blackstraw/airflow/airflow/dags/data_ingestion_dag.py took 1.884 seconds
[2024-10-03T17:08:19.964+0530] {processor.py:186} INFO - Started process (PID=23188) to work on /home/username/blackstraw/airflow/airflow/dags/data_ingestion_dag.py
[2024-10-03T17:08:19.966+0530] {processor.py:914} INFO - Processing file /home/username/blackstraw/airflow/airflow/dags/data_ingestion_dag.py for tasks to queue
[2024-10-03T17:08:19.970+0530] {logging_mixin.py:190} INFO - [2024-10-03T17:08:19.969+0530] {dagbag.py:588} INFO - Filling up the DagBag from /home/username/blackstraw/airflow/airflow/dags/data_ingestion_dag.py
[2024-10-03T17:08:21.655+0530] {processor.py:925} INFO - DAG(s) 'data_ingestion_dag' retrieved from /home/username/blackstraw/airflow/airflow/dags/data_ingestion_dag.py
[2024-10-03T17:08:21.669+0530] {logging_mixin.py:190} INFO - [2024-10-03T17:08:21.669+0530] {dag.py:3239} INFO - Sync 1 DAGs
[2024-10-03T17:08:21.678+0530] {logging_mixin.py:190} INFO - [2024-10-03T17:08:21.677+0530] {dag.py:4180} INFO - Setting next_dagrun for data_ingestion_dag to None, run_after=None
[2024-10-03T17:08:21.712+0530] {processor.py:208} INFO - Processing /home/username/blackstraw/airflow/airflow/dags/data_ingestion_dag.py took 1.755 seconds
[2024-10-03T17:08:52.330+0530] {processor.py:186} INFO - Started process (PID=23469) to work on /home/username/blackstraw/airflow/airflow/dags/data_ingestion_dag.py
[2024-10-03T17:08:52.331+0530] {processor.py:914} INFO - Processing file /home/username/blackstraw/airflow/airflow/dags/data_ingestion_dag.py for tasks to queue
[2024-10-03T17:08:52.334+0530] {logging_mixin.py:190} INFO - [2024-10-03T17:08:52.334+0530] {dagbag.py:588} INFO - Filling up the DagBag from /home/username/blackstraw/airflow/airflow/dags/data_ingestion_dag.py
[2024-10-03T17:08:54.042+0530] {processor.py:925} INFO - DAG(s) 'data_ingestion_dag' retrieved from /home/username/blackstraw/airflow/airflow/dags/data_ingestion_dag.py
[2024-10-03T17:08:54.055+0530] {logging_mixin.py:190} INFO - [2024-10-03T17:08:54.054+0530] {dag.py:3239} INFO - Sync 1 DAGs
[2024-10-03T17:08:54.063+0530] {logging_mixin.py:190} INFO - [2024-10-03T17:08:54.063+0530] {dag.py:4180} INFO - Setting next_dagrun for data_ingestion_dag to None, run_after=None
[2024-10-03T17:08:54.095+0530] {processor.py:208} INFO - Processing /home/username/blackstraw/airflow/airflow/dags/data_ingestion_dag.py took 1.772 seconds
[2024-10-03T17:09:24.879+0530] {processor.py:186} INFO - Started process (PID=23738) to work on /home/username/blackstraw/airflow/airflow/dags/data_ingestion_dag.py
[2024-10-03T17:09:24.879+0530] {processor.py:914} INFO - Processing file /home/username/blackstraw/airflow/airflow/dags/data_ingestion_dag.py for tasks to queue
[2024-10-03T17:09:24.882+0530] {logging_mixin.py:190} INFO - [2024-10-03T17:09:24.882+0530] {dagbag.py:588} INFO - Filling up the DagBag from /home/username/blackstraw/airflow/airflow/dags/data_ingestion_dag.py
[2024-10-03T17:09:26.430+0530] {processor.py:925} INFO - DAG(s) 'data_ingestion_dag' retrieved from /home/username/blackstraw/airflow/airflow/dags/data_ingestion_dag.py
[2024-10-03T17:09:26.444+0530] {logging_mixin.py:190} INFO - [2024-10-03T17:09:26.443+0530] {dag.py:3239} INFO - Sync 1 DAGs
[2024-10-03T17:09:26.452+0530] {logging_mixin.py:190} INFO - [2024-10-03T17:09:26.452+0530] {dag.py:4180} INFO - Setting next_dagrun for data_ingestion_dag to None, run_after=None
[2024-10-03T17:09:26.481+0530] {processor.py:208} INFO - Processing /home/username/blackstraw/airflow/airflow/dags/data_ingestion_dag.py took 1.607 seconds
[2024-10-03T17:09:57.485+0530] {processor.py:186} INFO - Started process (PID=23964) to work on /home/username/blackstraw/airflow/airflow/dags/data_ingestion_dag.py
[2024-10-03T17:09:57.486+0530] {processor.py:914} INFO - Processing file /home/username/blackstraw/airflow/airflow/dags/data_ingestion_dag.py for tasks to queue
[2024-10-03T17:09:57.488+0530] {logging_mixin.py:190} INFO - [2024-10-03T17:09:57.488+0530] {dagbag.py:588} INFO - Filling up the DagBag from /home/username/blackstraw/airflow/airflow/dags/data_ingestion_dag.py
[2024-10-03T17:09:59.245+0530] {processor.py:925} INFO - DAG(s) 'data_ingestion_dag' retrieved from /home/username/blackstraw/airflow/airflow/dags/data_ingestion_dag.py
[2024-10-03T17:09:59.258+0530] {logging_mixin.py:190} INFO - [2024-10-03T17:09:59.257+0530] {dag.py:3239} INFO - Sync 1 DAGs
[2024-10-03T17:09:59.267+0530] {logging_mixin.py:190} INFO - [2024-10-03T17:09:59.267+0530] {dag.py:4180} INFO - Setting next_dagrun for data_ingestion_dag to None, run_after=None
[2024-10-03T17:09:59.295+0530] {processor.py:208} INFO - Processing /home/username/blackstraw/airflow/airflow/dags/data_ingestion_dag.py took 1.815 seconds
[2024-10-03T17:10:29.865+0530] {processor.py:186} INFO - Started process (PID=24197) to work on /home/username/blackstraw/airflow/airflow/dags/data_ingestion_dag.py
[2024-10-03T17:10:29.867+0530] {processor.py:914} INFO - Processing file /home/username/blackstraw/airflow/airflow/dags/data_ingestion_dag.py for tasks to queue
[2024-10-03T17:10:29.869+0530] {logging_mixin.py:190} INFO - [2024-10-03T17:10:29.868+0530] {dagbag.py:588} INFO - Filling up the DagBag from /home/username/blackstraw/airflow/airflow/dags/data_ingestion_dag.py
[2024-10-03T17:10:31.731+0530] {processor.py:925} INFO - DAG(s) 'data_ingestion_dag' retrieved from /home/username/blackstraw/airflow/airflow/dags/data_ingestion_dag.py
[2024-10-03T17:10:31.750+0530] {logging_mixin.py:190} INFO - [2024-10-03T17:10:31.749+0530] {dag.py:3239} INFO - Sync 1 DAGs
[2024-10-03T17:10:31.768+0530] {logging_mixin.py:190} INFO - [2024-10-03T17:10:31.768+0530] {dag.py:4180} INFO - Setting next_dagrun for data_ingestion_dag to None, run_after=None
[2024-10-03T17:10:31.798+0530] {processor.py:208} INFO - Processing /home/username/blackstraw/airflow/airflow/dags/data_ingestion_dag.py took 1.938 seconds
[2024-10-03T17:11:02.357+0530] {processor.py:186} INFO - Started process (PID=24333) to work on /home/username/blackstraw/airflow/airflow/dags/data_ingestion_dag.py
[2024-10-03T17:11:02.359+0530] {processor.py:914} INFO - Processing file /home/username/blackstraw/airflow/airflow/dags/data_ingestion_dag.py for tasks to queue
[2024-10-03T17:11:02.362+0530] {logging_mixin.py:190} INFO - [2024-10-03T17:11:02.361+0530] {dagbag.py:588} INFO - Filling up the DagBag from /home/username/blackstraw/airflow/airflow/dags/data_ingestion_dag.py
[2024-10-03T17:11:04.001+0530] {processor.py:925} INFO - DAG(s) 'data_ingestion_dag' retrieved from /home/username/blackstraw/airflow/airflow/dags/data_ingestion_dag.py
[2024-10-03T17:11:04.014+0530] {logging_mixin.py:190} INFO - [2024-10-03T17:11:04.014+0530] {dag.py:3239} INFO - Sync 1 DAGs
[2024-10-03T17:11:04.024+0530] {logging_mixin.py:190} INFO - [2024-10-03T17:11:04.024+0530] {dag.py:4180} INFO - Setting next_dagrun for data_ingestion_dag to None, run_after=None
[2024-10-03T17:11:04.051+0530] {processor.py:208} INFO - Processing /home/username/blackstraw/airflow/airflow/dags/data_ingestion_dag.py took 1.701 seconds
[2024-10-03T17:11:37.822+0530] {processor.py:186} INFO - Started process (PID=24689) to work on /home/username/blackstraw/airflow/airflow/dags/data_ingestion_dag.py
[2024-10-03T17:11:37.825+0530] {processor.py:914} INFO - Processing file /home/username/blackstraw/airflow/airflow/dags/data_ingestion_dag.py for tasks to queue
[2024-10-03T17:11:37.827+0530] {logging_mixin.py:190} INFO - [2024-10-03T17:11:37.827+0530] {dagbag.py:588} INFO - Filling up the DagBag from /home/username/blackstraw/airflow/airflow/dags/data_ingestion_dag.py
[2024-10-03T17:11:39.617+0530] {processor.py:925} INFO - DAG(s) 'data_ingestion_dag' retrieved from /home/username/blackstraw/airflow/airflow/dags/data_ingestion_dag.py
[2024-10-03T17:11:39.632+0530] {logging_mixin.py:190} INFO - [2024-10-03T17:11:39.632+0530] {dag.py:3239} INFO - Sync 1 DAGs
[2024-10-03T17:11:39.642+0530] {logging_mixin.py:190} INFO - [2024-10-03T17:11:39.642+0530] {dag.py:4180} INFO - Setting next_dagrun for data_ingestion_dag to None, run_after=None
[2024-10-03T17:11:39.668+0530] {processor.py:208} INFO - Processing /home/username/blackstraw/airflow/airflow/dags/data_ingestion_dag.py took 1.852 seconds
[2024-10-03T17:12:09.876+0530] {processor.py:186} INFO - Started process (PID=24946) to work on /home/username/blackstraw/airflow/airflow/dags/data_ingestion_dag.py
[2024-10-03T17:12:09.878+0530] {processor.py:914} INFO - Processing file /home/username/blackstraw/airflow/airflow/dags/data_ingestion_dag.py for tasks to queue
[2024-10-03T17:12:09.880+0530] {logging_mixin.py:190} INFO - [2024-10-03T17:12:09.879+0530] {dagbag.py:588} INFO - Filling up the DagBag from /home/username/blackstraw/airflow/airflow/dags/data_ingestion_dag.py
[2024-10-03T17:12:11.658+0530] {processor.py:925} INFO - DAG(s) 'data_ingestion_dag' retrieved from /home/username/blackstraw/airflow/airflow/dags/data_ingestion_dag.py
[2024-10-03T17:12:11.673+0530] {logging_mixin.py:190} INFO - [2024-10-03T17:12:11.672+0530] {dag.py:3239} INFO - Sync 1 DAGs
[2024-10-03T17:12:11.682+0530] {logging_mixin.py:190} INFO - [2024-10-03T17:12:11.682+0530] {dag.py:4180} INFO - Setting next_dagrun for data_ingestion_dag to None, run_after=None
[2024-10-03T17:12:11.712+0530] {processor.py:208} INFO - Processing /home/username/blackstraw/airflow/airflow/dags/data_ingestion_dag.py took 1.841 seconds
[2024-10-03T17:12:40.223+0530] {processor.py:186} INFO - Started process (PID=25093) to work on /home/username/blackstraw/airflow/airflow/dags/data_ingestion_dag.py
[2024-10-03T17:12:40.226+0530] {processor.py:914} INFO - Processing file /home/username/blackstraw/airflow/airflow/dags/data_ingestion_dag.py for tasks to queue
[2024-10-03T17:12:40.230+0530] {logging_mixin.py:190} INFO - [2024-10-03T17:12:40.229+0530] {dagbag.py:588} INFO - Filling up the DagBag from /home/username/blackstraw/airflow/airflow/dags/data_ingestion_dag.py
[2024-10-03T17:12:42.063+0530] {processor.py:925} INFO - DAG(s) 'data_ingestion_dag' retrieved from /home/username/blackstraw/airflow/airflow/dags/data_ingestion_dag.py
[2024-10-03T17:12:42.075+0530] {logging_mixin.py:190} INFO - [2024-10-03T17:12:42.075+0530] {dag.py:3239} INFO - Sync 1 DAGs
[2024-10-03T17:12:42.085+0530] {logging_mixin.py:190} INFO - [2024-10-03T17:12:42.085+0530] {dag.py:4180} INFO - Setting next_dagrun for data_ingestion_dag to None, run_after=None
[2024-10-03T17:12:42.117+0530] {processor.py:208} INFO - Processing /home/username/blackstraw/airflow/airflow/dags/data_ingestion_dag.py took 1.905 seconds
[2024-10-03T17:12:58.898+0530] {processor.py:186} INFO - Started process (PID=25276) to work on /home/username/blackstraw/airflow/airflow/dags/data_ingestion_dag.py
[2024-10-03T17:12:58.900+0530] {processor.py:914} INFO - Processing file /home/username/blackstraw/airflow/airflow/dags/data_ingestion_dag.py for tasks to queue
[2024-10-03T17:12:58.902+0530] {logging_mixin.py:190} INFO - [2024-10-03T17:12:58.901+0530] {dagbag.py:588} INFO - Filling up the DagBag from /home/username/blackstraw/airflow/airflow/dags/data_ingestion_dag.py
[2024-10-03T17:13:00.599+0530] {processor.py:925} INFO - DAG(s) 'data_ingestion_dag' retrieved from /home/username/blackstraw/airflow/airflow/dags/data_ingestion_dag.py
[2024-10-03T17:13:00.615+0530] {logging_mixin.py:190} INFO - [2024-10-03T17:13:00.614+0530] {dag.py:3239} INFO - Sync 1 DAGs
[2024-10-03T17:13:00.625+0530] {logging_mixin.py:190} INFO - [2024-10-03T17:13:00.624+0530] {dag.py:4180} INFO - Setting next_dagrun for data_ingestion_dag to None, run_after=None
[2024-10-03T17:13:00.651+0530] {processor.py:208} INFO - Processing /home/username/blackstraw/airflow/airflow/dags/data_ingestion_dag.py took 1.760 seconds
[2024-10-03T17:13:31.413+0530] {processor.py:186} INFO - Started process (PID=25583) to work on /home/username/blackstraw/airflow/airflow/dags/data_ingestion_dag.py
[2024-10-03T17:13:31.414+0530] {processor.py:914} INFO - Processing file /home/username/blackstraw/airflow/airflow/dags/data_ingestion_dag.py for tasks to queue
[2024-10-03T17:13:31.417+0530] {logging_mixin.py:190} INFO - [2024-10-03T17:13:31.417+0530] {dagbag.py:588} INFO - Filling up the DagBag from /home/username/blackstraw/airflow/airflow/dags/data_ingestion_dag.py
[2024-10-03T17:13:33.216+0530] {processor.py:925} INFO - DAG(s) 'data_ingestion_dag' retrieved from /home/username/blackstraw/airflow/airflow/dags/data_ingestion_dag.py
[2024-10-03T17:13:33.230+0530] {logging_mixin.py:190} INFO - [2024-10-03T17:13:33.230+0530] {dag.py:3239} INFO - Sync 1 DAGs
[2024-10-03T17:13:33.240+0530] {logging_mixin.py:190} INFO - [2024-10-03T17:13:33.239+0530] {dag.py:4180} INFO - Setting next_dagrun for data_ingestion_dag to None, run_after=None
[2024-10-03T17:13:33.267+0530] {processor.py:208} INFO - Processing /home/username/blackstraw/airflow/airflow/dags/data_ingestion_dag.py took 1.860 seconds
[2024-10-03T17:14:06.048+0530] {processor.py:186} INFO - Started process (PID=26035) to work on /home/username/blackstraw/airflow/airflow/dags/data_ingestion_dag.py
[2024-10-03T17:14:06.049+0530] {processor.py:914} INFO - Processing file /home/username/blackstraw/airflow/airflow/dags/data_ingestion_dag.py for tasks to queue
[2024-10-03T17:14:06.051+0530] {logging_mixin.py:190} INFO - [2024-10-03T17:14:06.050+0530] {dagbag.py:588} INFO - Filling up the DagBag from /home/username/blackstraw/airflow/airflow/dags/data_ingestion_dag.py
[2024-10-03T17:14:07.687+0530] {processor.py:925} INFO - DAG(s) 'data_ingestion_dag' retrieved from /home/username/blackstraw/airflow/airflow/dags/data_ingestion_dag.py
[2024-10-03T17:14:07.700+0530] {logging_mixin.py:190} INFO - [2024-10-03T17:14:07.700+0530] {dag.py:3239} INFO - Sync 1 DAGs
[2024-10-03T17:14:07.708+0530] {logging_mixin.py:190} INFO - [2024-10-03T17:14:07.708+0530] {dag.py:4180} INFO - Setting next_dagrun for data_ingestion_dag to None, run_after=None
[2024-10-03T17:14:07.736+0530] {processor.py:208} INFO - Processing /home/username/blackstraw/airflow/airflow/dags/data_ingestion_dag.py took 1.693 seconds
[2024-10-03T17:14:38.407+0530] {processor.py:186} INFO - Started process (PID=26315) to work on /home/username/blackstraw/airflow/airflow/dags/data_ingestion_dag.py
[2024-10-03T17:14:38.409+0530] {processor.py:914} INFO - Processing file /home/username/blackstraw/airflow/airflow/dags/data_ingestion_dag.py for tasks to queue
[2024-10-03T17:14:38.411+0530] {logging_mixin.py:190} INFO - [2024-10-03T17:14:38.411+0530] {dagbag.py:588} INFO - Filling up the DagBag from /home/username/blackstraw/airflow/airflow/dags/data_ingestion_dag.py
[2024-10-03T17:14:40.116+0530] {processor.py:925} INFO - DAG(s) 'data_ingestion_dag' retrieved from /home/username/blackstraw/airflow/airflow/dags/data_ingestion_dag.py
[2024-10-03T17:14:40.130+0530] {logging_mixin.py:190} INFO - [2024-10-03T17:14:40.130+0530] {dag.py:3239} INFO - Sync 1 DAGs
[2024-10-03T17:14:40.141+0530] {logging_mixin.py:190} INFO - [2024-10-03T17:14:40.140+0530] {dag.py:4180} INFO - Setting next_dagrun for data_ingestion_dag to None, run_after=None
[2024-10-03T17:14:40.168+0530] {processor.py:208} INFO - Processing /home/username/blackstraw/airflow/airflow/dags/data_ingestion_dag.py took 1.767 seconds
[2024-10-03T17:15:10.894+0530] {processor.py:186} INFO - Started process (PID=26452) to work on /home/username/blackstraw/airflow/airflow/dags/data_ingestion_dag.py
[2024-10-03T17:15:10.897+0530] {processor.py:914} INFO - Processing file /home/username/blackstraw/airflow/airflow/dags/data_ingestion_dag.py for tasks to queue
[2024-10-03T17:15:10.899+0530] {logging_mixin.py:190} INFO - [2024-10-03T17:15:10.899+0530] {dagbag.py:588} INFO - Filling up the DagBag from /home/username/blackstraw/airflow/airflow/dags/data_ingestion_dag.py
[2024-10-03T17:15:12.613+0530] {processor.py:925} INFO - DAG(s) 'data_ingestion_dag' retrieved from /home/username/blackstraw/airflow/airflow/dags/data_ingestion_dag.py
[2024-10-03T17:15:12.625+0530] {logging_mixin.py:190} INFO - [2024-10-03T17:15:12.625+0530] {dag.py:3239} INFO - Sync 1 DAGs
[2024-10-03T17:15:12.635+0530] {logging_mixin.py:190} INFO - [2024-10-03T17:15:12.635+0530] {dag.py:4180} INFO - Setting next_dagrun for data_ingestion_dag to None, run_after=None
[2024-10-03T17:15:12.660+0530] {processor.py:208} INFO - Processing /home/username/blackstraw/airflow/airflow/dags/data_ingestion_dag.py took 1.772 seconds
[2024-10-03T17:15:42.830+0530] {processor.py:186} INFO - Started process (PID=26642) to work on /home/username/blackstraw/airflow/airflow/dags/data_ingestion_dag.py
[2024-10-03T17:15:42.832+0530] {processor.py:914} INFO - Processing file /home/username/blackstraw/airflow/airflow/dags/data_ingestion_dag.py for tasks to queue
[2024-10-03T17:15:42.833+0530] {logging_mixin.py:190} INFO - [2024-10-03T17:15:42.833+0530] {dagbag.py:588} INFO - Filling up the DagBag from /home/username/blackstraw/airflow/airflow/dags/data_ingestion_dag.py
[2024-10-03T17:15:44.577+0530] {processor.py:925} INFO - DAG(s) 'data_ingestion_dag' retrieved from /home/username/blackstraw/airflow/airflow/dags/data_ingestion_dag.py
[2024-10-03T17:15:44.595+0530] {logging_mixin.py:190} INFO - [2024-10-03T17:15:44.595+0530] {dag.py:3239} INFO - Sync 1 DAGs
[2024-10-03T17:15:44.607+0530] {logging_mixin.py:190} INFO - [2024-10-03T17:15:44.606+0530] {dag.py:4180} INFO - Setting next_dagrun for data_ingestion_dag to None, run_after=None
[2024-10-03T17:15:44.635+0530] {processor.py:208} INFO - Processing /home/username/blackstraw/airflow/airflow/dags/data_ingestion_dag.py took 1.810 seconds
[2024-10-03T17:16:15.330+0530] {processor.py:186} INFO - Started process (PID=27016) to work on /home/username/blackstraw/airflow/airflow/dags/data_ingestion_dag.py
[2024-10-03T17:16:15.332+0530] {processor.py:914} INFO - Processing file /home/username/blackstraw/airflow/airflow/dags/data_ingestion_dag.py for tasks to queue
[2024-10-03T17:16:15.335+0530] {logging_mixin.py:190} INFO - [2024-10-03T17:16:15.335+0530] {dagbag.py:588} INFO - Filling up the DagBag from /home/username/blackstraw/airflow/airflow/dags/data_ingestion_dag.py
[2024-10-03T17:16:17.050+0530] {processor.py:925} INFO - DAG(s) 'data_ingestion_dag' retrieved from /home/username/blackstraw/airflow/airflow/dags/data_ingestion_dag.py
[2024-10-03T17:16:17.064+0530] {logging_mixin.py:190} INFO - [2024-10-03T17:16:17.063+0530] {dag.py:3239} INFO - Sync 1 DAGs
[2024-10-03T17:16:17.072+0530] {logging_mixin.py:190} INFO - [2024-10-03T17:16:17.072+0530] {dag.py:4180} INFO - Setting next_dagrun for data_ingestion_dag to None, run_after=None
[2024-10-03T17:16:17.100+0530] {processor.py:208} INFO - Processing /home/username/blackstraw/airflow/airflow/dags/data_ingestion_dag.py took 1.777 seconds
[2024-10-03T17:16:47.256+0530] {processor.py:186} INFO - Started process (PID=27333) to work on /home/username/blackstraw/airflow/airflow/dags/data_ingestion_dag.py
[2024-10-03T17:16:47.257+0530] {processor.py:914} INFO - Processing file /home/username/blackstraw/airflow/airflow/dags/data_ingestion_dag.py for tasks to queue
[2024-10-03T17:16:47.259+0530] {logging_mixin.py:190} INFO - [2024-10-03T17:16:47.259+0530] {dagbag.py:588} INFO - Filling up the DagBag from /home/username/blackstraw/airflow/airflow/dags/data_ingestion_dag.py
[2024-10-03T17:16:49.033+0530] {processor.py:925} INFO - DAG(s) 'data_ingestion_dag' retrieved from /home/username/blackstraw/airflow/airflow/dags/data_ingestion_dag.py
[2024-10-03T17:16:49.047+0530] {logging_mixin.py:190} INFO - [2024-10-03T17:16:49.047+0530] {dag.py:3239} INFO - Sync 1 DAGs
[2024-10-03T17:16:49.056+0530] {logging_mixin.py:190} INFO - [2024-10-03T17:16:49.056+0530] {dag.py:4180} INFO - Setting next_dagrun for data_ingestion_dag to None, run_after=None
[2024-10-03T17:16:49.084+0530] {processor.py:208} INFO - Processing /home/username/blackstraw/airflow/airflow/dags/data_ingestion_dag.py took 1.836 seconds
[2024-10-03T17:17:19.264+0530] {processor.py:186} INFO - Started process (PID=27475) to work on /home/username/blackstraw/airflow/airflow/dags/data_ingestion_dag.py
[2024-10-03T17:17:19.265+0530] {processor.py:914} INFO - Processing file /home/username/blackstraw/airflow/airflow/dags/data_ingestion_dag.py for tasks to queue
[2024-10-03T17:17:19.267+0530] {logging_mixin.py:190} INFO - [2024-10-03T17:17:19.267+0530] {dagbag.py:588} INFO - Filling up the DagBag from /home/username/blackstraw/airflow/airflow/dags/data_ingestion_dag.py
[2024-10-03T17:17:21.027+0530] {processor.py:925} INFO - DAG(s) 'data_ingestion_dag' retrieved from /home/username/blackstraw/airflow/airflow/dags/data_ingestion_dag.py
[2024-10-03T17:17:21.047+0530] {logging_mixin.py:190} INFO - [2024-10-03T17:17:21.047+0530] {dag.py:3239} INFO - Sync 1 DAGs
[2024-10-03T17:17:21.060+0530] {logging_mixin.py:190} INFO - [2024-10-03T17:17:21.060+0530] {dag.py:4180} INFO - Setting next_dagrun for data_ingestion_dag to None, run_after=None
[2024-10-03T17:17:21.088+0530] {processor.py:208} INFO - Processing /home/username/blackstraw/airflow/airflow/dags/data_ingestion_dag.py took 1.831 seconds
